This is pdfTeX, Version 3.1415926-1.40.10 (TeX Live 2009/Debian) (format=pdflatex 2011.7.26)  12 MAY 2012 22:04
entering extended mode
 %&-line parsing enabled.
**SAProjectM.tex
(./SAProjectM.tex
LaTeX2e <2009/09/24>
Babel <v3.8l> and hyphenation patterns for english, usenglishmax, dumylang, noh
yphenation, loaded.
(/usr/share/texmf-texlive/tex/latex/base/article.cls
Document Class: article 2007/10/19 v1.4h Standard LaTeX document class
(/usr/share/texmf-texlive/tex/latex/base/size10.clo
File: size10.clo 2007/10/19 v1.4h Standard LaTeX file (size option)
)
\c@part=\count79
\c@section=\count80
\c@subsection=\count81
\c@subsubsection=\count82
\c@paragraph=\count83
\c@subparagraph=\count84
\c@figure=\count85
\c@table=\count86
\abovecaptionskip=\skip41
\belowcaptionskip=\skip42
\bibindent=\dimen102
)
(/usr/share/texmf-texlive/tex/generic/babel/babel.sty
Package: babel 2008/07/06 v3.8l The Babel package

(/usr/share/texmf-texlive/tex/generic/babel/english.ldf
Language: english 2005/03/30 v3.3o English support from the babel system

(/usr/share/texmf-texlive/tex/generic/babel/babel.def
File: babel.def 2008/07/06 v3.8l Babel common definitions
\babel@savecnt=\count87
\U@D=\dimen103
)
\l@british = a dialect from \language\l@english 
\l@UKenglish = a dialect from \language\l@english 
\l@canadian = a dialect from \language\l@american 
\l@australian = a dialect from \language\l@british 
\l@newzealand = a dialect from \language\l@british 
))
(/usr/share/texmf-texlive/tex/latex/hyperref/hyperref.sty
Package: hyperref 2009/10/09 v6.79a Hypertext links for LaTeX

(/usr/share/texmf-texlive/tex/latex/graphics/keyval.sty
Package: keyval 1999/03/16 v1.13 key=value parser (DPC)
\KV@toks@=\toks14
)
(/usr/share/texmf-texlive/tex/generic/oberdiek/ifpdf.sty
Package: ifpdf 2009/04/10 v2.0 Provides the ifpdf switch (HO)
Package ifpdf Info: pdfTeX in pdf mode detected.
)
(/usr/share/texmf-texlive/tex/generic/oberdiek/ifvtex.sty
Package: ifvtex 2008/11/04 v1.4 Switches for detecting VTeX and its modes (HO)
Package ifvtex Info: VTeX not detected.
)
(/usr/share/texmf-texlive/tex/generic/ifxetex/ifxetex.sty
Package: ifxetex 2009/01/23 v0.5 Provides ifxetex conditional
)
(/usr/share/texmf-texlive/tex/latex/oberdiek/hycolor.sty
Package: hycolor 2009/10/02 v1.5 Code for color options of hyperref/bookmark (H
O)

(/usr/share/texmf-texlive/tex/latex/oberdiek/xcolor-patch.sty
Package: xcolor-patch 2009/10/02 xcolor patch
))
\@linkdim=\dimen104
\Hy@linkcounter=\count88
\Hy@pagecounter=\count89

(/usr/share/texmf-texlive/tex/latex/hyperref/pd1enc.def
File: pd1enc.def 2009/10/09 v6.79a Hyperref: PDFDocEncoding definition (HO)
)
(/usr/share/texmf-texlive/tex/generic/oberdiek/etexcmds.sty
Package: etexcmds 2007/12/12 v1.2 Prefix for e-TeX command names (HO)

(/usr/share/texmf-texlive/tex/generic/oberdiek/infwarerr.sty
Package: infwarerr 2007/09/09 v1.2 Providing info/warning/message (HO)
)
Package etexcmds Info: Could not find \expanded.
(etexcmds)             That can mean that you are not using pdfTeX 1.50 or
(etexcmds)             that some package has redefined \expanded.
(etexcmds)             In the latter case, load this package earlier.
)
(/usr/share/texmf-texlive/tex/latex/latexconfig/hyperref.cfg
File: hyperref.cfg 2002/06/06 v1.2 hyperref configuration of TeXLive
)
(/usr/share/texmf-texlive/tex/latex/oberdiek/kvoptions.sty
Package: kvoptions 2009/08/13 v3.4 Keyval support for LaTeX options (HO)

(/usr/share/texmf-texlive/tex/generic/oberdiek/kvsetkeys.sty
Package: kvsetkeys 2009/07/30 v1.5 Key value parser with default handler suppor
t (HO)
))
Package hyperref Info: Option `bookmarks' set `true' on input line 2864.
Package hyperref Info: Option `bookmarksnumbered' set `false' on input line 286
4.
Package hyperref Info: Option `bookmarksopen' set `false' on input line 2864.
Package hyperref Info: Option `breaklinks' set `false' on input line 2864.
Package hyperref Info: Option `colorlinks' set `true' on input line 2864.
Package hyperref Info: Hyper figures OFF on input line 2975.
Package hyperref Info: Link nesting OFF on input line 2980.
Package hyperref Info: Hyper index ON on input line 2983.
Package hyperref Info: Plain pages OFF on input line 2990.
Package hyperref Info: Backreferencing OFF on input line 2995.

Implicit mode ON; LaTeX internals redefined
Package hyperref Info: Bookmarks ON on input line 3191.
(/usr/share/texmf-texlive/tex/latex/ltxmisc/url.sty
\Urlmuskip=\muskip10
Package: url 2006/04/12  ver 3.3  Verb mode for urls, etc.
)
LaTeX Info: Redefining \url on input line 3428.

(/usr/share/texmf-texlive/tex/generic/oberdiek/bitset.sty
Package: bitset 2007/09/28 v1.0 Data type bit set (HO)

(/usr/share/texmf-texlive/tex/generic/oberdiek/intcalc.sty
Package: intcalc 2007/09/27 v1.1 Expandable integer calculations (HO)
)
(/usr/share/texmf-texlive/tex/generic/oberdiek/bigintcalc.sty
Package: bigintcalc 2007/11/11 v1.1 Expandable big integer calculations (HO)

(/usr/share/texmf-texlive/tex/generic/oberdiek/pdftexcmds.sty
Package: pdftexcmds 2009/09/23 v0.6 LuaTeX support for pdfTeX utility functions
 (HO)

(/usr/share/texmf-texlive/tex/generic/oberdiek/ifluatex.sty
Package: ifluatex 2009/04/17 v1.2 Provides the ifluatex switch (HO)
Package ifluatex Info: LuaTeX not detected.
)
(/usr/share/texmf-texlive/tex/generic/oberdiek/ltxcmds.sty
Package: ltxcmds 2009/08/05 v1.0 Some LaTeX kernel commands for general use (HO
)
)
Package pdftexcmds Info: LuaTeX not detected.
Package pdftexcmds Info: \pdf@primitive is available.
Package pdftexcmds Info: \pdf@ifprimitive is available.
)))
\Fld@menulength=\count90
\Field@Width=\dimen105
\Fld@charsize=\dimen106
\Field@toks=\toks15
Package hyperref Info: Hyper figures OFF on input line 4377.
Package hyperref Info: Link nesting OFF on input line 4382.
Package hyperref Info: Hyper index ON on input line 4385.
Package hyperref Info: backreferencing OFF on input line 4392.
Package hyperref Info: Link coloring ON on input line 4395.
Package hyperref Info: Link coloring with OCG OFF on input line 4402.
Package hyperref Info: PDF/A mode OFF on input line 4407.

(/usr/share/texmf-texlive/tex/generic/oberdiek/atbegshi.sty
Package: atbegshi 2008/07/31 v1.9 At begin shipout hook (HO)
)
\Hy@abspage=\count91
\c@Item=\count92
\c@Hfootnote=\count93
)
*hyperref using default driver hpdftex*
(/usr/share/texmf-texlive/tex/latex/hyperref/hpdftex.def
File: hpdftex.def 2009/10/09 v6.79a Hyperref driver for pdfTeX
\Fld@listcount=\count94
)
(/usr/share/texmf-texlive/tex/latex/graphics/color.sty
Package: color 2005/11/14 v1.0j Standard LaTeX Color (DPC)

(/etc/texmf/tex/latex/config/color.cfg
File: color.cfg 2007/01/18 v1.5 color configuration of teTeX/TeXLive
)
Package color Info: Driver file: pdftex.def on input line 130.

(/usr/share/texmf-texlive/tex/latex/pdftex-def/pdftex.def
File: pdftex.def 2010/03/12 v0.04p Graphics/color for pdfTeX
\Gread@gobject=\count95
))
(/usr/share/texmf-texlive/tex/latex/geometry/geometry.sty
Package: geometry 2008/12/21 v4.2 Page Geometry
\Gm@cnth=\count96
\Gm@cntv=\count97
\c@Gm@tempcnt=\count98
\Gm@bindingoffset=\dimen107
\Gm@wd@mp=\dimen108
\Gm@odd@mp=\dimen109
\Gm@even@mp=\dimen110
\Gm@dimlist=\toks16
)
(/usr/share/texmf-texlive/tex/latex/mdwtools/mdwlist.sty
Package: mdwlist 1996/05/02 1.1 Various list-related things
)
(/usr/share/texmf-texlive/tex/latex/graphics/graphicx.sty
Package: graphicx 1999/02/16 v1.0f Enhanced LaTeX Graphics (DPC,SPQR)

(/usr/share/texmf-texlive/tex/latex/graphics/graphics.sty
Package: graphics 2009/02/05 v1.0o Standard LaTeX Graphics (DPC,SPQR)

(/usr/share/texmf-texlive/tex/latex/graphics/trig.sty
Package: trig 1999/03/16 v1.09 sin cos tan (DPC)
)
(/etc/texmf/tex/latex/config/graphics.cfg
File: graphics.cfg 2009/08/28 v1.8 graphics configuration of TeX Live
)
Package graphics Info: Driver file: pdftex.def on input line 91.
)
\Gin@req@height=\dimen111
\Gin@req@width=\dimen112
)
(/usr/share/texmf-texlive/tex/latex/caption/caption.sty
Package: caption 2009/10/09 v3.1k Customizing captions (AR)

(/usr/share/texmf-texlive/tex/latex/caption/caption3.sty
Package: caption3 2009/10/09 v3.1k caption3 kernel (AR)
\captionmargin=\dimen113
\captionmargin@=\dimen114
\captionwidth=\dimen115
\caption@indent=\dimen116
\caption@parindent=\dimen117
\caption@hangindent=\dimen118
)
\c@ContinuedFloat=\count99
Package caption Info: hyperref package is loaded.
)
(/usr/share/texmf-texlive/tex/latex/tools/longtable.sty
Package: longtable 2004/02/01 v4.11 Multi-page Table package (DPC)
\LTleft=\skip43
\LTright=\skip44
\LTpre=\skip45
\LTpost=\skip46
\LTchunksize=\count100
\LTcapwidth=\dimen119
\LT@head=\box26
\LT@firsthead=\box27
\LT@foot=\box28
\LT@lastfoot=\box29
\LT@cols=\count101
\LT@rows=\count102
\c@LT@tables=\count103
\c@LT@chunks=\count104
\LT@p@ftn=\toks17
)
(/usr/share/texmf-texlive/tex/latex/tools/multicol.sty
Package: multicol 2008/12/05 v1.6h multicolumn formatting (FMi)
\c@tracingmulticols=\count105
\mult@box=\box30
\multicol@leftmargin=\dimen120
\c@unbalance=\count106
\c@collectmore=\count107
\doublecol@number=\count108
\multicoltolerance=\count109
\multicolpretolerance=\count110
\full@width=\dimen121
\page@free=\dimen122
\premulticols=\dimen123
\postmulticols=\dimen124
\multicolsep=\skip47
\multicolbaselineskip=\skip48
\partial@page=\box31
\last@line=\box32
\mult@rightbox=\box33
\mult@grightbox=\box34
\mult@gfirstbox=\box35
\mult@firstbox=\box36
\@tempa=\box37
\@tempa=\box38
\@tempa=\box39
\@tempa=\box40
\@tempa=\box41
\@tempa=\box42
\@tempa=\box43
\@tempa=\box44
\@tempa=\box45
\@tempa=\box46
\@tempa=\box47
\@tempa=\box48
\@tempa=\box49
\@tempa=\box50
\@tempa=\box51
\@tempa=\box52
\@tempa=\box53
\c@columnbadness=\count111
\c@finalcolumnbadness=\count112
\last@try=\dimen125
\multicolovershoot=\dimen126
\multicolundershoot=\dimen127
\mult@nat@firstbox=\box54
\colbreak@box=\box55
)
(/usr/share/texmf-texlive/tex/latex/booktabs/booktabs.sty
Package: booktabs 2005/04/14 v1.61803 publication quality tables
\heavyrulewidth=\dimen128
\lightrulewidth=\dimen129
\cmidrulewidth=\dimen130
\belowrulesep=\dimen131
\belowbottomsep=\dimen132
\aboverulesep=\dimen133
\abovetopsep=\dimen134
\cmidrulesep=\dimen135
\cmidrulekern=\dimen136
\defaultaddspace=\dimen137
\@cmidla=\count113
\@cmidlb=\count114
\@aboverulesep=\dimen138
\@belowrulesep=\dimen139
\@thisruleclass=\count115
\@lastruleclass=\count116
\@thisrulewidth=\dimen140
)
(/usr/share/texmf-texlive/tex/latex/sttools/stfloats.sty
Package: stfloats 1999/10/22
\@dblbotnum=\count117
\c@dblbotnumber=\count118
)
(/usr/share/texmf-texlive/tex/latex/ltxmisc/parskip.sty
Package: parskip 2001/04/09 non-zero parskip adjustments
)
(/usr/share/texmf-texlive/tex/latex/tools/verbatim.sty
Package: verbatim 2003/08/22 v1.5q LaTeX2e package for verbatim enhancements
\every@verbatim=\toks18
\verbatim@line=\toks19
\verbatim@in@stream=\read1
)
(/usr/share/texmf-texlive/tex/latex/listings/listings.sty
\lst@mode=\count119
\lst@gtempboxa=\box56
\lst@token=\toks20
\lst@length=\count120
\lst@currlwidth=\dimen141
\lst@column=\count121
\lst@pos=\count122
\lst@lostspace=\dimen142
\lst@width=\dimen143
\lst@newlines=\count123
\lst@lineno=\count124
\lst@maxwidth=\dimen144

(/usr/share/texmf-texlive/tex/latex/listings/lstmisc.sty
File: lstmisc.sty 2007/02/22 1.4 (Carsten Heinz)
\c@lstnumber=\count125
\lst@skipnumbers=\count126
\lst@framebox=\box57
)
(/usr/share/texmf-texlive/tex/latex/listings/listings.cfg
File: listings.cfg 2007/02/22 1.4 listings configuration
))
Package: listings 2007/02/22 1.4 (Carsten Heinz)

(/usr/share/texmf-texlive/tex/latex/ctable/ctable.sty
Package: ctable 2009/09/17 v1.15 ctable package

(/usr/share/texmf-texlive/tex/latex/xkeyval/xkeyval.sty
Package: xkeyval 2008/08/13 v2.6a package option processing (HA)

(/usr/share/texmf-texlive/tex/generic/xkeyval/xkeyval.tex
\XKV@toks=\toks21
\XKV@tempa@toks=\toks22
\XKV@depth=\count127
File: xkeyval.tex 2008/08/13 v2.6a key=value parser (HA)
))
(/usr/share/texmf-texlive/tex/latex/tools/array.sty
Package: array 2008/09/09 v2.4c Tabular extension package (FMi)
\col@sep=\dimen145
\extrarowheight=\dimen146
\NC@list=\toks23
\extratabsurround=\skip49
\backup@length=\skip50
)
(/usr/share/texmf-texlive/tex/latex/tools/tabularx.sty
Package: tabularx 1999/01/07 v2.07 `tabularx' package (DPC)
\TX@col@width=\dimen147
\TX@old@table=\dimen148
\TX@old@col=\dimen149
\TX@target=\dimen150
\TX@delta=\dimen151
\TX@cols=\count128
\TX@ftn=\toks24
)
(/usr/share/texmf-texlive/tex/latex/rotating/rotating.sty
Package: rotating 2009/03/28 v2.16a rotated objects in LaTeX

(/usr/share/texmf-texlive/tex/latex/base/ifthen.sty
Package: ifthen 2001/05/26 v1.1c Standard LaTeX ifthen package (DPC)
)
\c@r@tfl@t=\count129
\rotFPtop=\skip51
\rotFPbot=\skip52
\rot@float@box=\box58
\rot@mess@toks=\toks25
)
\@ctblframesep=\dimen152
\@ctblframerule=\dimen153
\@ctblwidth=\dimen154
\@ctblcaptionskip=\dimen155
\@ctblmaxwidth=\dimen156
\@ctblmincapwidth=\dimen157
\@ctblw=\dimen158
\@ctblfloatwidth=\dimen159
\@ctbloldsep=\dimen160
\@ctbloldrule=\dimen161
\ctbl@t=\box59
)
(/usr/share/texmf-texlive/tex/latex/float/float.sty
Package: float 2001/11/08 v1.3d Float enhancements (AL)
\c@float@type=\count130
\float@exts=\toks26
\float@box=\box60
\@float@everytoks=\toks27
\@floatcapt=\box61
)
(/usr/share/texmf-texlive/tex/latex/listings/lstlang1.sty
File: lstlang1.sty 2004/09/05 1.3 listings language file
)
(/usr/share/texmf-texlive/tex/latex/listings/lstlang2.sty
File: lstlang2.sty 2004/09/05 1.3 listings language file
)
(/usr/share/texmf-texlive/tex/latex/listings/lstlang3.sty
File: lstlang3.sty 2004/09/05 1.3 listings language file
) (./SAProjectM.aux
(./SA-Preface.aux) (./overviewSection.aux) (./domainSection.aux)
(./glossarySection.aux) (./usecaseSection.aux) (./qualityASSection.aux)
(./SA-ADD.aux) (./SA-FinalArchitecture.aux) (./SA-Scenarios.aux)
(./SA-Understanding.aux) (./SA-PrivacyAnalysis.aux) (./SA-ThreatElicitation.aux
) (./SA-prioritization.aux) (./SA-Appendix.aux))
\openout1 = `SAProjectM.aux'.

LaTeX Font Info:    Checking defaults for OML/cmm/m/it on input line 89.
LaTeX Font Info:    ... okay on input line 89.
LaTeX Font Info:    Checking defaults for T1/cmr/m/n on input line 89.
LaTeX Font Info:    ... okay on input line 89.
LaTeX Font Info:    Checking defaults for OT1/cmr/m/n on input line 89.
LaTeX Font Info:    ... okay on input line 89.
LaTeX Font Info:    Checking defaults for OMS/cmsy/m/n on input line 89.
LaTeX Font Info:    ... okay on input line 89.
LaTeX Font Info:    Checking defaults for OMX/cmex/m/n on input line 89.
LaTeX Font Info:    ... okay on input line 89.
LaTeX Font Info:    Checking defaults for U/cmr/m/n on input line 89.
LaTeX Font Info:    ... okay on input line 89.
LaTeX Font Info:    Checking defaults for PD1/pdf/m/n on input line 89.
LaTeX Font Info:    ... okay on input line 89.
Package hyperref Info: Link coloring ON on input line 89.

(/usr/share/texmf-texlive/tex/latex/hyperref/nameref.sty
Package: nameref 2007/05/29 v2.31 Cross-referencing by name of section

(/usr/share/texmf-texlive/tex/latex/oberdiek/refcount.sty
Package: refcount 2008/08/11 v3.1 Data extraction from references (HO)
)
\c@section@level=\count131
)
LaTeX Info: Redefining \ref on input line 89.
LaTeX Info: Redefining \pageref on input line 89.
 (./SAProjectM.out)
(./SAProjectM.out)
\@outlinefile=\write3
\openout3 = `SAProjectM.out'.

\AtBeginShipoutBox=\box62
 (/usr/share/texmf-texlive/tex/context/base/supp-pdf.mkii
[Loading MPS to PDF converter (version 2006.09.02).]
\scratchcounter=\count132
\scratchdimen=\dimen162
\scratchbox=\box63
\nofMPsegments=\count133
\nofMParguments=\count134
\everyMPshowfont=\toks28
\MPscratchCnt=\count135
\MPscratchDim=\dimen163
\MPnumerator=\count136
\everyMPtoPDFconversion=\toks29
)
*geometry auto-detecting driver*
*geometry detected driver: pdftex*
-------------------- Geometry parameters
paper: a4paper
landscape: --
twocolumn: --
twoside: --
asymmetric: --
h-parts: 85.35826pt, 426.79135pt, 85.35826pt
v-parts: 85.35826pt, 674.33032pt, 85.35826pt
hmarginratio: --
vmarginratio: --
lines: --
heightrounded: --
bindingoffset: 0.0pt
truedimen: --
includehead: --
includefoot: --
includemp: --
driver: pdftex
-------------------- Page layout dimensions and switches
\paperwidth  597.50787pt
\paperheight 845.04684pt
\textwidth  426.79135pt
\textheight 674.33032pt
\oddsidemargin  13.08827pt
\evensidemargin 13.08827pt
\topmargin  -23.91173pt
\headheight 12.0pt
\headsep    25.0pt
\footskip   30.0pt
\marginparwidth 57.0pt
\marginparsep   11.0pt
\columnsep  10.0pt
\skip\footins  9.0pt plus 4.0pt minus 2.0pt
\hoffset 0.0pt
\voffset 0.0pt
\mag 1000

(1in=72.27pt, 1cm=28.45pt)
-----------------------
Package caption Info: Begin \AtBeginDocument code.
Package caption Info: float package is loaded.
Package caption Info: listings package is loaded.
Package caption Info: longtable package is loaded.
(/usr/share/texmf-texlive/tex/latex/caption/ltcaption.sty
Package: ltcaption 2008/03/28 v1.2 longtable captions (AR)
)
Package caption Info: rotating package is loaded.
Package caption Info: End \AtBeginDocument code.
\c@lstlisting=\count137
LaTeX Font Info:    External font `cmex10' loaded for size
(Font)              <12> on input line 90.
LaTeX Font Info:    External font `cmex10' loaded for size
(Font)              <8> on input line 90.
LaTeX Font Info:    External font `cmex10' loaded for size
(Font)              <6> on input line 90.
 [1

{/var/lib/texmf/fonts/map/pdftex/updmap/pdftex.map}] (./SAProjectM.toc
LaTeX Font Info:    External font `cmex10' loaded for size
(Font)              <7> on input line 5.
LaTeX Font Info:    External font `cmex10' loaded for size
(Font)              <5> on input line 5.
 [2

] [3] [4] [5] [6]
[7] [8] [9])
\tf@toc=\write4
\openout4 = `SAProjectM.toc'.

 [10] (./SAProjectM.lof)
\tf@lof=\write5
\openout5 = `SAProjectM.lof'.

 [11

]
\openout2 = `SA-Preface.aux'.

 (./SA-Preface.tex) [12


]
\openout2 = `overviewSection.aux'.


(./overviewSection.tex) [13


]
\openout2 = `domainSection.aux'.

 (./domainSection.tex
<../design/ADD/domainModelUpdated.jpg, id=2508, 1200.485pt x 969.6225pt>
File: ../design/ADD/domainModelUpdated.jpg Graphic file (type jpg)

<use ../design/ADD/domainModelUpdated.jpg> [14


] [15 <../design/ADD/domainModelUpdated.jpg>]
LaTeX Font Info:    Try loading font information for OML+cmr on input line 34.
 (/usr/share/texmf-texlive/tex/latex/base/omlcmr.fd
File: omlcmr.fd 1999/05/25 v2.5h Standard LaTeX font definitions
)
LaTeX Font Info:    Font shape `OML/cmr/m/n' in size <10> not available
(Font)              Font shape `OML/cmm/m/it' tried instead on input line 34.

Overfull \hbox (17.21317pt too wide) in paragraph at lines 37--39
[][][][][][][][][][][][][][][][][][] 
 []

) [16]
\openout2 = `glossarySection.aux'.

 (./glossarySection.tex [17



] [18]) [19]
\openout2 = `usecaseSection.aux'.

 (./usecaseSection.tex
<../design/ADD/ucDiagram.jpg, id=2579, 870.25125pt x 1214.5375pt>
File: ../design/ADD/ucDiagram.jpg Graphic file (type jpg)

<use ../design/ADD/ucDiagram.jpg> (./UC-ProfileCreation.tex [20



 <../design/ADD/ucDiagram.jpg>]) (./UC-ProfileCreationBusiness.tex [21])
(./UC-ProfileAssociation.tex [22]) (./UC-InstallModule.tex [23])
(./UC-MeasurementCheckin.tex [24]) (./UC-Login.tex [25])
(./UC-TransmissionReconfiguration.tex
Underfull \hbox (badness 10000) in paragraph at lines 9--10

 []

[26]) (./UC-AlarmTransmission.tex [27]) (./UC-GasValveShutdown.tex)
(./UC-BillPayment.tex [28]) (./UC-NewBillCreation.tex [29])
(./UC-RemoteControlModuleDeactivation.tex [30]) (./UC-LowBatteryAlarm.tex
[31]) (./UC-BadSignalAlarm.tex [32]) (./UC-ProfileDeletion.tex)) [33]
\openout2 = `qualityASSection.aux'.


(./qualityASSection.tex (./QAS-AV1-ComChannel.tex
LaTeX Font Info:    Try loading font information for OMS+cmr on input line 8.

(/usr/share/texmf-texlive/tex/latex/base/omscmr.fd
File: omscmr.fd 1999/05/25 v2.5h Standard LaTeX font definitions
)
LaTeX Font Info:    Font shape `OMS/cmr/m/n' in size <10> not available
(Font)              Font shape `OMS/cmsy/m/n' tried instead on input line 8.
 [34



])
(./QAS-AV2-WebPortal.tex [35] [36]) (./QAS-AV3-ConsumptionPredictionUpdates.tex
) (./QAS-PF1-ConsumerDataUpdate.tex [37]) (./QAS-PF2-WebPortal.tex [38])
(./QAS-PF3-NewConsumer.tex)) [39]
\openout2 = `SA-ADD.aux'.

 (./SA-ADD.tex (./L0Remes.tex [40


] [41]
<../design/ADD/L0ReMeS-Report-Iteration1.jpg, id=2759, 953.5625pt x 471.7625pt>
File: ../design/ADD/L0ReMeS-Report-Iteration1.jpg Graphic file (type jpg)
<use ../design/ADD/L0ReMeS-Report-Iteration1.jpg> [42 <../design/ADD/L0ReMeS-Re
port-Iteration1.jpg>] [43]) (./L1IncomingGateway.tex [44]
<../design/ADD/L2IncomingGateway.jpg, id=2774, 903.375pt x 772.8875pt>
File: ../design/ADD/L2IncomingGateway.jpg Graphic file (type jpg)

<use ../design/ADD/L2IncomingGateway.jpg> [45 <../design/ADD/L2IncomingGateway.
jpg>]) (./L1SchedulerMeasurementTrame.tex
<../design/ADD/L2IncomingMeasurementScheduler.jpg, id=2779, 893.3375pt x 531.98
75pt>
File: ../design/ADD/L2IncomingMeasurementScheduler.jpg Graphic file (type jpg)
 <use ../design/ADD/L2IncomingMeasurementScheduler.jpg> [46])
(./L1SchedulerAlarmTrame.tex [47 <../design/ADD/L2IncomingMeasurementScheduler.
jpg>]
<../design/ADD/L2IncomingAlarmScheduler.jpg, id=2788, 1043.9pt x 752.8125pt>
File: ../design/ADD/L2IncomingAlarmScheduler.jpg Graphic file (type jpg)

<use ../design/ADD/L2IncomingAlarmScheduler.jpg>) (./L1DataStorage.tex [48 <../
design/ADD/L2IncomingAlarmScheduler.jpg>] [49]
<../design/ADD/L2DataStorage.jpg, id=2798, 933.4875pt x 652.4375pt>
File: ../design/ADD/L2DataStorage.jpg Graphic file (type jpg)

<use ../design/ADD/L2DataStorage.jpg> [50 <../design/ADD/L2DataStorage.jpg>])
(./L1Watchdog.tex
<../design/ADD/L2Watchdog.jpg, id=2803, 692.5875pt x 491.8375pt>
File: ../design/ADD/L2Watchdog.jpg Graphic file (type jpg)

<use ../design/ADD/L2Watchdog.jpg> [51]) (./L2TrameHandler.tex [52 <../design/A
DD/L2Watchdog.jpg>]
<../design/ADD/L3TrameHandler.jpg, id=2812, 511.9125pt x 341.275pt>
File: ../design/ADD/L3TrameHandler.jpg Graphic file (type jpg)

<use ../design/ADD/L3TrameHandler.jpg>) (./L2ReplicatedBuffer.tex [53 <../desig
n/ADD/L3TrameHandler.jpg>]
<../design/ADD/L3Buffer.jpg, id=2817, 622.325pt x 401.5pt>
File: ../design/ADD/L3Buffer.jpg Graphic file (type jpg)

<use ../design/ADD/L3Buffer.jpg>) (./L2DBRequestHandler.tex [54 <../design/ADD/
L3Buffer.jpg>]
<../design/ADD/L3DBRequestHandler.jpg, id=2822, 923.45pt x 602.25pt>
File: ../design/ADD/L3DBRequestHandler.jpg Graphic file (type jpg)

<use ../design/ADD/L3DBRequestHandler.jpg>) (./L1OtherFunctionality1.tex
[55 <../design/ADD/L3DBRequestHandler.jpg>] [56]
<../design/ADD/L0ReMeS-Report-Iteration2.jpg, id=2833, 1575.8875pt x 662.475pt>
File: ../design/ADD/L0ReMeS-Report-Iteration2.jpg Graphic file (type jpg)
<use ../design/ADD/L0ReMeS-Report-Iteration2.jpg> [57] [58 <../design/ADD/L0ReM
eS-Report-Iteration2.jpg>]) (./L1SchedulerOutgoingTrames.tex [59]
<../design/ADD/L2OutgoingTramesScheduler.jpg, id=2846, 933.4875pt x 772.8875pt>
File: ../design/ADD/L2OutgoingTramesScheduler.jpg Graphic file (type jpg)
<use ../design/ADD/L2OutgoingTramesScheduler.jpg>) (./L1UserNotification.tex
[60 <../design/ADD/L2OutgoingTramesScheduler.jpg>]
<../design/ADD/L2UserNotification.jpg, id=2851, 913.4125pt x 883.3pt>
File: ../design/ADD/L2UserNotification.jpg Graphic file (type jpg)

<use ../design/ADD/L2UserNotification.jpg> [61]) (./L1OutgoingGateway.tex
[62 <../design/ADD/L2UserNotification.jpg>]
<../design/ADD/L2OutgoingGateway.jpg, id=2861, 933.4875pt x 652.4375pt>
File: ../design/ADD/L2OutgoingGateway.jpg Graphic file (type jpg)

<use ../design/ADD/L2OutgoingGateway.jpg>) (./L1InvoiceManager.tex [63 <../desi
gn/ADD/L2OutgoingGateway.jpg>]
Underfull \hbox (badness 10000) in paragraph at lines 22--23

 []


Underfull \hbox (badness 10000) in paragraph at lines 23--24

 []

<../design/ADD/L2InvoiceManager.jpg, id=2867, 1084.05pt x 511.9125pt>
File: ../design/ADD/L2InvoiceManager.jpg Graphic file (type jpg)

<use ../design/ADD/L2InvoiceManager.jpg>) (./L0RemesIteration3.tex [64 <../desi
gn/ADD/L2InvoiceManager.jpg>] [65]) (./L1UserInterface.tex [66]
<../design/ADD/L2UserInterface.jpg, id=2880, 1003.75pt x 913.4125pt>
File: ../design/ADD/L2UserInterface.jpg Graphic file (type jpg)

<use ../design/ADD/L2UserInterface.jpg>) (./L1SchedulerConsumption.tex [67 <../
design/ADD/L2UserInterface.jpg>]
<../design/ADD/L2SchedulerPrediction.jpg, id=2886, 1033.8625pt x 803.0pt>
File: ../design/ADD/L2SchedulerPrediction.jpg Graphic file (type jpg)

<use ../design/ADD/L2SchedulerPrediction.jpg> [68])
(./L1ComputationPrediction.tex
<../design/ADD/L2ComputationPrediction.jpg, id=2891, 612.2875pt x 291.0875pt>
File: ../design/ADD/L2ComputationPrediction.jpg Graphic file (type jpg)

<use ../design/ADD/L2ComputationPrediction.jpg>) (./ADDAssumptions.tex [69 <../
design/ADD/L2SchedulerPrediction.jpg> <../design/ADD/L2ComputationPrediction.jp
g>]) (./ADDRemarks.tex [70])) [71]
\openout2 = `SA-FinalArchitecture.aux'.

 (./SA-FinalArchitecture.tex
<../design/ADD/../SA-ContextDiagram.jpg, id=2905, 1074.0125pt x 692.5875pt>
File: ../design/ADD/../SA-ContextDiagram.jpg Graphic file (type jpg)

<use ../design/ADD/../SA-ContextDiagram.jpg>
<../design/ADD/L0ReMeS-Report-Iteration3.jpg, id=2907, 1575.8875pt x 742.775pt>
File: ../design/ADD/L0ReMeS-Report-Iteration3.jpg Graphic file (type jpg)
<use ../design/ADD/L0ReMeS-Report-Iteration3.jpg> [72


 <../design/ADD/../SA-ContextDiagram.jpg>]
Overfull \vbox (56.81252pt too high) has occurred while \output is active []


[73 <../design/ADD/L0ReMeS-Report-Iteration3.jpg>] [74]
<../design/ADD/L2OutgoingGatewayBetter.jpg, id=2929, 1359.0775pt x 592.2125pt>
File: ../design/ADD/L2OutgoingGatewayBetter.jpg Graphic file (type jpg)

<use ../design/ADD/L2OutgoingGatewayBetter.jpg> [75]
<../design/ADD/../SA-DeploymentDiagram.jpg, id=2934, 1515.6625pt x 1104.125pt>
File: ../design/ADD/../SA-DeploymentDiagram.jpg Graphic file (type jpg)

<use ../design/ADD/../SA-DeploymentDiagram.jpg> [76 <../design/ADD/L2OutgoingGa
tewayBetter.jpg>] [77 <../design/ADD/../SA-DeploymentDiagram.jpg>]) [78]
\openout2 = `SA-Scenarios.aux'.


(./SA-Scenarios.tex
<../design/ADD/../SD-UserProfileCreation.jpg, id=2947, 1013.7875pt x 531.9875pt
>
File: ../design/ADD/../SD-UserProfileCreation.jpg Graphic file (type jpg)
 <use ../design/ADD/../SD-UserProfileCreation.jpg>
<../design/ADD/../SD-ProfileAssociation.jpg, id=2948, 923.45pt x 381.425pt>
File: ../design/ADD/../SD-ProfileAssociation.jpg Graphic file (type jpg)

<use ../design/ADD/../SD-ProfileAssociation.jpg> [79


 <../design/ADD/../SD-UserProfileCreation.jpg>]
<../design/ADD/../SD-UpdateMeterManual.jpg, id=2954, 983.675pt x 381.425pt>
File: ../design/ADD/../SD-UpdateMeterManual.jpg Graphic file (type jpg)

<use ../design/ADD/../SD-UpdateMeterManual.jpg>
<../design/ADD/../SD-SendInitialMeasurement.jpg, id=2955, 1302.8675pt x 752.812
5pt>
File: ../design/ADD/../SD-SendInitialMeasurement.jpg Graphic file (type jpg)
 <use ../design/ADD/../SD-SendInitialMeasurement.jpg> [80 <../design/ADD/../SD-
ProfileAssociation.jpg> <../design/ADD/../SD-UpdateMeterManual.jpg>]
<../design/ADD/../SD-TransmissionFreqReconfiguration.jpg, id=2960, 1084.05pt x 
572.1375pt>
File: ../design/ADD/../SD-TransmissionFreqReconfiguration.jpg Graphic file (typ
e jpg)
 <use ../design/ADD/../SD-TransmissionFreqReconfiguration.jpg>
[81 <../design/ADD/../SD-SendInitialMeasurement.jpg>]
<../design/ADD/../SD-AlarmNotifyRecipient.jpg, id=2965, 1164.35pt x 572.1375pt>
File: ../design/ADD/../SD-AlarmNotifyRecipient.jpg Graphic file (type jpg)
<use ../design/ADD/../SD-AlarmNotifyRecipient.jpg> [82 <../design/ADD/../SD-Tra
nsmissionFreqReconfiguration.jpg>]
<../design/ADD/../SD-RemoteControl.jpg, id=2970, 1656.1875pt x 712.6625pt>
File: ../design/ADD/../SD-RemoteControl.jpg Graphic file (type jpg)

<use ../design/ADD/../SD-RemoteControl.jpg> [83 <../design/ADD/../SD-AlarmNotif
yRecipient.jpg>] [84]
Overfull \vbox (37.59126pt too high) has occurred while \output is active []


[85 <../design/ADD/../SD-RemoteControl.jpg>]
<../design/ADD/../SD-MeasurementDataTransmission.jpg, id=2984, 1302.8675pt x 66
2.475pt>
File: ../design/ADD/../SD-MeasurementDataTransmission.jpg Graphic file (type jp
g)
 <use ../design/ADD/../SD-MeasurementDataTransmission.jpg>
<../design/ADD/../SD-DataAnalysis.jpg, id=2985, 1114.1625pt x 441.65pt>
File: ../design/ADD/../SD-DataAnalysis.jpg Graphic file (type jpg)

<use ../design/ADD/../SD-DataAnalysis.jpg> [86 <../design/ADD/../SD-Measurement
DataTransmission.jpg>]
<../design/ADD/../SD-UtilityProdPlanning.jpg, id=2990, 1425.325pt x 692.5875pt>
File: ../design/ADD/../SD-UtilityProdPlanning.jpg Graphic file (type jpg)
<use ../design/ADD/../SD-UtilityProdPlanning.jpg> [87 <../design/ADD/../SD-Data
Analysis.jpg> <../design/ADD/../SD-UtilityProdPlanning.jpg>]
<../design/ADD/../SD-AlarmTransmission.jpg, id=2995, 1395.2125pt x 863.225pt>
File: ../design/ADD/../SD-AlarmTransmission.jpg Graphic file (type jpg)

<use ../design/ADD/../SD-AlarmTransmission.jpg>
<../design/ADD/../SD-AlarmTransmissionReMeS.jpg, id=2996, 1716.4125pt x 712.662
5pt>
File: ../design/ADD/../SD-AlarmTransmissionReMeS.jpg Graphic file (type jpg)
 <use ../design/ADD/../SD-AlarmTransmissionReMeS.jpg> [88 <../design/ADD/../SD-
AlarmTransmission.jpg>]
<../design/ADD/../SD-DeactivateModule.jpg, id=3001, 1174.3875pt x 572.1375pt>
File: ../design/ADD/../SD-DeactivateModule.jpg Graphic file (type jpg)

<use ../design/ADD/../SD-DeactivateModule.jpg> [89 <../design/ADD/../SD-AlarmTr
ansmissionReMeS.jpg>]
<../design/ADD/../SD-BillCreation.jpg, id=3006, 1746.525pt x 732.7375pt>
File: ../design/ADD/../SD-BillCreation.jpg Graphic file (type jpg)

<use ../design/ADD/../SD-BillCreation.jpg> [90 <../design/ADD/../SD-DeactivateM
odule.jpg>] [91 <../design/ADD/../SD-BillCreation.jpg>]
<../design/ADD/../SD-BillPaymentReceived.jpg, id=3016, 1184.425pt x 572.1375pt>
File: ../design/ADD/../SD-BillPaymentReceived.jpg Graphic file (type jpg)
<use ../design/ADD/../SD-BillPaymentReceived.jpg>) [92 <../design/ADD/../SD-Bil
lPaymentReceived.jpg>]
\openout2 = `SA-Understanding.aux'.

 (./SA-Understanding.tex) [93


]
\openout2 = `SA-PrivacyAnalysis.aux'.

 (./SA-PrivacyAnalysis.tex
<../design/ADD/DFD-Level0.pdf, id=3027, 662.475pt x 421.575pt>
File: ../design/ADD/DFD-Level0.pdf Graphic file (type pdf)

<use ../design/ADD/DFD-Level0.pdf>
<../design/ADD/DFD-Level1.pdf, id=3028, 1094.0875pt x 1184.425pt>
File: ../design/ADD/DFD-Level1.pdf Graphic file (type pdf)

<use ../design/ADD/DFD-Level1.pdf> [94


 <../design/ADD/DFD-Level0.pdf>] [95 <../design/ADD/DFD-Level1.pdf>] (./mapping
_run.tex
Overfull \hbox (0.55956pt too wide) in paragraph at lines 16--16
[]|\OT1/cmr/m/n/10 L| 
 []


Overfull \hbox (1.80956pt too wide) in paragraph at lines 16--16
[]|\OT1/cmr/m/n/10 N| 
 []


Overfull \hbox (1.94844pt too wide) in paragraph at lines 16--16
[]|\OT1/cmr/m/n/10 D| 
 []


Overfull \hbox (1.94844pt too wide) in paragraph at lines 16--16
[]|\OT1/cmr/m/n/10 D| 
 []


Overfull \hbox (1.80956pt too wide) in paragraph at lines 16--16
[]|\OT1/cmr/m/n/10 U| 
 []


Overfull \hbox (1.80956pt too wide) in paragraph at lines 16--19
[]|\OT1/cmr/m/n/10 N| 
 []


Overfull \hbox (2.08734pt too wide) in paragraph at lines 20--20
[]|$\OMS/cmsy/m/n/10 ^^B$| 
 []


Overfull \hbox (2.08734pt too wide) in paragraph at lines 20--20
[]|$\OMS/cmsy/m/n/10 ^^B$| 
 []


Overfull \hbox (2.08734pt too wide) in paragraph at lines 20--20
[]|$\OMS/cmsy/m/n/10 ^^B$| 
 []


Overfull \hbox (2.08734pt too wide) in paragraph at lines 20--20
[]|$\OMS/cmsy/m/n/10 ^^B$| 
 []


Overfull \hbox (2.08734pt too wide) in paragraph at lines 20--20
[]|$\OMS/cmsy/m/n/10 ^^B$| 
 []


Overfull \hbox (2.08734pt too wide) in paragraph at lines 20--21
[]|$\OMS/cmsy/m/n/10 ^^B$| 
 []


Overfull \hbox (2.08734pt too wide) in paragraph at lines 21--21
[]|$\OMS/cmsy/m/n/10 ^^B$| 
 []


Overfull \hbox (2.08734pt too wide) in paragraph at lines 21--21
[]|$\OMS/cmsy/m/n/10 ^^B$| 
 []


Overfull \hbox (2.08734pt too wide) in paragraph at lines 21--21
[]|$\OMS/cmsy/m/n/10 ^^B$| 
 []


Overfull \hbox (2.08734pt too wide) in paragraph at lines 21--21
[]|$\OMS/cmsy/m/n/10 ^^B$| 
 []


Overfull \hbox (2.08734pt too wide) in paragraph at lines 21--21
[]|$\OMS/cmsy/m/n/10 ^^B$| 
 []


Overfull \hbox (2.08734pt too wide) in paragraph at lines 21--23
[]|$\OMS/cmsy/m/n/10 ^^B$| 
 []


Overfull \hbox (2.08734pt too wide) in paragraph at lines 24--24
[]|$\OMS/cmsy/m/n/10 ^^B$| 
 []


Overfull \hbox (2.08734pt too wide) in paragraph at lines 24--24
[]|$\OMS/cmsy/m/n/10 ^^B$| 
 []


Overfull \hbox (2.08734pt too wide) in paragraph at lines 24--24
[]|$\OMS/cmsy/m/n/10 ^^B$| 
 []


Overfull \hbox (2.08734pt too wide) in paragraph at lines 24--24
[]|$\OMS/cmsy/m/n/10 ^^B$| 
 []


Overfull \hbox (2.08734pt too wide) in paragraph at lines 24--24
[]|$\OMS/cmsy/m/n/10 ^^B$| 
 []


Overfull \hbox (2.08734pt too wide) in paragraph at lines 24--25
[]|$\OMS/cmsy/m/n/10 ^^B$| 
 []


Overfull \hbox (2.08734pt too wide) in paragraph at lines 25--25
[]|$\OMS/cmsy/m/n/10 ^^B$| 
 []


Overfull \hbox (2.08734pt too wide) in paragraph at lines 25--25
[]|$\OMS/cmsy/m/n/10 ^^B$| 
 []


Overfull \hbox (2.08734pt too wide) in paragraph at lines 25--25
[]|$\OMS/cmsy/m/n/10 ^^B$| 
 []


Overfull \hbox (2.08734pt too wide) in paragraph at lines 25--25
[]|$\OMS/cmsy/m/n/10 ^^B$| 
 []


Overfull \hbox (2.08734pt too wide) in paragraph at lines 25--25
[]|$\OMS/cmsy/m/n/10 ^^B$| 
 []


Overfull \hbox (2.08734pt too wide) in paragraph at lines 25--26
[]|$\OMS/cmsy/m/n/10 ^^B$| 
 []


Overfull \hbox (2.08734pt too wide) in paragraph at lines 26--26
[]|$\OMS/cmsy/m/n/10 ^^B$| 
 []


Overfull \hbox (2.08734pt too wide) in paragraph at lines 26--26
[]|$\OMS/cmsy/m/n/10 ^^B$| 
 []


Overfull \hbox (2.08734pt too wide) in paragraph at lines 26--26
[]|$\OMS/cmsy/m/n/10 ^^B$| 
 []


Overfull \hbox (2.08734pt too wide) in paragraph at lines 26--26
[]|$\OMS/cmsy/m/n/10 ^^B$| 
 []


Overfull \hbox (2.08734pt too wide) in paragraph at lines 26--26
[]|$\OMS/cmsy/m/n/10 ^^B$| 
 []


Overfull \hbox (2.08734pt too wide) in paragraph at lines 26--27
[]|$\OMS/cmsy/m/n/10 ^^B$| 
 []


Overfull \hbox (2.08734pt too wide) in paragraph at lines 27--27
[]|$\OMS/cmsy/m/n/10 ^^B$| 
 []


Overfull \hbox (2.08734pt too wide) in paragraph at lines 27--27
[]|$\OMS/cmsy/m/n/10 ^^B$| 
 []


Overfull \hbox (2.08734pt too wide) in paragraph at lines 27--27
[]|$\OMS/cmsy/m/n/10 ^^B$| 
 []


Overfull \hbox (2.08734pt too wide) in paragraph at lines 27--27
[]|$\OMS/cmsy/m/n/10 ^^B$| 
 []


Overfull \hbox (2.08734pt too wide) in paragraph at lines 27--27
[]|$\OMS/cmsy/m/n/10 ^^B$| 
 []


Overfull \hbox (2.08734pt too wide) in paragraph at lines 27--28
[]|$\OMS/cmsy/m/n/10 ^^B$| 
 []


Overfull \hbox (2.08734pt too wide) in paragraph at lines 28--28
[]|$\OMS/cmsy/m/n/10 ^^B$| 
 []


Overfull \hbox (2.08734pt too wide) in paragraph at lines 28--28
[]|$\OMS/cmsy/m/n/10 ^^B$| 
 []


Overfull \hbox (2.08734pt too wide) in paragraph at lines 28--28
[]|$\OMS/cmsy/m/n/10 ^^B$| 
 []


Overfull \hbox (2.08734pt too wide) in paragraph at lines 28--28
[]|$\OMS/cmsy/m/n/10 ^^B$| 
 []


Overfull \hbox (2.08734pt too wide) in paragraph at lines 28--28
[]|$\OMS/cmsy/m/n/10 ^^B$| 
 []


Overfull \hbox (2.08734pt too wide) in paragraph at lines 28--29
[]|$\OMS/cmsy/m/n/10 ^^B$| 
 []


Overfull \hbox (2.08734pt too wide) in paragraph at lines 29--29
[]|$\OMS/cmsy/m/n/10 ^^B$| 
 []


Overfull \hbox (2.08734pt too wide) in paragraph at lines 29--29
[]|$\OMS/cmsy/m/n/10 ^^B$| 
 []


Overfull \hbox (2.08734pt too wide) in paragraph at lines 29--29
[]|$\OMS/cmsy/m/n/10 ^^B$| 
 []


Overfull \hbox (2.08734pt too wide) in paragraph at lines 29--29
[]|$\OMS/cmsy/m/n/10 ^^B$| 
 []


Overfull \hbox (2.08734pt too wide) in paragraph at lines 29--29
[]|$\OMS/cmsy/m/n/10 ^^B$| 
 []


Overfull \hbox (2.08734pt too wide) in paragraph at lines 29--30
[]|$\OMS/cmsy/m/n/10 ^^B$| 
 []


Overfull \hbox (2.08734pt too wide) in paragraph at lines 30--30
[]|$\OMS/cmsy/m/n/10 ^^B$| 
 []


Overfull \hbox (2.08734pt too wide) in paragraph at lines 30--30
[]|$\OMS/cmsy/m/n/10 ^^B$| 
 []


Overfull \hbox (2.08734pt too wide) in paragraph at lines 30--30
[]|$\OMS/cmsy/m/n/10 ^^B$| 
 []


Overfull \hbox (2.08734pt too wide) in paragraph at lines 30--30
[]|$\OMS/cmsy/m/n/10 ^^B$| 
 []


Overfull \hbox (2.08734pt too wide) in paragraph at lines 30--30
[]|$\OMS/cmsy/m/n/10 ^^B$| 
 []


Overfull \hbox (2.08734pt too wide) in paragraph at lines 30--31
[]|$\OMS/cmsy/m/n/10 ^^B$| 
 []


Overfull \hbox (2.08734pt too wide) in paragraph at lines 31--31
[]|$\OMS/cmsy/m/n/10 ^^B$| 
 []


Overfull \hbox (2.08734pt too wide) in paragraph at lines 31--31
[]|$\OMS/cmsy/m/n/10 ^^B$| 
 []


Overfull \hbox (2.08734pt too wide) in paragraph at lines 31--31
[]|$\OMS/cmsy/m/n/10 ^^B$| 
 []


Overfull \hbox (2.08734pt too wide) in paragraph at lines 31--31
[]|$\OMS/cmsy/m/n/10 ^^B$| 
 []


Overfull \hbox (2.08734pt too wide) in paragraph at lines 31--31
[]|$\OMS/cmsy/m/n/10 ^^B$| 
 []


Overfull \hbox (2.08734pt too wide) in paragraph at lines 31--32
[]|$\OMS/cmsy/m/n/10 ^^B$| 
 []


Overfull \hbox (2.08734pt too wide) in paragraph at lines 32--32
[]|$\OMS/cmsy/m/n/10 ^^B$| 
 []


Overfull \hbox (2.08734pt too wide) in paragraph at lines 32--32
[]|$\OMS/cmsy/m/n/10 ^^B$| 
 []


Overfull \hbox (2.08734pt too wide) in paragraph at lines 32--32
[]|$\OMS/cmsy/m/n/10 ^^B$| 
 []


Overfull \hbox (2.08734pt too wide) in paragraph at lines 32--32
[]|$\OMS/cmsy/m/n/10 ^^B$| 
 []


Overfull \hbox (2.08734pt too wide) in paragraph at lines 32--32
[]|$\OMS/cmsy/m/n/10 ^^B$| 
 []


Overfull \hbox (2.08734pt too wide) in paragraph at lines 32--33
[]|$\OMS/cmsy/m/n/10 ^^B$| 
 []


Overfull \hbox (2.08734pt too wide) in paragraph at lines 33--33
[]|$\OMS/cmsy/m/n/10 ^^B$| 
 []


Overfull \hbox (2.08734pt too wide) in paragraph at lines 33--33
[]|$\OMS/cmsy/m/n/10 ^^B$| 
 []


Overfull \hbox (2.08734pt too wide) in paragraph at lines 33--33
[]|$\OMS/cmsy/m/n/10 ^^B$| 
 []


Overfull \hbox (2.08734pt too wide) in paragraph at lines 33--33
[]|$\OMS/cmsy/m/n/10 ^^B$| 
 []


Overfull \hbox (2.08734pt too wide) in paragraph at lines 33--33
[]|$\OMS/cmsy/m/n/10 ^^B$| 
 []


Overfull \hbox (2.08734pt too wide) in paragraph at lines 33--34
[]|$\OMS/cmsy/m/n/10 ^^B$| 
 []


Overfull \hbox (2.08734pt too wide) in paragraph at lines 34--34
[]|$\OMS/cmsy/m/n/10 ^^B$| 
 []


Overfull \hbox (2.08734pt too wide) in paragraph at lines 34--34
[]|$\OMS/cmsy/m/n/10 ^^B$| 
 []


Overfull \hbox (2.08734pt too wide) in paragraph at lines 34--34
[]|$\OMS/cmsy/m/n/10 ^^B$| 
 []


Overfull \hbox (2.08734pt too wide) in paragraph at lines 34--34
[]|$\OMS/cmsy/m/n/10 ^^B$| 
 []


Overfull \hbox (2.08734pt too wide) in paragraph at lines 34--34
[]|$\OMS/cmsy/m/n/10 ^^B$| 
 []


Overfull \hbox (2.08734pt too wide) in paragraph at lines 34--35
[]|$\OMS/cmsy/m/n/10 ^^B$| 
 []


Overfull \hbox (2.08734pt too wide) in paragraph at lines 35--35
[]|$\OMS/cmsy/m/n/10 ^^B$| 
 []


Overfull \hbox (2.08734pt too wide) in paragraph at lines 35--35
[]|$\OMS/cmsy/m/n/10 ^^B$| 
 []


Overfull \hbox (2.08734pt too wide) in paragraph at lines 35--35
[]|$\OMS/cmsy/m/n/10 ^^B$| 
 []


Overfull \hbox (2.08734pt too wide) in paragraph at lines 35--35
[]|$\OMS/cmsy/m/n/10 ^^B$| 
 []


Overfull \hbox (2.08734pt too wide) in paragraph at lines 35--35
[]|$\OMS/cmsy/m/n/10 ^^B$| 
 []


Overfull \hbox (2.08734pt too wide) in paragraph at lines 35--36
[]|$\OMS/cmsy/m/n/10 ^^B$| 
 []


Overfull \hbox (2.08734pt too wide) in paragraph at lines 36--36
[]|$\OMS/cmsy/m/n/10 ^^B$| 
 []


Overfull \hbox (2.08734pt too wide) in paragraph at lines 36--36
[]|$\OMS/cmsy/m/n/10 ^^B$| 
 []


Overfull \hbox (2.08734pt too wide) in paragraph at lines 36--36
[]|$\OMS/cmsy/m/n/10 ^^B$| 
 []


Overfull \hbox (2.08734pt too wide) in paragraph at lines 36--36
[]|$\OMS/cmsy/m/n/10 ^^B$| 
 []


Overfull \hbox (2.08734pt too wide) in paragraph at lines 36--36
[]|$\OMS/cmsy/m/n/10 ^^B$| 
 []


Overfull \hbox (2.08734pt too wide) in paragraph at lines 36--37
[]|$\OMS/cmsy/m/n/10 ^^B$| 
 []


Overfull \hbox (2.08734pt too wide) in paragraph at lines 37--37
[]|$\OMS/cmsy/m/n/10 ^^B$| 
 []


Overfull \hbox (2.08734pt too wide) in paragraph at lines 37--37
[]|$\OMS/cmsy/m/n/10 ^^B$| 
 []


Overfull \hbox (2.08734pt too wide) in paragraph at lines 37--37
[]|$\OMS/cmsy/m/n/10 ^^B$| 
 []


Overfull \hbox (2.08734pt too wide) in paragraph at lines 37--37
[]|$\OMS/cmsy/m/n/10 ^^B$| 
 []


Overfull \hbox (2.08734pt too wide) in paragraph at lines 37--37
[]|$\OMS/cmsy/m/n/10 ^^B$| 
 []


Overfull \hbox (2.08734pt too wide) in paragraph at lines 37--38
[]|$\OMS/cmsy/m/n/10 ^^B$| 
 []


Overfull \hbox (2.08734pt too wide) in paragraph at lines 38--38
[]|$\OMS/cmsy/m/n/10 ^^B$| 
 []


Overfull \hbox (2.08734pt too wide) in paragraph at lines 38--38
[]|$\OMS/cmsy/m/n/10 ^^B$| 
 []


Overfull \hbox (2.08734pt too wide) in paragraph at lines 38--38
[]|$\OMS/cmsy/m/n/10 ^^B$| 
 []


Overfull \hbox (2.08734pt too wide) in paragraph at lines 38--38
[]|$\OMS/cmsy/m/n/10 ^^B$| 
 []


Overfull \hbox (2.08734pt too wide) in paragraph at lines 38--38
[]|$\OMS/cmsy/m/n/10 ^^B$| 
 []


Overfull \hbox (2.08734pt too wide) in paragraph at lines 38--39
[]|$\OMS/cmsy/m/n/10 ^^B$| 
 []


Overfull \hbox (2.08734pt too wide) in paragraph at lines 39--39
[]|$\OMS/cmsy/m/n/10 ^^B$| 
 []


Overfull \hbox (2.08734pt too wide) in paragraph at lines 39--39
[]|$\OMS/cmsy/m/n/10 ^^B$| 
 []


Overfull \hbox (2.08734pt too wide) in paragraph at lines 39--39
[]|$\OMS/cmsy/m/n/10 ^^B$| 
 []


Overfull \hbox (2.08734pt too wide) in paragraph at lines 39--39
[]|$\OMS/cmsy/m/n/10 ^^B$| 
 []


Overfull \hbox (2.08734pt too wide) in paragraph at lines 39--39
[]|$\OMS/cmsy/m/n/10 ^^B$| 
 []


Overfull \hbox (2.08734pt too wide) in paragraph at lines 39--40
[]|$\OMS/cmsy/m/n/10 ^^B$| 
 []


Overfull \hbox (2.08734pt too wide) in paragraph at lines 40--40
[]|$\OMS/cmsy/m/n/10 ^^B$| 
 []


Overfull \hbox (2.08734pt too wide) in paragraph at lines 40--40
[]|$\OMS/cmsy/m/n/10 ^^B$| 
 []


Overfull \hbox (2.08734pt too wide) in paragraph at lines 40--40
[]|$\OMS/cmsy/m/n/10 ^^B$| 
 []


Overfull \hbox (2.08734pt too wide) in paragraph at lines 40--40
[]|$\OMS/cmsy/m/n/10 ^^B$| 
 []


Overfull \hbox (2.08734pt too wide) in paragraph at lines 40--40
[]|$\OMS/cmsy/m/n/10 ^^B$| 
 []


Overfull \hbox (2.08734pt too wide) in paragraph at lines 40--41
[]|$\OMS/cmsy/m/n/10 ^^B$| 
 []


Overfull \hbox (42.55809pt too wide) in alignment at lines 12--41
 [] [] [] [] [] [] [] [] [] 
 []


Underfull \vbox (badness 10000) detected at line 41
 []


Overfull \hbox (2.08734pt too wide) in paragraph at lines 41--41
[]|$\OMS/cmsy/m/n/10 ^^B$| 
 []


Overfull \hbox (2.08734pt too wide) in paragraph at lines 41--41
[]|$\OMS/cmsy/m/n/10 ^^B$| 
 []


Overfull \hbox (2.08734pt too wide) in paragraph at lines 41--41
[]|$\OMS/cmsy/m/n/10 ^^B$| 
 []


Overfull \hbox (2.08734pt too wide) in paragraph at lines 41--41
[]|$\OMS/cmsy/m/n/10 ^^B$| 
 []


Overfull \hbox (2.08734pt too wide) in paragraph at lines 41--41
[]|$\OMS/cmsy/m/n/10 ^^B$| 
 []


Overfull \hbox (2.08734pt too wide) in paragraph at lines 41--42
[]|$\OMS/cmsy/m/n/10 ^^B$| 
 []


Overfull \hbox (2.08734pt too wide) in paragraph at lines 42--42
[]|$\OMS/cmsy/m/n/10 ^^B$| 
 []


Overfull \hbox (2.08734pt too wide) in paragraph at lines 42--42
[]|$\OMS/cmsy/m/n/10 ^^B$| 
 []


Overfull \hbox (2.08734pt too wide) in paragraph at lines 42--42
[]|$\OMS/cmsy/m/n/10 ^^B$| 
 []


Overfull \hbox (2.08734pt too wide) in paragraph at lines 42--42
[]|$\OMS/cmsy/m/n/10 ^^B$| 
 []


Overfull \hbox (2.08734pt too wide) in paragraph at lines 42--42
[]|$\OMS/cmsy/m/n/10 ^^B$| 
 []


Overfull \hbox (2.08734pt too wide) in paragraph at lines 42--43
[]|$\OMS/cmsy/m/n/10 ^^B$| 
 []


Overfull \hbox (2.08734pt too wide) in paragraph at lines 43--43
[]|$\OMS/cmsy/m/n/10 ^^B$| 
 []


Overfull \hbox (2.08734pt too wide) in paragraph at lines 43--43
[]|$\OMS/cmsy/m/n/10 ^^B$| 
 []


Overfull \hbox (2.08734pt too wide) in paragraph at lines 43--43
[]|$\OMS/cmsy/m/n/10 ^^B$| 
 []


Overfull \hbox (2.08734pt too wide) in paragraph at lines 43--43
[]|$\OMS/cmsy/m/n/10 ^^B$| 
 []


Overfull \hbox (2.08734pt too wide) in paragraph at lines 43--43
[]|$\OMS/cmsy/m/n/10 ^^B$| 
 []


Overfull \hbox (2.08734pt too wide) in paragraph at lines 43--44
[]|$\OMS/cmsy/m/n/10 ^^B$| 
 []


Overfull \hbox (2.08734pt too wide) in paragraph at lines 44--44
[]|$\OMS/cmsy/m/n/10 ^^B$| 
 []


Overfull \hbox (2.08734pt too wide) in paragraph at lines 44--44
[]|$\OMS/cmsy/m/n/10 ^^B$| 
 []


Overfull \hbox (2.08734pt too wide) in paragraph at lines 44--44
[]|$\OMS/cmsy/m/n/10 ^^B$| 
 []


Overfull \hbox (2.08734pt too wide) in paragraph at lines 44--44
[]|$\OMS/cmsy/m/n/10 ^^B$| 
 []


Overfull \hbox (2.08734pt too wide) in paragraph at lines 44--44
[]|$\OMS/cmsy/m/n/10 ^^B$| 
 []


Overfull \hbox (2.08734pt too wide) in paragraph at lines 44--45
[]|$\OMS/cmsy/m/n/10 ^^B$| 
 []


Overfull \hbox (2.08734pt too wide) in paragraph at lines 45--45
[]|$\OMS/cmsy/m/n/10 ^^B$| 
 []


Overfull \hbox (2.08734pt too wide) in paragraph at lines 45--45
[]|$\OMS/cmsy/m/n/10 ^^B$| 
 []


Overfull \hbox (2.08734pt too wide) in paragraph at lines 45--45
[]|$\OMS/cmsy/m/n/10 ^^B$| 
 []


Overfull \hbox (2.08734pt too wide) in paragraph at lines 45--45
[]|$\OMS/cmsy/m/n/10 ^^B$| 
 []


Overfull \hbox (2.08734pt too wide) in paragraph at lines 45--45
[]|$\OMS/cmsy/m/n/10 ^^B$| 
 []


Overfull \hbox (2.08734pt too wide) in paragraph at lines 45--46
[]|$\OMS/cmsy/m/n/10 ^^B$| 
 []


Overfull \hbox (2.08734pt too wide) in paragraph at lines 46--46
[]|$\OMS/cmsy/m/n/10 ^^B$| 
 []


Overfull \hbox (2.08734pt too wide) in paragraph at lines 46--46
[]|$\OMS/cmsy/m/n/10 ^^B$| 
 []


Overfull \hbox (2.08734pt too wide) in paragraph at lines 46--46
[]|$\OMS/cmsy/m/n/10 ^^B$| 
 []


Overfull \hbox (2.08734pt too wide) in paragraph at lines 46--46
[]|$\OMS/cmsy/m/n/10 ^^B$| 
 []


Overfull \hbox (2.08734pt too wide) in paragraph at lines 46--46
[]|$\OMS/cmsy/m/n/10 ^^B$| 
 []


Overfull \hbox (2.08734pt too wide) in paragraph at lines 46--47
[]|$\OMS/cmsy/m/n/10 ^^B$| 
 []


Overfull \hbox (2.08734pt too wide) in paragraph at lines 47--47
[]|$\OMS/cmsy/m/n/10 ^^B$| 
 []


Overfull \hbox (2.08734pt too wide) in paragraph at lines 47--47
[]|$\OMS/cmsy/m/n/10 ^^B$| 
 []


Overfull \hbox (2.08734pt too wide) in paragraph at lines 47--47
[]|$\OMS/cmsy/m/n/10 ^^B$| 
 []


Overfull \hbox (2.08734pt too wide) in paragraph at lines 47--47
[]|$\OMS/cmsy/m/n/10 ^^B$| 
 []


Overfull \hbox (2.08734pt too wide) in paragraph at lines 47--47
[]|$\OMS/cmsy/m/n/10 ^^B$| 
 []


Overfull \hbox (2.08734pt too wide) in paragraph at lines 47--48
[]|$\OMS/cmsy/m/n/10 ^^B$| 
 []


Overfull \hbox (2.08734pt too wide) in paragraph at lines 48--48
[]|$\OMS/cmsy/m/n/10 ^^B$| 
 []


Overfull \hbox (2.08734pt too wide) in paragraph at lines 48--48
[]|$\OMS/cmsy/m/n/10 ^^B$| 
 []


Overfull \hbox (2.08734pt too wide) in paragraph at lines 48--48
[]|$\OMS/cmsy/m/n/10 ^^B$| 
 []


Overfull \hbox (2.08734pt too wide) in paragraph at lines 48--48
[]|$\OMS/cmsy/m/n/10 ^^B$| 
 []


Overfull \hbox (2.08734pt too wide) in paragraph at lines 48--48
[]|$\OMS/cmsy/m/n/10 ^^B$| 
 []


Overfull \hbox (2.08734pt too wide) in paragraph at lines 48--49
[]|$\OMS/cmsy/m/n/10 ^^B$| 
 []


Overfull \hbox (2.08734pt too wide) in paragraph at lines 49--49
[]|$\OMS/cmsy/m/n/10 ^^B$| 
 []


Overfull \hbox (2.08734pt too wide) in paragraph at lines 49--49
[]|$\OMS/cmsy/m/n/10 ^^B$| 
 []


Overfull \hbox (2.08734pt too wide) in paragraph at lines 49--49
[]|$\OMS/cmsy/m/n/10 ^^B$| 
 []


Overfull \hbox (2.08734pt too wide) in paragraph at lines 49--49
[]|$\OMS/cmsy/m/n/10 ^^B$| 
 []


Overfull \hbox (2.08734pt too wide) in paragraph at lines 49--49
[]|$\OMS/cmsy/m/n/10 ^^B$| 
 []


Overfull \hbox (2.08734pt too wide) in paragraph at lines 49--50
[]|$\OMS/cmsy/m/n/10 ^^B$| 
 []


Overfull \hbox (2.08734pt too wide) in paragraph at lines 51--51
[]|$\OMS/cmsy/m/n/10 ^^B$| 
 []


Overfull \hbox (2.08734pt too wide) in paragraph at lines 51--51
[]|$\OMS/cmsy/m/n/10 ^^B$| 
 []


Overfull \hbox (2.08734pt too wide) in paragraph at lines 51--51
[]|$\OMS/cmsy/m/n/10 ^^B$| 
 []


Overfull \hbox (2.08734pt too wide) in paragraph at lines 51--51
[]|$\OMS/cmsy/m/n/10 ^^B$| 
 []


Overfull \hbox (2.08734pt too wide) in paragraph at lines 51--51
[]|$\OMS/cmsy/m/n/10 ^^B$| 
 []


Overfull \hbox (2.08734pt too wide) in paragraph at lines 51--52
[]|$\OMS/cmsy/m/n/10 ^^B$| 
 []


Overfull \hbox (2.08734pt too wide) in paragraph at lines 52--52
[]|$\OMS/cmsy/m/n/10 ^^B$| 
 []


Overfull \hbox (2.08734pt too wide) in paragraph at lines 52--52
[]|$\OMS/cmsy/m/n/10 ^^B$| 
 []


Overfull \hbox (2.08734pt too wide) in paragraph at lines 52--52
[]|$\OMS/cmsy/m/n/10 ^^B$| 
 []


Overfull \hbox (2.08734pt too wide) in paragraph at lines 52--52
[]|$\OMS/cmsy/m/n/10 ^^B$| 
 []


Overfull \hbox (2.08734pt too wide) in paragraph at lines 52--52
[]|$\OMS/cmsy/m/n/10 ^^B$| 
 []


Overfull \hbox (2.08734pt too wide) in paragraph at lines 52--53
[]|$\OMS/cmsy/m/n/10 ^^B$| 
 []


Overfull \hbox (2.08734pt too wide) in paragraph at lines 53--53
[]|$\OMS/cmsy/m/n/10 ^^B$| 
 []


Overfull \hbox (2.08734pt too wide) in paragraph at lines 53--53
[]|$\OMS/cmsy/m/n/10 ^^B$| 
 []


Overfull \hbox (2.08734pt too wide) in paragraph at lines 53--53
[]|$\OMS/cmsy/m/n/10 ^^B$| 
 []


Overfull \hbox (2.08734pt too wide) in paragraph at lines 53--53
[]|$\OMS/cmsy/m/n/10 ^^B$| 
 []


Overfull \hbox (2.08734pt too wide) in paragraph at lines 53--53
[]|$\OMS/cmsy/m/n/10 ^^B$| 
 []


Overfull \hbox (2.08734pt too wide) in paragraph at lines 53--54
[]|$\OMS/cmsy/m/n/10 ^^B$| 
 []


Overfull \hbox (2.08734pt too wide) in paragraph at lines 54--54
[]|$\OMS/cmsy/m/n/10 ^^B$| 
 []


Overfull \hbox (2.08734pt too wide) in paragraph at lines 54--54
[]|$\OMS/cmsy/m/n/10 ^^B$| 
 []


Overfull \hbox (2.08734pt too wide) in paragraph at lines 54--54
[]|$\OMS/cmsy/m/n/10 ^^B$| 
 []


Overfull \hbox (2.08734pt too wide) in paragraph at lines 54--54
[]|$\OMS/cmsy/m/n/10 ^^B$| 
 []


Overfull \hbox (2.08734pt too wide) in paragraph at lines 54--54
[]|$\OMS/cmsy/m/n/10 ^^B$| 
 []


Overfull \hbox (2.08734pt too wide) in paragraph at lines 54--55
[]|$\OMS/cmsy/m/n/10 ^^B$| 
 []


Overfull \hbox (2.08734pt too wide) in paragraph at lines 55--55
[]|$\OMS/cmsy/m/n/10 ^^B$| 
 []


Overfull \hbox (2.08734pt too wide) in paragraph at lines 55--55
[]|$\OMS/cmsy/m/n/10 ^^B$| 
 []


Overfull \hbox (2.08734pt too wide) in paragraph at lines 55--55
[]|$\OMS/cmsy/m/n/10 ^^B$| 
 []


Overfull \hbox (2.08734pt too wide) in paragraph at lines 55--55
[]|$\OMS/cmsy/m/n/10 ^^B$| 
 []


Overfull \hbox (2.08734pt too wide) in paragraph at lines 55--55
[]|$\OMS/cmsy/m/n/10 ^^B$| 
 []


Overfull \hbox (2.08734pt too wide) in paragraph at lines 55--56
[]|$\OMS/cmsy/m/n/10 ^^B$| 
 []


Overfull \hbox (2.08734pt too wide) in paragraph at lines 56--56
[]|$\OMS/cmsy/m/n/10 ^^B$| 
 []


Overfull \hbox (2.08734pt too wide) in paragraph at lines 56--56
[]|$\OMS/cmsy/m/n/10 ^^B$| 
 []


Overfull \hbox (2.08734pt too wide) in paragraph at lines 56--56
[]|$\OMS/cmsy/m/n/10 ^^B$| 
 []


Overfull \hbox (2.08734pt too wide) in paragraph at lines 56--56
[]|$\OMS/cmsy/m/n/10 ^^B$| 
 []


Overfull \hbox (2.08734pt too wide) in paragraph at lines 56--56
[]|$\OMS/cmsy/m/n/10 ^^B$| 
 []


Overfull \hbox (2.08734pt too wide) in paragraph at lines 56--58
[]|$\OMS/cmsy/m/n/10 ^^B$| 
 []


Overfull \hbox (2.08734pt too wide) in paragraph at lines 58--58
[]|$\OMS/cmsy/m/n/10 ^^B$| 
 []


Overfull \hbox (2.08734pt too wide) in paragraph at lines 58--58
[]|$\OMS/cmsy/m/n/10 ^^B$| 
 []


Overfull \hbox (2.08734pt too wide) in paragraph at lines 58--58
[]|$\OMS/cmsy/m/n/10 ^^B$| 
 []


Overfull \hbox (2.08734pt too wide) in paragraph at lines 58--58
[]|$\OMS/cmsy/m/n/10 ^^B$| 
 []


Overfull \hbox (2.08734pt too wide) in paragraph at lines 58--58
[]|$\OMS/cmsy/m/n/10 ^^B$| 
 []


Overfull \hbox (2.08734pt too wide) in paragraph at lines 58--59
[]|$\OMS/cmsy/m/n/10 ^^B$| 
 []


Overfull \hbox (2.08734pt too wide) in paragraph at lines 59--59
[]|$\OMS/cmsy/m/n/10 ^^B$| 
 []


Overfull \hbox (2.08734pt too wide) in paragraph at lines 59--59
[]|$\OMS/cmsy/m/n/10 ^^B$| 
 []


Overfull \hbox (2.08734pt too wide) in paragraph at lines 59--59
[]|$\OMS/cmsy/m/n/10 ^^B$| 
 []


Overfull \hbox (2.08734pt too wide) in paragraph at lines 59--59
[]|$\OMS/cmsy/m/n/10 ^^B$| 
 []


Overfull \hbox (2.08734pt too wide) in paragraph at lines 59--59
[]|$\OMS/cmsy/m/n/10 ^^B$| 
 []


Overfull \hbox (2.08734pt too wide) in paragraph at lines 59--60
[]|$\OMS/cmsy/m/n/10 ^^B$| 
 []


Overfull \hbox (2.08734pt too wide) in paragraph at lines 60--60
[]|$\OMS/cmsy/m/n/10 ^^B$| 
 []


Overfull \hbox (2.08734pt too wide) in paragraph at lines 60--60
[]|$\OMS/cmsy/m/n/10 ^^B$| 
 []


Overfull \hbox (2.08734pt too wide) in paragraph at lines 60--60
[]|$\OMS/cmsy/m/n/10 ^^B$| 
 []


Overfull \hbox (2.08734pt too wide) in paragraph at lines 60--60
[]|$\OMS/cmsy/m/n/10 ^^B$| 
 []


Overfull \hbox (2.08734pt too wide) in paragraph at lines 60--60
[]|$\OMS/cmsy/m/n/10 ^^B$| 
 []


Overfull \hbox (2.08734pt too wide) in paragraph at lines 60--61
[]|$\OMS/cmsy/m/n/10 ^^B$| 
 []


Overfull \hbox (2.08734pt too wide) in paragraph at lines 61--61
[]|$\OMS/cmsy/m/n/10 ^^B$| 
 []


Overfull \hbox (2.08734pt too wide) in paragraph at lines 61--61
[]|$\OMS/cmsy/m/n/10 ^^B$| 
 []


Overfull \hbox (2.08734pt too wide) in paragraph at lines 61--61
[]|$\OMS/cmsy/m/n/10 ^^B$| 
 []


Overfull \hbox (2.08734pt too wide) in paragraph at lines 61--61
[]|$\OMS/cmsy/m/n/10 ^^B$| 
 []


Overfull \hbox (2.08734pt too wide) in paragraph at lines 61--61
[]|$\OMS/cmsy/m/n/10 ^^B$| 
 []


Overfull \hbox (2.08734pt too wide) in paragraph at lines 61--62
[]|$\OMS/cmsy/m/n/10 ^^B$| 
 []


Overfull \hbox (2.08734pt too wide) in paragraph at lines 62--62
[]|$\OMS/cmsy/m/n/10 ^^B$| 
 []


Overfull \hbox (2.08734pt too wide) in paragraph at lines 62--62
[]|$\OMS/cmsy/m/n/10 ^^B$| 
 []


Overfull \hbox (2.08734pt too wide) in paragraph at lines 62--62
[]|$\OMS/cmsy/m/n/10 ^^B$| 
 []


Overfull \hbox (2.08734pt too wide) in paragraph at lines 62--62
[]|$\OMS/cmsy/m/n/10 ^^B$| 
 []


Overfull \hbox (2.08734pt too wide) in paragraph at lines 62--62
[]|$\OMS/cmsy/m/n/10 ^^B$| 
 []


Overfull \hbox (2.08734pt too wide) in paragraph at lines 62--63
[]|$\OMS/cmsy/m/n/10 ^^B$| 
 []


Overfull \hbox (42.55809pt too wide) in alignment at lines 41--63
 [] [] [] [] [] [] [] [] [] 
 []


Overfull \hbox (2.08734pt too wide) in paragraph at lines 63--63
[]|$\OMS/cmsy/m/n/10 ^^B$| 
 []


Overfull \hbox (2.08734pt too wide) in paragraph at lines 63--63
[]|$\OMS/cmsy/m/n/10 ^^B$| 
 []


Overfull \hbox (2.08734pt too wide) in paragraph at lines 63--63
[]|$\OMS/cmsy/m/n/10 ^^B$| 
 []


Overfull \hbox (2.08734pt too wide) in paragraph at lines 63--63
[]|$\OMS/cmsy/m/n/10 ^^B$| 
 []


Overfull \hbox (2.08734pt too wide) in paragraph at lines 63--63
[]|$\OMS/cmsy/m/n/10 ^^B$| 
 []


Overfull \hbox (2.08734pt too wide) in paragraph at lines 63--64
[]|$\OMS/cmsy/m/n/10 ^^B$| 
 []


Overfull \hbox (2.08734pt too wide) in paragraph at lines 64--64
[]|$\OMS/cmsy/m/n/10 ^^B$| 
 []


Overfull \hbox (2.08734pt too wide) in paragraph at lines 64--64
[]|$\OMS/cmsy/m/n/10 ^^B$| 
 []


Overfull \hbox (2.08734pt too wide) in paragraph at lines 64--64
[]|$\OMS/cmsy/m/n/10 ^^B$| 
 []


Overfull \hbox (2.08734pt too wide) in paragraph at lines 64--64
[]|$\OMS/cmsy/m/n/10 ^^B$| 
 []


Overfull \hbox (2.08734pt too wide) in paragraph at lines 64--64
[]|$\OMS/cmsy/m/n/10 ^^B$| 
 []


Overfull \hbox (2.08734pt too wide) in paragraph at lines 64--65
[]|$\OMS/cmsy/m/n/10 ^^B$| 
 []


Overfull \hbox (2.08734pt too wide) in paragraph at lines 65--65
[]|$\OMS/cmsy/m/n/10 ^^B$| 
 []


Overfull \hbox (2.08734pt too wide) in paragraph at lines 65--65
[]|$\OMS/cmsy/m/n/10 ^^B$| 
 []


Overfull \hbox (2.08734pt too wide) in paragraph at lines 65--65
[]|$\OMS/cmsy/m/n/10 ^^B$| 
 []


Overfull \hbox (2.08734pt too wide) in paragraph at lines 65--65
[]|$\OMS/cmsy/m/n/10 ^^B$| 
 []


Overfull \hbox (2.08734pt too wide) in paragraph at lines 65--65
[]|$\OMS/cmsy/m/n/10 ^^B$| 
 []


Overfull \hbox (2.08734pt too wide) in paragraph at lines 65--66
[]|$\OMS/cmsy/m/n/10 ^^B$| 
 []


Overfull \hbox (2.08734pt too wide) in paragraph at lines 66--66
[]|$\OMS/cmsy/m/n/10 ^^B$| 
 []


Overfull \hbox (2.08734pt too wide) in paragraph at lines 66--66
[]|$\OMS/cmsy/m/n/10 ^^B$| 
 []


Overfull \hbox (2.08734pt too wide) in paragraph at lines 66--66
[]|$\OMS/cmsy/m/n/10 ^^B$| 
 []


Overfull \hbox (2.08734pt too wide) in paragraph at lines 66--66
[]|$\OMS/cmsy/m/n/10 ^^B$| 
 []


Overfull \hbox (2.08734pt too wide) in paragraph at lines 66--66
[]|$\OMS/cmsy/m/n/10 ^^B$| 
 []


Overfull \hbox (2.08734pt too wide) in paragraph at lines 66--67
[]|$\OMS/cmsy/m/n/10 ^^B$| 
 []


Overfull \hbox (2.08734pt too wide) in paragraph at lines 67--67
[]|$\OMS/cmsy/m/n/10 ^^B$| 
 []


Overfull \hbox (2.08734pt too wide) in paragraph at lines 67--67
[]|$\OMS/cmsy/m/n/10 ^^B$| 
 []


Overfull \hbox (2.08734pt too wide) in paragraph at lines 67--67
[]|$\OMS/cmsy/m/n/10 ^^B$| 
 []


Overfull \hbox (2.08734pt too wide) in paragraph at lines 67--67
[]|$\OMS/cmsy/m/n/10 ^^B$| 
 []


Overfull \hbox (2.08734pt too wide) in paragraph at lines 67--67
[]|$\OMS/cmsy/m/n/10 ^^B$| 
 []


Overfull \hbox (2.08734pt too wide) in paragraph at lines 67--68
[]|$\OMS/cmsy/m/n/10 ^^B$| 
 []


Overfull \hbox (2.08734pt too wide) in paragraph at lines 68--68
[]|$\OMS/cmsy/m/n/10 ^^B$| 
 []


Overfull \hbox (2.08734pt too wide) in paragraph at lines 68--68
[]|$\OMS/cmsy/m/n/10 ^^B$| 
 []


Overfull \hbox (2.08734pt too wide) in paragraph at lines 68--68
[]|$\OMS/cmsy/m/n/10 ^^B$| 
 []


Overfull \hbox (2.08734pt too wide) in paragraph at lines 68--68
[]|$\OMS/cmsy/m/n/10 ^^B$| 
 []


Overfull \hbox (2.08734pt too wide) in paragraph at lines 68--68
[]|$\OMS/cmsy/m/n/10 ^^B$| 
 []


Overfull \hbox (2.08734pt too wide) in paragraph at lines 68--69
[]|$\OMS/cmsy/m/n/10 ^^B$| 
 []


Overfull \hbox (2.08734pt too wide) in paragraph at lines 69--69
[]|$\OMS/cmsy/m/n/10 ^^B$| 
 []


Overfull \hbox (2.08734pt too wide) in paragraph at lines 69--69
[]|$\OMS/cmsy/m/n/10 ^^B$| 
 []


Overfull \hbox (2.08734pt too wide) in paragraph at lines 69--69
[]|$\OMS/cmsy/m/n/10 ^^B$| 
 []


Overfull \hbox (2.08734pt too wide) in paragraph at lines 69--69
[]|$\OMS/cmsy/m/n/10 ^^B$| 
 []


Overfull \hbox (2.08734pt too wide) in paragraph at lines 69--69
[]|$\OMS/cmsy/m/n/10 ^^B$| 
 []


Overfull \hbox (2.08734pt too wide) in paragraph at lines 69--70
[]|$\OMS/cmsy/m/n/10 ^^B$| 
 []


Overfull \hbox (2.08734pt too wide) in paragraph at lines 70--70
[]|$\OMS/cmsy/m/n/10 ^^B$| 
 []


Overfull \hbox (2.08734pt too wide) in paragraph at lines 70--70
[]|$\OMS/cmsy/m/n/10 ^^B$| 
 []


Overfull \hbox (2.08734pt too wide) in paragraph at lines 70--70
[]|$\OMS/cmsy/m/n/10 ^^B$| 
 []


Overfull \hbox (2.08734pt too wide) in paragraph at lines 70--70
[]|$\OMS/cmsy/m/n/10 ^^B$| 
 []


Overfull \hbox (2.08734pt too wide) in paragraph at lines 70--70
[]|$\OMS/cmsy/m/n/10 ^^B$| 
 []


Overfull \hbox (2.08734pt too wide) in paragraph at lines 70--71
[]|$\OMS/cmsy/m/n/10 ^^B$| 
 []


Overfull \hbox (2.08734pt too wide) in paragraph at lines 71--71
[]|$\OMS/cmsy/m/n/10 ^^B$| 
 []


Overfull \hbox (2.08734pt too wide) in paragraph at lines 71--71
[]|$\OMS/cmsy/m/n/10 ^^B$| 
 []


Overfull \hbox (2.08734pt too wide) in paragraph at lines 71--71
[]|$\OMS/cmsy/m/n/10 ^^B$| 
 []


Overfull \hbox (2.08734pt too wide) in paragraph at lines 71--71
[]|$\OMS/cmsy/m/n/10 ^^B$| 
 []


Overfull \hbox (2.08734pt too wide) in paragraph at lines 71--71
[]|$\OMS/cmsy/m/n/10 ^^B$| 
 []


Overfull \hbox (2.08734pt too wide) in paragraph at lines 71--72
[]|$\OMS/cmsy/m/n/10 ^^B$| 
 []


Overfull \hbox (2.08734pt too wide) in paragraph at lines 72--72
[]|$\OMS/cmsy/m/n/10 ^^B$| 
 []


Overfull \hbox (2.08734pt too wide) in paragraph at lines 72--72
[]|$\OMS/cmsy/m/n/10 ^^B$| 
 []


Overfull \hbox (2.08734pt too wide) in paragraph at lines 72--72
[]|$\OMS/cmsy/m/n/10 ^^B$| 
 []


Overfull \hbox (2.08734pt too wide) in paragraph at lines 72--72
[]|$\OMS/cmsy/m/n/10 ^^B$| 
 []


Overfull \hbox (2.08734pt too wide) in paragraph at lines 72--72
[]|$\OMS/cmsy/m/n/10 ^^B$| 
 []


Overfull \hbox (2.08734pt too wide) in paragraph at lines 72--73
[]|$\OMS/cmsy/m/n/10 ^^B$| 
 []


Overfull \hbox (2.08734pt too wide) in paragraph at lines 73--73
[]|$\OMS/cmsy/m/n/10 ^^B$| 
 []


Overfull \hbox (2.08734pt too wide) in paragraph at lines 73--73
[]|$\OMS/cmsy/m/n/10 ^^B$| 
 []


Overfull \hbox (2.08734pt too wide) in paragraph at lines 73--73
[]|$\OMS/cmsy/m/n/10 ^^B$| 
 []


Overfull \hbox (2.08734pt too wide) in paragraph at lines 73--73
[]|$\OMS/cmsy/m/n/10 ^^B$| 
 []


Overfull \hbox (2.08734pt too wide) in paragraph at lines 73--73
[]|$\OMS/cmsy/m/n/10 ^^B$| 
 []


Overfull \hbox (2.08734pt too wide) in paragraph at lines 73--74
[]|$\OMS/cmsy/m/n/10 ^^B$| 
 []


Overfull \hbox (2.08734pt too wide) in paragraph at lines 74--74
[]|$\OMS/cmsy/m/n/10 ^^B$| 
 []


Overfull \hbox (2.08734pt too wide) in paragraph at lines 74--74
[]|$\OMS/cmsy/m/n/10 ^^B$| 
 []


Overfull \hbox (2.08734pt too wide) in paragraph at lines 74--74
[]|$\OMS/cmsy/m/n/10 ^^B$| 
 []


Overfull \hbox (2.08734pt too wide) in paragraph at lines 74--74
[]|$\OMS/cmsy/m/n/10 ^^B$| 
 []


Overfull \hbox (2.08734pt too wide) in paragraph at lines 74--74
[]|$\OMS/cmsy/m/n/10 ^^B$| 
 []


Overfull \hbox (2.08734pt too wide) in paragraph at lines 74--75
[]|$\OMS/cmsy/m/n/10 ^^B$| 
 []


Overfull \hbox (2.08734pt too wide) in paragraph at lines 75--75
[]|$\OMS/cmsy/m/n/10 ^^B$| 
 []


Overfull \hbox (2.08734pt too wide) in paragraph at lines 75--75
[]|$\OMS/cmsy/m/n/10 ^^B$| 
 []


Overfull \hbox (2.08734pt too wide) in paragraph at lines 75--75
[]|$\OMS/cmsy/m/n/10 ^^B$| 
 []


Overfull \hbox (2.08734pt too wide) in paragraph at lines 75--75
[]|$\OMS/cmsy/m/n/10 ^^B$| 
 []


Overfull \hbox (2.08734pt too wide) in paragraph at lines 75--75
[]|$\OMS/cmsy/m/n/10 ^^B$| 
 []


Overfull \hbox (2.08734pt too wide) in paragraph at lines 75--76
[]|$\OMS/cmsy/m/n/10 ^^B$| 
 []


Overfull \hbox (2.08734pt too wide) in paragraph at lines 76--76
[]|$\OMS/cmsy/m/n/10 ^^B$| 
 []


Overfull \hbox (2.08734pt too wide) in paragraph at lines 76--76
[]|$\OMS/cmsy/m/n/10 ^^B$| 
 []


Overfull \hbox (2.08734pt too wide) in paragraph at lines 76--76
[]|$\OMS/cmsy/m/n/10 ^^B$| 
 []


Overfull \hbox (2.08734pt too wide) in paragraph at lines 76--76
[]|$\OMS/cmsy/m/n/10 ^^B$| 
 []


Overfull \hbox (2.08734pt too wide) in paragraph at lines 76--76
[]|$\OMS/cmsy/m/n/10 ^^B$| 
 []


Overfull \hbox (2.08734pt too wide) in paragraph at lines 76--77
[]|$\OMS/cmsy/m/n/10 ^^B$| 
 []


Overfull \hbox (2.08734pt too wide) in paragraph at lines 77--77
[]|$\OMS/cmsy/m/n/10 ^^B$| 
 []


Overfull \hbox (2.08734pt too wide) in paragraph at lines 77--77
[]|$\OMS/cmsy/m/n/10 ^^B$| 
 []


Overfull \hbox (2.08734pt too wide) in paragraph at lines 77--77
[]|$\OMS/cmsy/m/n/10 ^^B$| 
 []


Overfull \hbox (2.08734pt too wide) in paragraph at lines 77--77
[]|$\OMS/cmsy/m/n/10 ^^B$| 
 []


Overfull \hbox (2.08734pt too wide) in paragraph at lines 77--77
[]|$\OMS/cmsy/m/n/10 ^^B$| 
 []


Overfull \hbox (2.08734pt too wide) in paragraph at lines 77--78
[]|$\OMS/cmsy/m/n/10 ^^B$| 
 []


Overfull \hbox (2.08734pt too wide) in paragraph at lines 78--78
[]|$\OMS/cmsy/m/n/10 ^^B$| 
 []


Overfull \hbox (2.08734pt too wide) in paragraph at lines 78--78
[]|$\OMS/cmsy/m/n/10 ^^B$| 
 []


Overfull \hbox (2.08734pt too wide) in paragraph at lines 78--78
[]|$\OMS/cmsy/m/n/10 ^^B$| 
 []


Overfull \hbox (2.08734pt too wide) in paragraph at lines 78--78
[]|$\OMS/cmsy/m/n/10 ^^B$| 
 []


Overfull \hbox (2.08734pt too wide) in paragraph at lines 78--78
[]|$\OMS/cmsy/m/n/10 ^^B$| 
 []


Overfull \hbox (2.08734pt too wide) in paragraph at lines 78--79
[]|$\OMS/cmsy/m/n/10 ^^B$| 
 []


Overfull \hbox (2.08734pt too wide) in paragraph at lines 79--79
[]|$\OMS/cmsy/m/n/10 ^^B$| 
 []


Overfull \hbox (2.08734pt too wide) in paragraph at lines 79--79
[]|$\OMS/cmsy/m/n/10 ^^B$| 
 []


Overfull \hbox (2.08734pt too wide) in paragraph at lines 79--79
[]|$\OMS/cmsy/m/n/10 ^^B$| 
 []


Overfull \hbox (2.08734pt too wide) in paragraph at lines 79--79
[]|$\OMS/cmsy/m/n/10 ^^B$| 
 []


Overfull \hbox (2.08734pt too wide) in paragraph at lines 79--79
[]|$\OMS/cmsy/m/n/10 ^^B$| 
 []


Overfull \hbox (2.08734pt too wide) in paragraph at lines 79--80
[]|$\OMS/cmsy/m/n/10 ^^B$| 
 []


Overfull \hbox (2.08734pt too wide) in paragraph at lines 80--80
[]|$\OMS/cmsy/m/n/10 ^^B$| 
 []


Overfull \hbox (2.08734pt too wide) in paragraph at lines 80--80
[]|$\OMS/cmsy/m/n/10 ^^B$| 
 []


Overfull \hbox (2.08734pt too wide) in paragraph at lines 80--80
[]|$\OMS/cmsy/m/n/10 ^^B$| 
 []


Overfull \hbox (2.08734pt too wide) in paragraph at lines 80--80
[]|$\OMS/cmsy/m/n/10 ^^B$| 
 []


Overfull \hbox (2.08734pt too wide) in paragraph at lines 80--80
[]|$\OMS/cmsy/m/n/10 ^^B$| 
 []


Overfull \hbox (2.08734pt too wide) in paragraph at lines 80--81
[]|$\OMS/cmsy/m/n/10 ^^B$| 
 []


Overfull \hbox (2.08734pt too wide) in paragraph at lines 81--81
[]|$\OMS/cmsy/m/n/10 ^^B$| 
 []


Overfull \hbox (2.08734pt too wide) in paragraph at lines 81--81
[]|$\OMS/cmsy/m/n/10 ^^B$| 
 []


Overfull \hbox (2.08734pt too wide) in paragraph at lines 81--81
[]|$\OMS/cmsy/m/n/10 ^^B$| 
 []


Overfull \hbox (2.08734pt too wide) in paragraph at lines 81--81
[]|$\OMS/cmsy/m/n/10 ^^B$| 
 []


Overfull \hbox (2.08734pt too wide) in paragraph at lines 81--81
[]|$\OMS/cmsy/m/n/10 ^^B$| 
 []


Overfull \hbox (2.08734pt too wide) in paragraph at lines 81--82
[]|$\OMS/cmsy/m/n/10 ^^B$| 
 []


Overfull \hbox (2.08734pt too wide) in paragraph at lines 82--82
[]|$\OMS/cmsy/m/n/10 ^^B$| 
 []


Overfull \hbox (2.08734pt too wide) in paragraph at lines 82--82
[]|$\OMS/cmsy/m/n/10 ^^B$| 
 []


Overfull \hbox (2.08734pt too wide) in paragraph at lines 82--82
[]|$\OMS/cmsy/m/n/10 ^^B$| 
 []


Overfull \hbox (2.08734pt too wide) in paragraph at lines 82--82
[]|$\OMS/cmsy/m/n/10 ^^B$| 
 []


Overfull \hbox (2.08734pt too wide) in paragraph at lines 82--82
[]|$\OMS/cmsy/m/n/10 ^^B$| 
 []


Overfull \hbox (2.08734pt too wide) in paragraph at lines 82--83
[]|$\OMS/cmsy/m/n/10 ^^B$| 
 []


Overfull \hbox (42.55809pt too wide) in alignment at lines 63--83
 [] [] [] [] [] [] [] [] [] 
 []


Overfull \hbox (2.08734pt too wide) in paragraph at lines 83--83
[]|$\OMS/cmsy/m/n/10 ^^B$| 
 []


Overfull \hbox (2.08734pt too wide) in paragraph at lines 83--83
[]|$\OMS/cmsy/m/n/10 ^^B$| 
 []


Overfull \hbox (2.08734pt too wide) in paragraph at lines 83--83
[]|$\OMS/cmsy/m/n/10 ^^B$| 
 []


Overfull \hbox (2.08734pt too wide) in paragraph at lines 83--83
[]|$\OMS/cmsy/m/n/10 ^^B$| 
 []


Overfull \hbox (2.08734pt too wide) in paragraph at lines 83--83
[]|$\OMS/cmsy/m/n/10 ^^B$| 
 []


Overfull \hbox (2.08734pt too wide) in paragraph at lines 83--85
[]|$\OMS/cmsy/m/n/10 ^^B$| 
 []


Overfull \hbox (2.08734pt too wide) in paragraph at lines 86--86
[]|$\OMS/cmsy/m/n/10 ^^B$| 
 []


Overfull \hbox (2.08734pt too wide) in paragraph at lines 86--86
[]|$\OMS/cmsy/m/n/10 ^^B$| 
 []


Overfull \hbox (2.08734pt too wide) in paragraph at lines 86--86
[]|$\OMS/cmsy/m/n/10 ^^B$| 
 []


Overfull \hbox (2.08734pt too wide) in paragraph at lines 86--86
[]|$\OMS/cmsy/m/n/10 ^^B$| 
 []


Overfull \hbox (2.08734pt too wide) in paragraph at lines 86--86
[]|$\OMS/cmsy/m/n/10 ^^B$| 
 []


Overfull \hbox (2.08734pt too wide) in paragraph at lines 86--87
[]|$\OMS/cmsy/m/n/10 ^^B$| 
 []


Overfull \hbox (2.08734pt too wide) in paragraph at lines 87--87
[]|$\OMS/cmsy/m/n/10 ^^B$| 
 []


Overfull \hbox (2.08734pt too wide) in paragraph at lines 87--87
[]|$\OMS/cmsy/m/n/10 ^^B$| 
 []


Overfull \hbox (2.08734pt too wide) in paragraph at lines 87--87
[]|$\OMS/cmsy/m/n/10 ^^B$| 
 []


Overfull \hbox (2.08734pt too wide) in paragraph at lines 87--87
[]|$\OMS/cmsy/m/n/10 ^^B$| 
 []


Overfull \hbox (2.08734pt too wide) in paragraph at lines 87--87
[]|$\OMS/cmsy/m/n/10 ^^B$| 
 []


Overfull \hbox (2.08734pt too wide) in paragraph at lines 87--88
[]|$\OMS/cmsy/m/n/10 ^^B$| 
 []


Overfull \hbox (2.08734pt too wide) in paragraph at lines 88--88
[]|$\OMS/cmsy/m/n/10 ^^B$| 
 []


Overfull \hbox (2.08734pt too wide) in paragraph at lines 88--88
[]|$\OMS/cmsy/m/n/10 ^^B$| 
 []


Overfull \hbox (2.08734pt too wide) in paragraph at lines 88--88
[]|$\OMS/cmsy/m/n/10 ^^B$| 
 []


Overfull \hbox (2.08734pt too wide) in paragraph at lines 88--88
[]|$\OMS/cmsy/m/n/10 ^^B$| 
 []


Overfull \hbox (2.08734pt too wide) in paragraph at lines 88--88
[]|$\OMS/cmsy/m/n/10 ^^B$| 
 []


Overfull \hbox (2.08734pt too wide) in paragraph at lines 88--89
[]|$\OMS/cmsy/m/n/10 ^^B$| 
 []


Overfull \hbox (2.08734pt too wide) in paragraph at lines 89--89
[]|$\OMS/cmsy/m/n/10 ^^B$| 
 []


Overfull \hbox (2.08734pt too wide) in paragraph at lines 89--89
[]|$\OMS/cmsy/m/n/10 ^^B$| 
 []


Overfull \hbox (2.08734pt too wide) in paragraph at lines 89--89
[]|$\OMS/cmsy/m/n/10 ^^B$| 
 []


Overfull \hbox (2.08734pt too wide) in paragraph at lines 89--89
[]|$\OMS/cmsy/m/n/10 ^^B$| 
 []


Overfull \hbox (2.08734pt too wide) in paragraph at lines 89--89
[]|$\OMS/cmsy/m/n/10 ^^B$| 
 []


Overfull \hbox (2.08734pt too wide) in paragraph at lines 89--90
[]|$\OMS/cmsy/m/n/10 ^^B$| 
 []


Overfull \hbox (2.08734pt too wide) in paragraph at lines 90--90
[]|$\OMS/cmsy/m/n/10 ^^B$| 
 []


Overfull \hbox (2.08734pt too wide) in paragraph at lines 90--90
[]|$\OMS/cmsy/m/n/10 ^^B$| 
 []


Overfull \hbox (2.08734pt too wide) in paragraph at lines 90--90
[]|$\OMS/cmsy/m/n/10 ^^B$| 
 []


Overfull \hbox (2.08734pt too wide) in paragraph at lines 90--90
[]|$\OMS/cmsy/m/n/10 ^^B$| 
 []


Overfull \hbox (2.08734pt too wide) in paragraph at lines 90--90
[]|$\OMS/cmsy/m/n/10 ^^B$| 
 []


Overfull \hbox (2.08734pt too wide) in paragraph at lines 90--91
[]|$\OMS/cmsy/m/n/10 ^^B$| 
 []


Overfull \hbox (2.08734pt too wide) in paragraph at lines 91--91
[]|$\OMS/cmsy/m/n/10 ^^B$| 
 []


Overfull \hbox (2.08734pt too wide) in paragraph at lines 91--91
[]|$\OMS/cmsy/m/n/10 ^^B$| 
 []


Overfull \hbox (2.08734pt too wide) in paragraph at lines 91--91
[]|$\OMS/cmsy/m/n/10 ^^B$| 
 []


Overfull \hbox (2.08734pt too wide) in paragraph at lines 91--91
[]|$\OMS/cmsy/m/n/10 ^^B$| 
 []


Overfull \hbox (2.08734pt too wide) in paragraph at lines 91--91
[]|$\OMS/cmsy/m/n/10 ^^B$| 
 []


Overfull \hbox (2.08734pt too wide) in paragraph at lines 91--92
[]|$\OMS/cmsy/m/n/10 ^^B$| 
 []


Overfull \hbox (2.08734pt too wide) in paragraph at lines 92--92
[]|$\OMS/cmsy/m/n/10 ^^B$| 
 []


Overfull \hbox (2.08734pt too wide) in paragraph at lines 92--92
[]|$\OMS/cmsy/m/n/10 ^^B$| 
 []


Overfull \hbox (2.08734pt too wide) in paragraph at lines 92--92
[]|$\OMS/cmsy/m/n/10 ^^B$| 
 []


Overfull \hbox (2.08734pt too wide) in paragraph at lines 92--92
[]|$\OMS/cmsy/m/n/10 ^^B$| 
 []


Overfull \hbox (2.08734pt too wide) in paragraph at lines 92--92
[]|$\OMS/cmsy/m/n/10 ^^B$| 
 []


Overfull \hbox (2.08734pt too wide) in paragraph at lines 92--93
[]|$\OMS/cmsy/m/n/10 ^^B$| 
 []


Overfull \hbox (2.08734pt too wide) in paragraph at lines 93--93
[]|$\OMS/cmsy/m/n/10 ^^B$| 
 []


Overfull \hbox (2.08734pt too wide) in paragraph at lines 93--93
[]|$\OMS/cmsy/m/n/10 ^^B$| 
 []


Overfull \hbox (2.08734pt too wide) in paragraph at lines 93--93
[]|$\OMS/cmsy/m/n/10 ^^B$| 
 []


Overfull \hbox (2.08734pt too wide) in paragraph at lines 93--93
[]|$\OMS/cmsy/m/n/10 ^^B$| 
 []


Overfull \hbox (2.08734pt too wide) in paragraph at lines 93--93
[]|$\OMS/cmsy/m/n/10 ^^B$| 
 []


Overfull \hbox (2.08734pt too wide) in paragraph at lines 93--94
[]|$\OMS/cmsy/m/n/10 ^^B$| 
 []


Overfull \hbox (2.08734pt too wide) in paragraph at lines 94--94
[]|$\OMS/cmsy/m/n/10 ^^B$| 
 []


Overfull \hbox (2.08734pt too wide) in paragraph at lines 94--94
[]|$\OMS/cmsy/m/n/10 ^^B$| 
 []


Overfull \hbox (2.08734pt too wide) in paragraph at lines 94--94
[]|$\OMS/cmsy/m/n/10 ^^B$| 
 []


Overfull \hbox (2.08734pt too wide) in paragraph at lines 94--94
[]|$\OMS/cmsy/m/n/10 ^^B$| 
 []


Overfull \hbox (2.08734pt too wide) in paragraph at lines 94--94
[]|$\OMS/cmsy/m/n/10 ^^B$| 
 []


Overfull \hbox (2.08734pt too wide) in paragraph at lines 94--95
[]|$\OMS/cmsy/m/n/10 ^^B$| 
 []


Overfull \hbox (2.08734pt too wide) in paragraph at lines 95--95
[]|$\OMS/cmsy/m/n/10 ^^B$| 
 []


Overfull \hbox (2.08734pt too wide) in paragraph at lines 95--95
[]|$\OMS/cmsy/m/n/10 ^^B$| 
 []


Overfull \hbox (2.08734pt too wide) in paragraph at lines 95--95
[]|$\OMS/cmsy/m/n/10 ^^B$| 
 []


Overfull \hbox (2.08734pt too wide) in paragraph at lines 95--95
[]|$\OMS/cmsy/m/n/10 ^^B$| 
 []


Overfull \hbox (2.08734pt too wide) in paragraph at lines 95--95
[]|$\OMS/cmsy/m/n/10 ^^B$| 
 []


Overfull \hbox (2.08734pt too wide) in paragraph at lines 95--96
[]|$\OMS/cmsy/m/n/10 ^^B$| 
 []


Overfull \hbox (2.08734pt too wide) in paragraph at lines 96--96
[]|$\OMS/cmsy/m/n/10 ^^B$| 
 []


Overfull \hbox (2.08734pt too wide) in paragraph at lines 96--96
[]|$\OMS/cmsy/m/n/10 ^^B$| 
 []


Overfull \hbox (2.08734pt too wide) in paragraph at lines 96--96
[]|$\OMS/cmsy/m/n/10 ^^B$| 
 []


Overfull \hbox (2.08734pt too wide) in paragraph at lines 96--96
[]|$\OMS/cmsy/m/n/10 ^^B$| 
 []


Overfull \hbox (2.08734pt too wide) in paragraph at lines 96--96
[]|$\OMS/cmsy/m/n/10 ^^B$| 
 []


Overfull \hbox (2.08734pt too wide) in paragraph at lines 96--98
[]|$\OMS/cmsy/m/n/10 ^^B$| 
 []


Overfull \hbox (2.08734pt too wide) in paragraph at lines 98--98
[]|$\OMS/cmsy/m/n/10 ^^B$| 
 []


Overfull \hbox (2.08734pt too wide) in paragraph at lines 98--98
[]|$\OMS/cmsy/m/n/10 ^^B$| 
 []


Overfull \hbox (2.08734pt too wide) in paragraph at lines 98--98
[]|$\OMS/cmsy/m/n/10 ^^B$| 
 []


Overfull \hbox (2.08734pt too wide) in paragraph at lines 99--99
[]|$\OMS/cmsy/m/n/10 ^^B$| 
 []


Overfull \hbox (2.08734pt too wide) in paragraph at lines 99--99
[]|$\OMS/cmsy/m/n/10 ^^B$| 
 []


Overfull \hbox (2.08734pt too wide) in paragraph at lines 99--99
[]|$\OMS/cmsy/m/n/10 ^^B$| 
 []


Overfull \hbox (2.08734pt too wide) in paragraph at lines 100--100
[]|$\OMS/cmsy/m/n/10 ^^B$| 
 []


Overfull \hbox (2.08734pt too wide) in paragraph at lines 100--100
[]|$\OMS/cmsy/m/n/10 ^^B$| 
 []


Overfull \hbox (2.08734pt too wide) in paragraph at lines 100--100
[]|$\OMS/cmsy/m/n/10 ^^B$| 
 []


Overfull \hbox (2.08734pt too wide) in paragraph at lines 101--101
[]|$\OMS/cmsy/m/n/10 ^^B$| 
 []


Overfull \hbox (2.08734pt too wide) in paragraph at lines 101--101
[]|$\OMS/cmsy/m/n/10 ^^B$| 
 []


Overfull \hbox (2.08734pt too wide) in paragraph at lines 101--101
[]|$\OMS/cmsy/m/n/10 ^^B$| 
 []


Overfull \hbox (2.08734pt too wide) in paragraph at lines 102--102
[]|$\OMS/cmsy/m/n/10 ^^B$| 
 []


Overfull \hbox (2.08734pt too wide) in paragraph at lines 102--102
[]|$\OMS/cmsy/m/n/10 ^^B$| 
 []


Overfull \hbox (2.08734pt too wide) in paragraph at lines 102--102
[]|$\OMS/cmsy/m/n/10 ^^B$| 
 []


Overfull \hbox (2.08734pt too wide) in paragraph at lines 103--103
[]|$\OMS/cmsy/m/n/10 ^^B$| 
 []


Overfull \hbox (2.08734pt too wide) in paragraph at lines 103--103
[]|$\OMS/cmsy/m/n/10 ^^B$| 
 []


Overfull \hbox (2.08734pt too wide) in paragraph at lines 103--103
[]|$\OMS/cmsy/m/n/10 ^^B$| 
 []


Overfull \hbox (42.55809pt too wide) in alignment at lines 83--107
 [] [] [] [] [] [] [] [] [] 
 []

[96]) [97] (./mapping_run_2.tex
Overfull \hbox (0.55956pt too wide) in paragraph at lines 14--14
[]|\OT1/cmr/m/n/10 L| 
 []


Overfull \hbox (1.80956pt too wide) in paragraph at lines 14--14
[]|\OT1/cmr/m/n/10 N| 
 []


Overfull \hbox (1.94844pt too wide) in paragraph at lines 14--14
[]|\OT1/cmr/m/n/10 D| 
 []


Overfull \hbox (1.94844pt too wide) in paragraph at lines 14--14
[]|\OT1/cmr/m/n/10 D| 
 []


Overfull \hbox (1.80956pt too wide) in paragraph at lines 14--14
[]|\OT1/cmr/m/n/10 U| 
 []


Overfull \hbox (1.80956pt too wide) in paragraph at lines 14--15
[]|\OT1/cmr/m/n/10 N| 
 []


Overfull \hbox (2.08734pt too wide) in paragraph at lines 17--17
[]|$\OMS/cmsy/m/n/10 ^^B$| 
 []


Overfull \hbox (2.08734pt too wide) in paragraph at lines 17--17
[]|$\OMS/cmsy/m/n/10 ^^B$| 
 []


Overfull \hbox (2.08734pt too wide) in paragraph at lines 17--17
[]|$\OMS/cmsy/m/n/10 ^^B$| 
 []


Overfull \hbox (2.08734pt too wide) in paragraph at lines 17--18
[]|$\OMS/cmsy/m/n/10 ^^B$| 
 []


Overfull \hbox (2.08734pt too wide) in paragraph at lines 20--21
[]|$\OMS/cmsy/m/n/10 ^^B$| 
 []


Overfull \hbox (2.08734pt too wide) in paragraph at lines 21--22
[]|$\OMS/cmsy/m/n/10 ^^B$| 
 []


Overfull \hbox (2.08734pt too wide) in paragraph at lines 22--23
[]|$\OMS/cmsy/m/n/10 ^^B$| 
 []


Overfull \hbox (2.08734pt too wide) in paragraph at lines 23--24
[]|$\OMS/cmsy/m/n/10 ^^B$| 
 []


Overfull \hbox (2.08734pt too wide) in paragraph at lines 24--25
[]|$\OMS/cmsy/m/n/10 ^^B$| 
 []


Overfull \hbox (2.08734pt too wide) in paragraph at lines 25--25
[]|$\OMS/cmsy/m/n/10 ^^B$| 
 []


Overfull \hbox (2.08734pt too wide) in paragraph at lines 25--25
[]|$\OMS/cmsy/m/n/10 ^^B$| 
 []


Overfull \hbox (2.08734pt too wide) in paragraph at lines 25--26
[]|$\OMS/cmsy/m/n/10 ^^B$| 
 []


Overfull \hbox (2.08734pt too wide) in paragraph at lines 26--27
[]|$\OMS/cmsy/m/n/10 ^^B$| 
 []


Overfull \hbox (2.08734pt too wide) in paragraph at lines 27--27
[]|$\OMS/cmsy/m/n/10 ^^B$| 
 []


Overfull \hbox (2.08734pt too wide) in paragraph at lines 27--27
[]|$\OMS/cmsy/m/n/10 ^^B$| 
 []


Overfull \hbox (2.08734pt too wide) in paragraph at lines 27--28
[]|$\OMS/cmsy/m/n/10 ^^B$| 
 []


Overfull \hbox (2.08734pt too wide) in paragraph at lines 30--31
[]|$\OMS/cmsy/m/n/10 ^^B$| 
 []


Overfull \hbox (2.08734pt too wide) in paragraph at lines 35--35
[]|$\OMS/cmsy/m/n/10 ^^B$| 
 []


Overfull \hbox (2.08734pt too wide) in paragraph at lines 35--35
[]|$\OMS/cmsy/m/n/10 ^^B$| 
 []


Overfull \hbox (2.08734pt too wide) in paragraph at lines 36--36
[]|$\OMS/cmsy/m/n/10 ^^B$| 
 []


Overfull \hbox (42.55809pt too wide) in alignment at lines 11--44
 [] [] [] [] [] [] [] [] [] 
 []


Underfull \vbox (badness 10000) detected at line 44
 []

)) [98]
\openout2 = `SA-ThreatElicitation.aux'.

 (./SA-ThreatElicitation.tex (./SA-assumptions.tex [99


])
(./SA-Threats.tex (./SAThreat-T02.tex [100]) (./SAThreat-T04.tex [101])
(./SAThreat-T05.tex [102]) (./SAThreat-T06.tex [103]) (./SAThreat-T11.tex
[104]) (./SAThreat-T14.tex) (./SAThreat-T15.tex [105]) (./SAThreat-T16.tex
[106]) (./SAThreat-T17.tex [107]) (./SAThreat-T18.tex) (./SAThreat-T19.tex
[108]) (./SAThreat-T20.tex [109]))) [110]
\openout2 = `SA-prioritization.aux'.

 (./SA-prioritization.tex) [111


]
\openout2 = `SA-Appendix.aux'.


(./SA-Appendix.tex (./SA-ElementCatalog.tex [112


] [113] [114] [115] [116]
[117] [118]) (./SA-InterfaceDescription.tex (./SAI-IAcknowledgementHandler.tex
[119]) (./SAI-IAnomalyDetector.tex) (./SAI-IAuthenticator.tex)
(./SAI-IBillSender.tex [120]) (./SAI-IBroker.tex) (./SAI-IBuffer.tex [121])
(./SAI-ICompute.tex) (./SAI-IDataBase.tex [122]) (./SAI-IExecuter.tex)
(./SAI-IHeartBeat.tex [123]) (./SAI-IHeartBeatTable.tex)
(./SAI-IInvoiceGenerator.tex [124]) (./SAI-IMeasProc.tex)
(./SAI-IPredictionScheduler.tex) (./SAI-IPublishable.tex [125])
(./SAI-IReqCache.tex) (./SAI-IScheduler.tex [126]) (./SAI-ISender.tex)
(./SAI-ISubscribable.tex [127]) (./SAI-ITrameSender.tex) (./SAI-IUIS.tex
[128]) (./SAI-IUserInteraction.tex [129]) (./SAI-IUserNotifier.tex))) [130]
(./SAProjectM.aux (./SA-Preface.aux) (./overviewSection.aux)
(./domainSection.aux) (./glossarySection.aux) (./usecaseSection.aux)
(./qualityASSection.aux) (./SA-ADD.aux) (./SA-FinalArchitecture.aux)
(./SA-Scenarios.aux) (./SA-Understanding.aux) (./SA-PrivacyAnalysis.aux)
(./SA-ThreatElicitation.aux) (./SA-prioritization.aux) (./SA-Appendix.aux)) ) 
Here is how much of TeX's memory you used:
 10002 strings out of 495061
 153120 string characters out of 1182621
 336425 words of memory out of 3000000
 11745 multiletter control sequences out of 15000+50000
 8708 words of font info for 31 fonts, out of 3000000 for 9000
 28 hyphenation exceptions out of 8191
 42i,10n,82p,646b,1631s stack positions out of 5000i,500n,10000p,200000b,50000s
</
usr/share/texmf-texlive/fonts/type1/public/amsfonts/cm/cmbx10.pfb></usr/share/t
exmf-texlive/fonts/type1/public/amsfonts/cm/cmbx12.pfb></usr/share/texmf-texliv
e/fonts/type1/public/amsfonts/cm/cmmi10.pfb></usr/share/texmf-texlive/fonts/typ
e1/public/amsfonts/cm/cmr10.pfb></usr/share/texmf-texlive/fonts/type1/public/am
sfonts/cm/cmr12.pfb></usr/share/texmf-texlive/fonts/type1/public/amsfonts/cm/cm
r17.pfb></usr/share/texmf-texlive/fonts/type1/public/amsfonts/cm/cmsy10.pfb></u
sr/share/texmf-texlive/fonts/type1/public/amsfonts/cm/cmti10.pfb></usr/share/te
xmf-texlive/fonts/type1/public/amsfonts/cm/cmtt10.pfb>
Output written on SAProjectM.pdf (130 pages, 3429209 bytes).
PDF statistics:
 3581 PDF objects out of 4296 (max. 8388607)
 906 named destinations out of 1000 (max. 500000)
 3977 words of extra memory for PDF output out of 10000 (max. 10000000)

