This is pdfTeX, Version 3.1415926-1.40.10 (TeX Live 2009/Debian) (format=pdflatex 2011.7.26)  14 MAY 2012 01:11
entering extended mode
 %&-line parsing enabled.
**SAProject3.tex
(./SAProject3.tex
LaTeX2e <2009/09/24>
Babel <v3.8l> and hyphenation patterns for english, usenglishmax, dumylang, noh
yphenation, loaded.
(/usr/share/texmf-texlive/tex/latex/base/article.cls
Document Class: article 2007/10/19 v1.4h Standard LaTeX document class
(/usr/share/texmf-texlive/tex/latex/base/size10.clo
File: size10.clo 2007/10/19 v1.4h Standard LaTeX file (size option)
)
\c@part=\count79
\c@section=\count80
\c@subsection=\count81
\c@subsubsection=\count82
\c@paragraph=\count83
\c@subparagraph=\count84
\c@figure=\count85
\c@table=\count86
\abovecaptionskip=\skip41
\belowcaptionskip=\skip42
\bibindent=\dimen102
)
(/usr/share/texmf-texlive/tex/generic/babel/babel.sty
Package: babel 2008/07/06 v3.8l The Babel package

(/usr/share/texmf-texlive/tex/generic/babel/english.ldf
Language: english 2005/03/30 v3.3o English support from the babel system

(/usr/share/texmf-texlive/tex/generic/babel/babel.def
File: babel.def 2008/07/06 v3.8l Babel common definitions
\babel@savecnt=\count87
\U@D=\dimen103
)
\l@british = a dialect from \language\l@english 
\l@UKenglish = a dialect from \language\l@english 
\l@canadian = a dialect from \language\l@american 
\l@australian = a dialect from \language\l@british 
\l@newzealand = a dialect from \language\l@british 
))
(/usr/share/texmf-texlive/tex/latex/graphics/graphicx.sty
Package: graphicx 1999/02/16 v1.0f Enhanced LaTeX Graphics (DPC,SPQR)

(/usr/share/texmf-texlive/tex/latex/graphics/keyval.sty
Package: keyval 1999/03/16 v1.13 key=value parser (DPC)
\KV@toks@=\toks14
)
(/usr/share/texmf-texlive/tex/latex/graphics/graphics.sty
Package: graphics 2009/02/05 v1.0o Standard LaTeX Graphics (DPC,SPQR)

(/usr/share/texmf-texlive/tex/latex/graphics/trig.sty
Package: trig 1999/03/16 v1.09 sin cos tan (DPC)
)
(/etc/texmf/tex/latex/config/graphics.cfg
File: graphics.cfg 2009/08/28 v1.8 graphics configuration of TeX Live
)
Package graphics Info: Driver file: pdftex.def on input line 91.

(/usr/share/texmf-texlive/tex/latex/pdftex-def/pdftex.def
File: pdftex.def 2010/03/12 v0.04p Graphics/color for pdfTeX
\Gread@gobject=\count88
))
\Gin@req@height=\dimen104
\Gin@req@width=\dimen105
)
(/usr/share/texmf-texlive/tex/latex/hyperref/hyperref.sty
Package: hyperref 2009/10/09 v6.79a Hypertext links for LaTeX

(/usr/share/texmf-texlive/tex/generic/oberdiek/ifpdf.sty
Package: ifpdf 2009/04/10 v2.0 Provides the ifpdf switch (HO)
Package ifpdf Info: pdfTeX in pdf mode detected.
)
(/usr/share/texmf-texlive/tex/generic/oberdiek/ifvtex.sty
Package: ifvtex 2008/11/04 v1.4 Switches for detecting VTeX and its modes (HO)
Package ifvtex Info: VTeX not detected.
)
(/usr/share/texmf-texlive/tex/generic/ifxetex/ifxetex.sty
Package: ifxetex 2009/01/23 v0.5 Provides ifxetex conditional
)
(/usr/share/texmf-texlive/tex/latex/oberdiek/hycolor.sty
Package: hycolor 2009/10/02 v1.5 Code for color options of hyperref/bookmark (H
O)

(/usr/share/texmf-texlive/tex/latex/oberdiek/xcolor-patch.sty
Package: xcolor-patch 2009/10/02 xcolor patch
))
\@linkdim=\dimen106
\Hy@linkcounter=\count89
\Hy@pagecounter=\count90

(/usr/share/texmf-texlive/tex/latex/hyperref/pd1enc.def
File: pd1enc.def 2009/10/09 v6.79a Hyperref: PDFDocEncoding definition (HO)
)
(/usr/share/texmf-texlive/tex/generic/oberdiek/etexcmds.sty
Package: etexcmds 2007/12/12 v1.2 Prefix for e-TeX command names (HO)

(/usr/share/texmf-texlive/tex/generic/oberdiek/infwarerr.sty
Package: infwarerr 2007/09/09 v1.2 Providing info/warning/message (HO)
)
Package etexcmds Info: Could not find \expanded.
(etexcmds)             That can mean that you are not using pdfTeX 1.50 or
(etexcmds)             that some package has redefined \expanded.
(etexcmds)             In the latter case, load this package earlier.
)
(/usr/share/texmf-texlive/tex/latex/latexconfig/hyperref.cfg
File: hyperref.cfg 2002/06/06 v1.2 hyperref configuration of TeXLive
)
(/usr/share/texmf-texlive/tex/latex/oberdiek/kvoptions.sty
Package: kvoptions 2009/08/13 v3.4 Keyval support for LaTeX options (HO)

(/usr/share/texmf-texlive/tex/generic/oberdiek/kvsetkeys.sty
Package: kvsetkeys 2009/07/30 v1.5 Key value parser with default handler suppor
t (HO)
))
Package hyperref Info: Option `bookmarks' set `true' on input line 2864.
Package hyperref Info: Option `bookmarksnumbered' set `false' on input line 286
4.
Package hyperref Info: Option `bookmarksopen' set `false' on input line 2864.
Package hyperref Info: Option `breaklinks' set `false' on input line 2864.
Package hyperref Info: Option `colorlinks' set `true' on input line 2864.
Package hyperref Info: Hyper figures OFF on input line 2975.
Package hyperref Info: Link nesting OFF on input line 2980.
Package hyperref Info: Hyper index ON on input line 2983.
Package hyperref Info: Plain pages OFF on input line 2990.
Package hyperref Info: Backreferencing OFF on input line 2995.

Implicit mode ON; LaTeX internals redefined
Package hyperref Info: Bookmarks ON on input line 3191.
(/usr/share/texmf-texlive/tex/latex/ltxmisc/url.sty
\Urlmuskip=\muskip10
Package: url 2006/04/12  ver 3.3  Verb mode for urls, etc.
)
LaTeX Info: Redefining \url on input line 3428.

(/usr/share/texmf-texlive/tex/generic/oberdiek/bitset.sty
Package: bitset 2007/09/28 v1.0 Data type bit set (HO)

(/usr/share/texmf-texlive/tex/generic/oberdiek/intcalc.sty
Package: intcalc 2007/09/27 v1.1 Expandable integer calculations (HO)
)
(/usr/share/texmf-texlive/tex/generic/oberdiek/bigintcalc.sty
Package: bigintcalc 2007/11/11 v1.1 Expandable big integer calculations (HO)

(/usr/share/texmf-texlive/tex/generic/oberdiek/pdftexcmds.sty
Package: pdftexcmds 2009/09/23 v0.6 LuaTeX support for pdfTeX utility functions
 (HO)

(/usr/share/texmf-texlive/tex/generic/oberdiek/ifluatex.sty
Package: ifluatex 2009/04/17 v1.2 Provides the ifluatex switch (HO)
Package ifluatex Info: LuaTeX not detected.
)
(/usr/share/texmf-texlive/tex/generic/oberdiek/ltxcmds.sty
Package: ltxcmds 2009/08/05 v1.0 Some LaTeX kernel commands for general use (HO
)
)
Package pdftexcmds Info: LuaTeX not detected.
Package pdftexcmds Info: \pdf@primitive is available.
Package pdftexcmds Info: \pdf@ifprimitive is available.
)))
\Fld@menulength=\count91
\Field@Width=\dimen107
\Fld@charsize=\dimen108
\Field@toks=\toks15
Package hyperref Info: Hyper figures OFF on input line 4377.
Package hyperref Info: Link nesting OFF on input line 4382.
Package hyperref Info: Hyper index ON on input line 4385.
Package hyperref Info: backreferencing OFF on input line 4392.
Package hyperref Info: Link coloring ON on input line 4395.
Package hyperref Info: Link coloring with OCG OFF on input line 4402.
Package hyperref Info: PDF/A mode OFF on input line 4407.

(/usr/share/texmf-texlive/tex/generic/oberdiek/atbegshi.sty
Package: atbegshi 2008/07/31 v1.9 At begin shipout hook (HO)
)
\Hy@abspage=\count92
\c@Item=\count93
\c@Hfootnote=\count94
)
*hyperref using default driver hpdftex*
(/usr/share/texmf-texlive/tex/latex/hyperref/hpdftex.def
File: hpdftex.def 2009/10/09 v6.79a Hyperref driver for pdfTeX
\Fld@listcount=\count95
)
(/usr/share/texmf-texlive/tex/latex/graphics/color.sty
Package: color 2005/11/14 v1.0j Standard LaTeX Color (DPC)

(/etc/texmf/tex/latex/config/color.cfg
File: color.cfg 2007/01/18 v1.5 color configuration of teTeX/TeXLive
)
Package color Info: Driver file: pdftex.def on input line 130.
)
(/usr/share/texmf-texlive/tex/latex/geometry/geometry.sty
Package: geometry 2008/12/21 v4.2 Page Geometry
\Gm@cnth=\count96
\Gm@cntv=\count97
\c@Gm@tempcnt=\count98
\Gm@bindingoffset=\dimen109
\Gm@wd@mp=\dimen110
\Gm@odd@mp=\dimen111
\Gm@even@mp=\dimen112
\Gm@dimlist=\toks16
)
(/usr/share/texmf-texlive/tex/latex/mdwtools/mdwlist.sty
Package: mdwlist 1996/05/02 1.1 Various list-related things
)
(/usr/share/texmf-texlive/tex/latex/caption/caption.sty
Package: caption 2009/10/09 v3.1k Customizing captions (AR)

(/usr/share/texmf-texlive/tex/latex/caption/caption3.sty
Package: caption3 2009/10/09 v3.1k caption3 kernel (AR)
\captionmargin=\dimen113
\captionmargin@=\dimen114
\captionwidth=\dimen115
\caption@indent=\dimen116
\caption@parindent=\dimen117
\caption@hangindent=\dimen118
)
\c@ContinuedFloat=\count99
Package caption Info: hyperref package is loaded.
)
(/usr/share/texmf-texlive/tex/latex/tools/longtable.sty
Package: longtable 2004/02/01 v4.11 Multi-page Table package (DPC)
\LTleft=\skip43
\LTright=\skip44
\LTpre=\skip45
\LTpost=\skip46
\LTchunksize=\count100
\LTcapwidth=\dimen119
\LT@head=\box26
\LT@firsthead=\box27
\LT@foot=\box28
\LT@lastfoot=\box29
\LT@cols=\count101
\LT@rows=\count102
\c@LT@tables=\count103
\c@LT@chunks=\count104
\LT@p@ftn=\toks17
)
(/usr/share/texmf-texlive/tex/latex/tools/multicol.sty
Package: multicol 2008/12/05 v1.6h multicolumn formatting (FMi)
\c@tracingmulticols=\count105
\mult@box=\box30
\multicol@leftmargin=\dimen120
\c@unbalance=\count106
\c@collectmore=\count107
\doublecol@number=\count108
\multicoltolerance=\count109
\multicolpretolerance=\count110
\full@width=\dimen121
\page@free=\dimen122
\premulticols=\dimen123
\postmulticols=\dimen124
\multicolsep=\skip47
\multicolbaselineskip=\skip48
\partial@page=\box31
\last@line=\box32
\mult@rightbox=\box33
\mult@grightbox=\box34
\mult@gfirstbox=\box35
\mult@firstbox=\box36
\@tempa=\box37
\@tempa=\box38
\@tempa=\box39
\@tempa=\box40
\@tempa=\box41
\@tempa=\box42
\@tempa=\box43
\@tempa=\box44
\@tempa=\box45
\@tempa=\box46
\@tempa=\box47
\@tempa=\box48
\@tempa=\box49
\@tempa=\box50
\@tempa=\box51
\@tempa=\box52
\@tempa=\box53
\c@columnbadness=\count111
\c@finalcolumnbadness=\count112
\last@try=\dimen125
\multicolovershoot=\dimen126
\multicolundershoot=\dimen127
\mult@nat@firstbox=\box54
\colbreak@box=\box55
)
(/usr/share/texmf-texlive/tex/latex/booktabs/booktabs.sty
Package: booktabs 2005/04/14 v1.61803 publication quality tables
\heavyrulewidth=\dimen128
\lightrulewidth=\dimen129
\cmidrulewidth=\dimen130
\belowrulesep=\dimen131
\belowbottomsep=\dimen132
\aboverulesep=\dimen133
\abovetopsep=\dimen134
\cmidrulesep=\dimen135
\cmidrulekern=\dimen136
\defaultaddspace=\dimen137
\@cmidla=\count113
\@cmidlb=\count114
\@aboverulesep=\dimen138
\@belowrulesep=\dimen139
\@thisruleclass=\count115
\@lastruleclass=\count116
\@thisrulewidth=\dimen140
)
(/usr/share/texmf-texlive/tex/latex/sttools/stfloats.sty
Package: stfloats 1999/10/22
\@dblbotnum=\count117
\c@dblbotnumber=\count118
)
(/usr/share/texmf-texlive/tex/latex/ltxmisc/parskip.sty
Package: parskip 2001/04/09 non-zero parskip adjustments
)
(/usr/share/texmf-texlive/tex/latex/tools/verbatim.sty
Package: verbatim 2003/08/22 v1.5q LaTeX2e package for verbatim enhancements
\every@verbatim=\toks18
\verbatim@line=\toks19
\verbatim@in@stream=\read1
)
(/usr/share/texmf-texlive/tex/latex/listings/listings.sty
\lst@mode=\count119
\lst@gtempboxa=\box56
\lst@token=\toks20
\lst@length=\count120
\lst@currlwidth=\dimen141
\lst@column=\count121
\lst@pos=\count122
\lst@lostspace=\dimen142
\lst@width=\dimen143
\lst@newlines=\count123
\lst@lineno=\count124
\lst@maxwidth=\dimen144

(/usr/share/texmf-texlive/tex/latex/listings/lstmisc.sty
File: lstmisc.sty 2007/02/22 1.4 (Carsten Heinz)
\c@lstnumber=\count125
\lst@skipnumbers=\count126
\lst@framebox=\box57
)
(/usr/share/texmf-texlive/tex/latex/listings/listings.cfg
File: listings.cfg 2007/02/22 1.4 listings configuration
))
Package: listings 2007/02/22 1.4 (Carsten Heinz)

(/usr/share/texmf-texlive/tex/latex/ctable/ctable.sty
Package: ctable 2009/09/17 v1.15 ctable package

(/usr/share/texmf-texlive/tex/latex/xkeyval/xkeyval.sty
Package: xkeyval 2008/08/13 v2.6a package option processing (HA)

(/usr/share/texmf-texlive/tex/generic/xkeyval/xkeyval.tex
\XKV@toks=\toks21
\XKV@tempa@toks=\toks22
\XKV@depth=\count127
File: xkeyval.tex 2008/08/13 v2.6a key=value parser (HA)
))
(/usr/share/texmf-texlive/tex/latex/tools/array.sty
Package: array 2008/09/09 v2.4c Tabular extension package (FMi)
\col@sep=\dimen145
\extrarowheight=\dimen146
\NC@list=\toks23
\extratabsurround=\skip49
\backup@length=\skip50
)
(/usr/share/texmf-texlive/tex/latex/tools/tabularx.sty
Package: tabularx 1999/01/07 v2.07 `tabularx' package (DPC)
\TX@col@width=\dimen147
\TX@old@table=\dimen148
\TX@old@col=\dimen149
\TX@target=\dimen150
\TX@delta=\dimen151
\TX@cols=\count128
\TX@ftn=\toks24
)
(/usr/share/texmf-texlive/tex/latex/rotating/rotating.sty
Package: rotating 2009/03/28 v2.16a rotated objects in LaTeX

(/usr/share/texmf-texlive/tex/latex/base/ifthen.sty
Package: ifthen 2001/05/26 v1.1c Standard LaTeX ifthen package (DPC)
)
\c@r@tfl@t=\count129
\rotFPtop=\skip51
\rotFPbot=\skip52
\rot@float@box=\box58
\rot@mess@toks=\toks25
)
\@ctblframesep=\dimen152
\@ctblframerule=\dimen153
\@ctblwidth=\dimen154
\@ctblcaptionskip=\dimen155
\@ctblmaxwidth=\dimen156
\@ctblmincapwidth=\dimen157
\@ctblw=\dimen158
\@ctblfloatwidth=\dimen159
\@ctbloldsep=\dimen160
\@ctbloldrule=\dimen161
\ctbl@t=\box59
)
(/usr/share/texmf-texlive/tex/latex/float/float.sty
Package: float 2001/11/08 v1.3d Float enhancements (AL)
\c@float@type=\count130
\float@exts=\toks26
\float@box=\box60
\@float@everytoks=\toks27
\@floatcapt=\box61
)
(/usr/share/texmf-texlive/tex/latex/listings/lstlang1.sty
File: lstlang1.sty 2004/09/05 1.3 listings language file
)
(/usr/share/texmf-texlive/tex/latex/listings/lstlang2.sty
File: lstlang2.sty 2004/09/05 1.3 listings language file
)
(/usr/share/texmf-texlive/tex/latex/listings/lstlang3.sty
File: lstlang3.sty 2004/09/05 1.3 listings language file
) (./SAProject3.aux
(./SA-Understanding.aux) (./SA-PrivacyAnalysis.aux) (./SA-ThreatElicitation.aux
) (./SA-prioritization.aux))
\openout1 = `SAProject3.aux'.

LaTeX Font Info:    Checking defaults for OML/cmm/m/it on input line 92.
LaTeX Font Info:    ... okay on input line 92.
LaTeX Font Info:    Checking defaults for T1/cmr/m/n on input line 92.
LaTeX Font Info:    ... okay on input line 92.
LaTeX Font Info:    Checking defaults for OT1/cmr/m/n on input line 92.
LaTeX Font Info:    ... okay on input line 92.
LaTeX Font Info:    Checking defaults for OMS/cmsy/m/n on input line 92.
LaTeX Font Info:    ... okay on input line 92.
LaTeX Font Info:    Checking defaults for OMX/cmex/m/n on input line 92.
LaTeX Font Info:    ... okay on input line 92.
LaTeX Font Info:    Checking defaults for U/cmr/m/n on input line 92.
LaTeX Font Info:    ... okay on input line 92.
LaTeX Font Info:    Checking defaults for PD1/pdf/m/n on input line 92.
LaTeX Font Info:    ... okay on input line 92.

(/usr/share/texmf-texlive/tex/context/base/supp-pdf.mkii
[Loading MPS to PDF converter (version 2006.09.02).]
\scratchcounter=\count131
\scratchdimen=\dimen162
\scratchbox=\box62
\nofMPsegments=\count132
\nofMParguments=\count133
\everyMPshowfont=\toks28
\MPscratchCnt=\count134
\MPscratchDim=\dimen163
\MPnumerator=\count135
\everyMPtoPDFconversion=\toks29
)
Package hyperref Info: Link coloring ON on input line 92.
 (/usr/share/texmf-texlive/tex/latex/hyperref/nameref.sty
Package: nameref 2007/05/29 v2.31 Cross-referencing by name of section

(/usr/share/texmf-texlive/tex/latex/oberdiek/refcount.sty
Package: refcount 2008/08/11 v3.1 Data extraction from references (HO)
)
\c@section@level=\count136
)
LaTeX Info: Redefining \ref on input line 92.
LaTeX Info: Redefining \pageref on input line 92.
 (./SAProject3.out)
(./SAProject3.out)
\@outlinefile=\write3
\openout3 = `SAProject3.out'.

\AtBeginShipoutBox=\box63

*geometry auto-detecting driver*
*geometry detected driver: pdftex*
-------------------- Geometry parameters
paper: a4paper
landscape: --
twocolumn: --
twoside: --
asymmetric: --
h-parts: 85.35826pt, 426.79135pt, 85.35826pt
v-parts: 85.35826pt, 674.33032pt, 85.35826pt
hmarginratio: --
vmarginratio: --
lines: --
heightrounded: --
bindingoffset: 0.0pt
truedimen: --
includehead: --
includefoot: --
includemp: --
driver: pdftex
-------------------- Page layout dimensions and switches
\paperwidth  597.50787pt
\paperheight 845.04684pt
\textwidth  426.79135pt
\textheight 674.33032pt
\oddsidemargin  13.08827pt
\evensidemargin 13.08827pt
\topmargin  -23.91173pt
\headheight 12.0pt
\headsep    25.0pt
\footskip   30.0pt
\marginparwidth 57.0pt
\marginparsep   11.0pt
\columnsep  10.0pt
\skip\footins  9.0pt plus 4.0pt minus 2.0pt
\hoffset 0.0pt
\voffset 0.0pt
\mag 1000

(1in=72.27pt, 1cm=28.45pt)
-----------------------
Package caption Info: Begin \AtBeginDocument code.
Package caption Info: float package is loaded.
Package caption Info: listings package is loaded.
Package caption Info: longtable package is loaded.
(/usr/share/texmf-texlive/tex/latex/caption/ltcaption.sty
Package: ltcaption 2008/03/28 v1.2 longtable captions (AR)
)
Package caption Info: rotating package is loaded.
Package caption Info: End \AtBeginDocument code.
\c@lstlisting=\count137
LaTeX Font Info:    External font `cmex10' loaded for size
(Font)              <12> on input line 93.
LaTeX Font Info:    External font `cmex10' loaded for size
(Font)              <8> on input line 93.
LaTeX Font Info:    External font `cmex10' loaded for size
(Font)              <6> on input line 93.
 [1

{/var/lib/texmf/fonts/map/pdftex/updmap/pdftex.map}] (./SAProject3.toc
LaTeX Font Info:    External font `cmex10' loaded for size
(Font)              <7> on input line 4.
LaTeX Font Info:    External font `cmex10' loaded for size
(Font)              <5> on input line 4.
)
\tf@toc=\write4
\openout4 = `SAProject3.toc'.

 [2]
\openout2 = `SA-Understanding.aux'.


(./SA-Understanding.tex) [3

]
\openout2 = `SA-PrivacyAnalysis.aux'.

 (./SA-PrivacyAnalysis.tex
<../design/DFD-Level0.pdf, id=139, 662.475pt x 421.575pt>
File: ../design/DFD-Level0.pdf Graphic file (type pdf)

<use ../design/DFD-Level0.pdf>
<../design/DFD-Level1.pdf, id=140, 1094.0875pt x 1184.425pt>
File: ../design/DFD-Level1.pdf Graphic file (type pdf)

<use ../design/DFD-Level1.pdf> [4


 <../design/DFD-Level0.pdf>] [5 <../design/DFD-Level1.pdf>] (./mapping_run.tex
Overfull \hbox (0.55956pt too wide) in paragraph at lines 16--16
[]|\OT1/cmr/m/n/10 L| 
 []


Overfull \hbox (1.80956pt too wide) in paragraph at lines 16--16
[]|\OT1/cmr/m/n/10 N| 
 []


Overfull \hbox (1.94844pt too wide) in paragraph at lines 16--16
[]|\OT1/cmr/m/n/10 D| 
 []


Overfull \hbox (1.94844pt too wide) in paragraph at lines 16--16
[]|\OT1/cmr/m/n/10 D| 
 []


Overfull \hbox (1.80956pt too wide) in paragraph at lines 16--16
[]|\OT1/cmr/m/n/10 U| 
 []


Overfull \hbox (1.80956pt too wide) in paragraph at lines 16--19
[]|\OT1/cmr/m/n/10 N| 
 []


Overfull \hbox (2.08734pt too wide) in paragraph at lines 20--20
[]|$\OMS/cmsy/m/n/10 ^^B$| 
 []


Overfull \hbox (2.08734pt too wide) in paragraph at lines 20--20
[]|$\OMS/cmsy/m/n/10 ^^B$| 
 []


Overfull \hbox (2.08734pt too wide) in paragraph at lines 20--20
[]|$\OMS/cmsy/m/n/10 ^^B$| 
 []


Overfull \hbox (2.08734pt too wide) in paragraph at lines 20--20
[]|$\OMS/cmsy/m/n/10 ^^B$| 
 []


Overfull \hbox (2.08734pt too wide) in paragraph at lines 20--20
[]|$\OMS/cmsy/m/n/10 ^^B$| 
 []


Overfull \hbox (2.08734pt too wide) in paragraph at lines 20--21
[]|$\OMS/cmsy/m/n/10 ^^B$| 
 []


Overfull \hbox (2.08734pt too wide) in paragraph at lines 21--21
[]|$\OMS/cmsy/m/n/10 ^^B$| 
 []


Overfull \hbox (2.08734pt too wide) in paragraph at lines 21--21
[]|$\OMS/cmsy/m/n/10 ^^B$| 
 []


Overfull \hbox (2.08734pt too wide) in paragraph at lines 21--21
[]|$\OMS/cmsy/m/n/10 ^^B$| 
 []


Overfull \hbox (2.08734pt too wide) in paragraph at lines 21--21
[]|$\OMS/cmsy/m/n/10 ^^B$| 
 []


Overfull \hbox (2.08734pt too wide) in paragraph at lines 21--21
[]|$\OMS/cmsy/m/n/10 ^^B$| 
 []


Overfull \hbox (2.08734pt too wide) in paragraph at lines 21--23
[]|$\OMS/cmsy/m/n/10 ^^B$| 
 []


Overfull \hbox (2.08734pt too wide) in paragraph at lines 24--24
[]|$\OMS/cmsy/m/n/10 ^^B$| 
 []


Overfull \hbox (2.08734pt too wide) in paragraph at lines 24--24
[]|$\OMS/cmsy/m/n/10 ^^B$| 
 []


Overfull \hbox (2.08734pt too wide) in paragraph at lines 24--24
[]|$\OMS/cmsy/m/n/10 ^^B$| 
 []


Overfull \hbox (2.08734pt too wide) in paragraph at lines 24--24
[]|$\OMS/cmsy/m/n/10 ^^B$| 
 []


Overfull \hbox (2.08734pt too wide) in paragraph at lines 24--24
[]|$\OMS/cmsy/m/n/10 ^^B$| 
 []


Overfull \hbox (2.08734pt too wide) in paragraph at lines 24--25
[]|$\OMS/cmsy/m/n/10 ^^B$| 
 []


Overfull \hbox (2.08734pt too wide) in paragraph at lines 25--25
[]|$\OMS/cmsy/m/n/10 ^^B$| 
 []


Overfull \hbox (2.08734pt too wide) in paragraph at lines 25--25
[]|$\OMS/cmsy/m/n/10 ^^B$| 
 []


Overfull \hbox (2.08734pt too wide) in paragraph at lines 25--25
[]|$\OMS/cmsy/m/n/10 ^^B$| 
 []


Overfull \hbox (2.08734pt too wide) in paragraph at lines 25--25
[]|$\OMS/cmsy/m/n/10 ^^B$| 
 []


Overfull \hbox (2.08734pt too wide) in paragraph at lines 25--25
[]|$\OMS/cmsy/m/n/10 ^^B$| 
 []


Overfull \hbox (2.08734pt too wide) in paragraph at lines 25--26
[]|$\OMS/cmsy/m/n/10 ^^B$| 
 []


Overfull \hbox (2.08734pt too wide) in paragraph at lines 26--26
[]|$\OMS/cmsy/m/n/10 ^^B$| 
 []


Overfull \hbox (2.08734pt too wide) in paragraph at lines 26--26
[]|$\OMS/cmsy/m/n/10 ^^B$| 
 []


Overfull \hbox (2.08734pt too wide) in paragraph at lines 26--26
[]|$\OMS/cmsy/m/n/10 ^^B$| 
 []


Overfull \hbox (2.08734pt too wide) in paragraph at lines 26--26
[]|$\OMS/cmsy/m/n/10 ^^B$| 
 []


Overfull \hbox (2.08734pt too wide) in paragraph at lines 26--26
[]|$\OMS/cmsy/m/n/10 ^^B$| 
 []


Overfull \hbox (2.08734pt too wide) in paragraph at lines 26--27
[]|$\OMS/cmsy/m/n/10 ^^B$| 
 []


Overfull \hbox (2.08734pt too wide) in paragraph at lines 27--27
[]|$\OMS/cmsy/m/n/10 ^^B$| 
 []


Overfull \hbox (2.08734pt too wide) in paragraph at lines 27--27
[]|$\OMS/cmsy/m/n/10 ^^B$| 
 []


Overfull \hbox (2.08734pt too wide) in paragraph at lines 27--27
[]|$\OMS/cmsy/m/n/10 ^^B$| 
 []


Overfull \hbox (2.08734pt too wide) in paragraph at lines 27--27
[]|$\OMS/cmsy/m/n/10 ^^B$| 
 []


Overfull \hbox (2.08734pt too wide) in paragraph at lines 27--27
[]|$\OMS/cmsy/m/n/10 ^^B$| 
 []


Overfull \hbox (2.08734pt too wide) in paragraph at lines 27--28
[]|$\OMS/cmsy/m/n/10 ^^B$| 
 []


Overfull \hbox (2.08734pt too wide) in paragraph at lines 28--28
[]|$\OMS/cmsy/m/n/10 ^^B$| 
 []


Overfull \hbox (2.08734pt too wide) in paragraph at lines 28--28
[]|$\OMS/cmsy/m/n/10 ^^B$| 
 []


Overfull \hbox (2.08734pt too wide) in paragraph at lines 28--28
[]|$\OMS/cmsy/m/n/10 ^^B$| 
 []


Overfull \hbox (2.08734pt too wide) in paragraph at lines 28--28
[]|$\OMS/cmsy/m/n/10 ^^B$| 
 []


Overfull \hbox (2.08734pt too wide) in paragraph at lines 28--28
[]|$\OMS/cmsy/m/n/10 ^^B$| 
 []


Overfull \hbox (2.08734pt too wide) in paragraph at lines 28--29
[]|$\OMS/cmsy/m/n/10 ^^B$| 
 []


Overfull \hbox (2.08734pt too wide) in paragraph at lines 29--29
[]|$\OMS/cmsy/m/n/10 ^^B$| 
 []


Overfull \hbox (2.08734pt too wide) in paragraph at lines 29--29
[]|$\OMS/cmsy/m/n/10 ^^B$| 
 []


Overfull \hbox (2.08734pt too wide) in paragraph at lines 29--29
[]|$\OMS/cmsy/m/n/10 ^^B$| 
 []


Overfull \hbox (2.08734pt too wide) in paragraph at lines 29--29
[]|$\OMS/cmsy/m/n/10 ^^B$| 
 []


Overfull \hbox (2.08734pt too wide) in paragraph at lines 29--29
[]|$\OMS/cmsy/m/n/10 ^^B$| 
 []


Overfull \hbox (2.08734pt too wide) in paragraph at lines 29--30
[]|$\OMS/cmsy/m/n/10 ^^B$| 
 []


Overfull \hbox (2.08734pt too wide) in paragraph at lines 30--30
[]|$\OMS/cmsy/m/n/10 ^^B$| 
 []


Overfull \hbox (2.08734pt too wide) in paragraph at lines 30--30
[]|$\OMS/cmsy/m/n/10 ^^B$| 
 []


Overfull \hbox (2.08734pt too wide) in paragraph at lines 30--30
[]|$\OMS/cmsy/m/n/10 ^^B$| 
 []


Overfull \hbox (2.08734pt too wide) in paragraph at lines 30--30
[]|$\OMS/cmsy/m/n/10 ^^B$| 
 []


Overfull \hbox (2.08734pt too wide) in paragraph at lines 30--30
[]|$\OMS/cmsy/m/n/10 ^^B$| 
 []


Overfull \hbox (2.08734pt too wide) in paragraph at lines 30--31
[]|$\OMS/cmsy/m/n/10 ^^B$| 
 []


Overfull \hbox (2.08734pt too wide) in paragraph at lines 31--31
[]|$\OMS/cmsy/m/n/10 ^^B$| 
 []


Overfull \hbox (2.08734pt too wide) in paragraph at lines 31--31
[]|$\OMS/cmsy/m/n/10 ^^B$| 
 []


Overfull \hbox (2.08734pt too wide) in paragraph at lines 31--31
[]|$\OMS/cmsy/m/n/10 ^^B$| 
 []


Overfull \hbox (2.08734pt too wide) in paragraph at lines 31--31
[]|$\OMS/cmsy/m/n/10 ^^B$| 
 []


Overfull \hbox (2.08734pt too wide) in paragraph at lines 31--31
[]|$\OMS/cmsy/m/n/10 ^^B$| 
 []


Overfull \hbox (2.08734pt too wide) in paragraph at lines 31--32
[]|$\OMS/cmsy/m/n/10 ^^B$| 
 []


Overfull \hbox (2.08734pt too wide) in paragraph at lines 32--32
[]|$\OMS/cmsy/m/n/10 ^^B$| 
 []


Overfull \hbox (2.08734pt too wide) in paragraph at lines 32--32
[]|$\OMS/cmsy/m/n/10 ^^B$| 
 []


Overfull \hbox (2.08734pt too wide) in paragraph at lines 32--32
[]|$\OMS/cmsy/m/n/10 ^^B$| 
 []


Overfull \hbox (2.08734pt too wide) in paragraph at lines 32--32
[]|$\OMS/cmsy/m/n/10 ^^B$| 
 []


Overfull \hbox (2.08734pt too wide) in paragraph at lines 32--32
[]|$\OMS/cmsy/m/n/10 ^^B$| 
 []


Overfull \hbox (2.08734pt too wide) in paragraph at lines 32--33
[]|$\OMS/cmsy/m/n/10 ^^B$| 
 []


Overfull \hbox (2.08734pt too wide) in paragraph at lines 33--33
[]|$\OMS/cmsy/m/n/10 ^^B$| 
 []


Overfull \hbox (2.08734pt too wide) in paragraph at lines 33--33
[]|$\OMS/cmsy/m/n/10 ^^B$| 
 []


Overfull \hbox (2.08734pt too wide) in paragraph at lines 33--33
[]|$\OMS/cmsy/m/n/10 ^^B$| 
 []


Overfull \hbox (2.08734pt too wide) in paragraph at lines 33--33
[]|$\OMS/cmsy/m/n/10 ^^B$| 
 []


Overfull \hbox (2.08734pt too wide) in paragraph at lines 33--33
[]|$\OMS/cmsy/m/n/10 ^^B$| 
 []


Overfull \hbox (2.08734pt too wide) in paragraph at lines 33--34
[]|$\OMS/cmsy/m/n/10 ^^B$| 
 []


Overfull \hbox (2.08734pt too wide) in paragraph at lines 34--34
[]|$\OMS/cmsy/m/n/10 ^^B$| 
 []


Overfull \hbox (2.08734pt too wide) in paragraph at lines 34--34
[]|$\OMS/cmsy/m/n/10 ^^B$| 
 []


Overfull \hbox (2.08734pt too wide) in paragraph at lines 34--34
[]|$\OMS/cmsy/m/n/10 ^^B$| 
 []


Overfull \hbox (2.08734pt too wide) in paragraph at lines 34--34
[]|$\OMS/cmsy/m/n/10 ^^B$| 
 []


Overfull \hbox (2.08734pt too wide) in paragraph at lines 34--34
[]|$\OMS/cmsy/m/n/10 ^^B$| 
 []


Overfull \hbox (2.08734pt too wide) in paragraph at lines 34--35
[]|$\OMS/cmsy/m/n/10 ^^B$| 
 []


Overfull \hbox (2.08734pt too wide) in paragraph at lines 35--35
[]|$\OMS/cmsy/m/n/10 ^^B$| 
 []


Overfull \hbox (2.08734pt too wide) in paragraph at lines 35--35
[]|$\OMS/cmsy/m/n/10 ^^B$| 
 []


Overfull \hbox (2.08734pt too wide) in paragraph at lines 35--35
[]|$\OMS/cmsy/m/n/10 ^^B$| 
 []


Overfull \hbox (2.08734pt too wide) in paragraph at lines 35--35
[]|$\OMS/cmsy/m/n/10 ^^B$| 
 []


Overfull \hbox (2.08734pt too wide) in paragraph at lines 35--35
[]|$\OMS/cmsy/m/n/10 ^^B$| 
 []


Overfull \hbox (2.08734pt too wide) in paragraph at lines 35--36
[]|$\OMS/cmsy/m/n/10 ^^B$| 
 []


Overfull \hbox (2.08734pt too wide) in paragraph at lines 36--36
[]|$\OMS/cmsy/m/n/10 ^^B$| 
 []


Overfull \hbox (2.08734pt too wide) in paragraph at lines 36--36
[]|$\OMS/cmsy/m/n/10 ^^B$| 
 []


Overfull \hbox (2.08734pt too wide) in paragraph at lines 36--36
[]|$\OMS/cmsy/m/n/10 ^^B$| 
 []


Overfull \hbox (2.08734pt too wide) in paragraph at lines 36--36
[]|$\OMS/cmsy/m/n/10 ^^B$| 
 []


Overfull \hbox (2.08734pt too wide) in paragraph at lines 36--36
[]|$\OMS/cmsy/m/n/10 ^^B$| 
 []


Overfull \hbox (2.08734pt too wide) in paragraph at lines 36--37
[]|$\OMS/cmsy/m/n/10 ^^B$| 
 []


Overfull \hbox (2.08734pt too wide) in paragraph at lines 37--37
[]|$\OMS/cmsy/m/n/10 ^^B$| 
 []


Overfull \hbox (2.08734pt too wide) in paragraph at lines 37--37
[]|$\OMS/cmsy/m/n/10 ^^B$| 
 []


Overfull \hbox (2.08734pt too wide) in paragraph at lines 37--37
[]|$\OMS/cmsy/m/n/10 ^^B$| 
 []


Overfull \hbox (2.08734pt too wide) in paragraph at lines 37--37
[]|$\OMS/cmsy/m/n/10 ^^B$| 
 []


Overfull \hbox (2.08734pt too wide) in paragraph at lines 37--37
[]|$\OMS/cmsy/m/n/10 ^^B$| 
 []


Overfull \hbox (2.08734pt too wide) in paragraph at lines 37--38
[]|$\OMS/cmsy/m/n/10 ^^B$| 
 []


Overfull \hbox (2.08734pt too wide) in paragraph at lines 38--38
[]|$\OMS/cmsy/m/n/10 ^^B$| 
 []


Overfull \hbox (2.08734pt too wide) in paragraph at lines 38--38
[]|$\OMS/cmsy/m/n/10 ^^B$| 
 []


Overfull \hbox (2.08734pt too wide) in paragraph at lines 38--38
[]|$\OMS/cmsy/m/n/10 ^^B$| 
 []


Overfull \hbox (2.08734pt too wide) in paragraph at lines 38--38
[]|$\OMS/cmsy/m/n/10 ^^B$| 
 []


Overfull \hbox (2.08734pt too wide) in paragraph at lines 38--38
[]|$\OMS/cmsy/m/n/10 ^^B$| 
 []


Overfull \hbox (2.08734pt too wide) in paragraph at lines 38--39
[]|$\OMS/cmsy/m/n/10 ^^B$| 
 []


Overfull \hbox (2.08734pt too wide) in paragraph at lines 39--39
[]|$\OMS/cmsy/m/n/10 ^^B$| 
 []


Overfull \hbox (2.08734pt too wide) in paragraph at lines 39--39
[]|$\OMS/cmsy/m/n/10 ^^B$| 
 []


Overfull \hbox (2.08734pt too wide) in paragraph at lines 39--39
[]|$\OMS/cmsy/m/n/10 ^^B$| 
 []


Overfull \hbox (2.08734pt too wide) in paragraph at lines 39--39
[]|$\OMS/cmsy/m/n/10 ^^B$| 
 []


Overfull \hbox (2.08734pt too wide) in paragraph at lines 39--39
[]|$\OMS/cmsy/m/n/10 ^^B$| 
 []


Overfull \hbox (2.08734pt too wide) in paragraph at lines 39--40
[]|$\OMS/cmsy/m/n/10 ^^B$| 
 []


Overfull \hbox (2.08734pt too wide) in paragraph at lines 40--40
[]|$\OMS/cmsy/m/n/10 ^^B$| 
 []


Overfull \hbox (2.08734pt too wide) in paragraph at lines 40--40
[]|$\OMS/cmsy/m/n/10 ^^B$| 
 []


Overfull \hbox (2.08734pt too wide) in paragraph at lines 40--40
[]|$\OMS/cmsy/m/n/10 ^^B$| 
 []


Overfull \hbox (2.08734pt too wide) in paragraph at lines 40--40
[]|$\OMS/cmsy/m/n/10 ^^B$| 
 []


Overfull \hbox (2.08734pt too wide) in paragraph at lines 40--40
[]|$\OMS/cmsy/m/n/10 ^^B$| 
 []


Overfull \hbox (2.08734pt too wide) in paragraph at lines 40--41
[]|$\OMS/cmsy/m/n/10 ^^B$| 
 []


Overfull \hbox (42.55809pt too wide) in alignment at lines 12--41
 [] [] [] [] [] [] [] [] [] 
 []


Underfull \vbox (badness 10000) detected at line 41
 []


Overfull \hbox (2.08734pt too wide) in paragraph at lines 41--41
[]|$\OMS/cmsy/m/n/10 ^^B$| 
 []


Overfull \hbox (2.08734pt too wide) in paragraph at lines 41--41
[]|$\OMS/cmsy/m/n/10 ^^B$| 
 []


Overfull \hbox (2.08734pt too wide) in paragraph at lines 41--41
[]|$\OMS/cmsy/m/n/10 ^^B$| 
 []


Overfull \hbox (2.08734pt too wide) in paragraph at lines 41--41
[]|$\OMS/cmsy/m/n/10 ^^B$| 
 []


Overfull \hbox (2.08734pt too wide) in paragraph at lines 41--41
[]|$\OMS/cmsy/m/n/10 ^^B$| 
 []


Overfull \hbox (2.08734pt too wide) in paragraph at lines 41--42
[]|$\OMS/cmsy/m/n/10 ^^B$| 
 []


Overfull \hbox (2.08734pt too wide) in paragraph at lines 42--42
[]|$\OMS/cmsy/m/n/10 ^^B$| 
 []


Overfull \hbox (2.08734pt too wide) in paragraph at lines 42--42
[]|$\OMS/cmsy/m/n/10 ^^B$| 
 []


Overfull \hbox (2.08734pt too wide) in paragraph at lines 42--42
[]|$\OMS/cmsy/m/n/10 ^^B$| 
 []


Overfull \hbox (2.08734pt too wide) in paragraph at lines 42--42
[]|$\OMS/cmsy/m/n/10 ^^B$| 
 []


Overfull \hbox (2.08734pt too wide) in paragraph at lines 42--42
[]|$\OMS/cmsy/m/n/10 ^^B$| 
 []


Overfull \hbox (2.08734pt too wide) in paragraph at lines 42--43
[]|$\OMS/cmsy/m/n/10 ^^B$| 
 []


Overfull \hbox (2.08734pt too wide) in paragraph at lines 43--43
[]|$\OMS/cmsy/m/n/10 ^^B$| 
 []


Overfull \hbox (2.08734pt too wide) in paragraph at lines 43--43
[]|$\OMS/cmsy/m/n/10 ^^B$| 
 []


Overfull \hbox (2.08734pt too wide) in paragraph at lines 43--43
[]|$\OMS/cmsy/m/n/10 ^^B$| 
 []


Overfull \hbox (2.08734pt too wide) in paragraph at lines 43--43
[]|$\OMS/cmsy/m/n/10 ^^B$| 
 []


Overfull \hbox (2.08734pt too wide) in paragraph at lines 43--43
[]|$\OMS/cmsy/m/n/10 ^^B$| 
 []


Overfull \hbox (2.08734pt too wide) in paragraph at lines 43--44
[]|$\OMS/cmsy/m/n/10 ^^B$| 
 []


Overfull \hbox (2.08734pt too wide) in paragraph at lines 44--44
[]|$\OMS/cmsy/m/n/10 ^^B$| 
 []


Overfull \hbox (2.08734pt too wide) in paragraph at lines 44--44
[]|$\OMS/cmsy/m/n/10 ^^B$| 
 []


Overfull \hbox (2.08734pt too wide) in paragraph at lines 44--44
[]|$\OMS/cmsy/m/n/10 ^^B$| 
 []


Overfull \hbox (2.08734pt too wide) in paragraph at lines 44--44
[]|$\OMS/cmsy/m/n/10 ^^B$| 
 []


Overfull \hbox (2.08734pt too wide) in paragraph at lines 44--44
[]|$\OMS/cmsy/m/n/10 ^^B$| 
 []


Overfull \hbox (2.08734pt too wide) in paragraph at lines 44--45
[]|$\OMS/cmsy/m/n/10 ^^B$| 
 []


Overfull \hbox (2.08734pt too wide) in paragraph at lines 45--45
[]|$\OMS/cmsy/m/n/10 ^^B$| 
 []


Overfull \hbox (2.08734pt too wide) in paragraph at lines 45--45
[]|$\OMS/cmsy/m/n/10 ^^B$| 
 []


Overfull \hbox (2.08734pt too wide) in paragraph at lines 45--45
[]|$\OMS/cmsy/m/n/10 ^^B$| 
 []


Overfull \hbox (2.08734pt too wide) in paragraph at lines 45--45
[]|$\OMS/cmsy/m/n/10 ^^B$| 
 []


Overfull \hbox (2.08734pt too wide) in paragraph at lines 45--45
[]|$\OMS/cmsy/m/n/10 ^^B$| 
 []


Overfull \hbox (2.08734pt too wide) in paragraph at lines 45--46
[]|$\OMS/cmsy/m/n/10 ^^B$| 
 []


Overfull \hbox (2.08734pt too wide) in paragraph at lines 46--46
[]|$\OMS/cmsy/m/n/10 ^^B$| 
 []


Overfull \hbox (2.08734pt too wide) in paragraph at lines 46--46
[]|$\OMS/cmsy/m/n/10 ^^B$| 
 []


Overfull \hbox (2.08734pt too wide) in paragraph at lines 46--46
[]|$\OMS/cmsy/m/n/10 ^^B$| 
 []


Overfull \hbox (2.08734pt too wide) in paragraph at lines 46--46
[]|$\OMS/cmsy/m/n/10 ^^B$| 
 []


Overfull \hbox (2.08734pt too wide) in paragraph at lines 46--46
[]|$\OMS/cmsy/m/n/10 ^^B$| 
 []


Overfull \hbox (2.08734pt too wide) in paragraph at lines 46--47
[]|$\OMS/cmsy/m/n/10 ^^B$| 
 []


Overfull \hbox (2.08734pt too wide) in paragraph at lines 47--47
[]|$\OMS/cmsy/m/n/10 ^^B$| 
 []


Overfull \hbox (2.08734pt too wide) in paragraph at lines 47--47
[]|$\OMS/cmsy/m/n/10 ^^B$| 
 []


Overfull \hbox (2.08734pt too wide) in paragraph at lines 47--47
[]|$\OMS/cmsy/m/n/10 ^^B$| 
 []


Overfull \hbox (2.08734pt too wide) in paragraph at lines 47--47
[]|$\OMS/cmsy/m/n/10 ^^B$| 
 []


Overfull \hbox (2.08734pt too wide) in paragraph at lines 47--47
[]|$\OMS/cmsy/m/n/10 ^^B$| 
 []


Overfull \hbox (2.08734pt too wide) in paragraph at lines 47--48
[]|$\OMS/cmsy/m/n/10 ^^B$| 
 []


Overfull \hbox (2.08734pt too wide) in paragraph at lines 48--48
[]|$\OMS/cmsy/m/n/10 ^^B$| 
 []


Overfull \hbox (2.08734pt too wide) in paragraph at lines 48--48
[]|$\OMS/cmsy/m/n/10 ^^B$| 
 []


Overfull \hbox (2.08734pt too wide) in paragraph at lines 48--48
[]|$\OMS/cmsy/m/n/10 ^^B$| 
 []


Overfull \hbox (2.08734pt too wide) in paragraph at lines 48--48
[]|$\OMS/cmsy/m/n/10 ^^B$| 
 []


Overfull \hbox (2.08734pt too wide) in paragraph at lines 48--48
[]|$\OMS/cmsy/m/n/10 ^^B$| 
 []


Overfull \hbox (2.08734pt too wide) in paragraph at lines 48--49
[]|$\OMS/cmsy/m/n/10 ^^B$| 
 []


Overfull \hbox (2.08734pt too wide) in paragraph at lines 49--49
[]|$\OMS/cmsy/m/n/10 ^^B$| 
 []


Overfull \hbox (2.08734pt too wide) in paragraph at lines 49--49
[]|$\OMS/cmsy/m/n/10 ^^B$| 
 []


Overfull \hbox (2.08734pt too wide) in paragraph at lines 49--49
[]|$\OMS/cmsy/m/n/10 ^^B$| 
 []


Overfull \hbox (2.08734pt too wide) in paragraph at lines 49--49
[]|$\OMS/cmsy/m/n/10 ^^B$| 
 []


Overfull \hbox (2.08734pt too wide) in paragraph at lines 49--49
[]|$\OMS/cmsy/m/n/10 ^^B$| 
 []


Overfull \hbox (2.08734pt too wide) in paragraph at lines 49--50
[]|$\OMS/cmsy/m/n/10 ^^B$| 
 []


Overfull \hbox (2.08734pt too wide) in paragraph at lines 51--51
[]|$\OMS/cmsy/m/n/10 ^^B$| 
 []


Overfull \hbox (2.08734pt too wide) in paragraph at lines 51--51
[]|$\OMS/cmsy/m/n/10 ^^B$| 
 []


Overfull \hbox (2.08734pt too wide) in paragraph at lines 51--51
[]|$\OMS/cmsy/m/n/10 ^^B$| 
 []


Overfull \hbox (2.08734pt too wide) in paragraph at lines 51--51
[]|$\OMS/cmsy/m/n/10 ^^B$| 
 []


Overfull \hbox (2.08734pt too wide) in paragraph at lines 51--51
[]|$\OMS/cmsy/m/n/10 ^^B$| 
 []


Overfull \hbox (2.08734pt too wide) in paragraph at lines 51--52
[]|$\OMS/cmsy/m/n/10 ^^B$| 
 []


Overfull \hbox (2.08734pt too wide) in paragraph at lines 52--52
[]|$\OMS/cmsy/m/n/10 ^^B$| 
 []


Overfull \hbox (2.08734pt too wide) in paragraph at lines 52--52
[]|$\OMS/cmsy/m/n/10 ^^B$| 
 []


Overfull \hbox (2.08734pt too wide) in paragraph at lines 52--52
[]|$\OMS/cmsy/m/n/10 ^^B$| 
 []


Overfull \hbox (2.08734pt too wide) in paragraph at lines 52--52
[]|$\OMS/cmsy/m/n/10 ^^B$| 
 []


Overfull \hbox (2.08734pt too wide) in paragraph at lines 52--52
[]|$\OMS/cmsy/m/n/10 ^^B$| 
 []


Overfull \hbox (2.08734pt too wide) in paragraph at lines 52--53
[]|$\OMS/cmsy/m/n/10 ^^B$| 
 []


Overfull \hbox (2.08734pt too wide) in paragraph at lines 53--53
[]|$\OMS/cmsy/m/n/10 ^^B$| 
 []


Overfull \hbox (2.08734pt too wide) in paragraph at lines 53--53
[]|$\OMS/cmsy/m/n/10 ^^B$| 
 []


Overfull \hbox (2.08734pt too wide) in paragraph at lines 53--53
[]|$\OMS/cmsy/m/n/10 ^^B$| 
 []


Overfull \hbox (2.08734pt too wide) in paragraph at lines 53--53
[]|$\OMS/cmsy/m/n/10 ^^B$| 
 []


Overfull \hbox (2.08734pt too wide) in paragraph at lines 53--53
[]|$\OMS/cmsy/m/n/10 ^^B$| 
 []


Overfull \hbox (2.08734pt too wide) in paragraph at lines 53--54
[]|$\OMS/cmsy/m/n/10 ^^B$| 
 []


Overfull \hbox (2.08734pt too wide) in paragraph at lines 54--54
[]|$\OMS/cmsy/m/n/10 ^^B$| 
 []


Overfull \hbox (2.08734pt too wide) in paragraph at lines 54--54
[]|$\OMS/cmsy/m/n/10 ^^B$| 
 []


Overfull \hbox (2.08734pt too wide) in paragraph at lines 54--54
[]|$\OMS/cmsy/m/n/10 ^^B$| 
 []


Overfull \hbox (2.08734pt too wide) in paragraph at lines 54--54
[]|$\OMS/cmsy/m/n/10 ^^B$| 
 []


Overfull \hbox (2.08734pt too wide) in paragraph at lines 54--54
[]|$\OMS/cmsy/m/n/10 ^^B$| 
 []


Overfull \hbox (2.08734pt too wide) in paragraph at lines 54--55
[]|$\OMS/cmsy/m/n/10 ^^B$| 
 []


Overfull \hbox (2.08734pt too wide) in paragraph at lines 55--55
[]|$\OMS/cmsy/m/n/10 ^^B$| 
 []


Overfull \hbox (2.08734pt too wide) in paragraph at lines 55--55
[]|$\OMS/cmsy/m/n/10 ^^B$| 
 []


Overfull \hbox (2.08734pt too wide) in paragraph at lines 55--55
[]|$\OMS/cmsy/m/n/10 ^^B$| 
 []


Overfull \hbox (2.08734pt too wide) in paragraph at lines 55--55
[]|$\OMS/cmsy/m/n/10 ^^B$| 
 []


Overfull \hbox (2.08734pt too wide) in paragraph at lines 55--55
[]|$\OMS/cmsy/m/n/10 ^^B$| 
 []


Overfull \hbox (2.08734pt too wide) in paragraph at lines 55--56
[]|$\OMS/cmsy/m/n/10 ^^B$| 
 []


Overfull \hbox (2.08734pt too wide) in paragraph at lines 56--56
[]|$\OMS/cmsy/m/n/10 ^^B$| 
 []


Overfull \hbox (2.08734pt too wide) in paragraph at lines 56--56
[]|$\OMS/cmsy/m/n/10 ^^B$| 
 []


Overfull \hbox (2.08734pt too wide) in paragraph at lines 56--56
[]|$\OMS/cmsy/m/n/10 ^^B$| 
 []


Overfull \hbox (2.08734pt too wide) in paragraph at lines 56--56
[]|$\OMS/cmsy/m/n/10 ^^B$| 
 []


Overfull \hbox (2.08734pt too wide) in paragraph at lines 56--56
[]|$\OMS/cmsy/m/n/10 ^^B$| 
 []


Overfull \hbox (2.08734pt too wide) in paragraph at lines 56--58
[]|$\OMS/cmsy/m/n/10 ^^B$| 
 []


Overfull \hbox (2.08734pt too wide) in paragraph at lines 58--58
[]|$\OMS/cmsy/m/n/10 ^^B$| 
 []


Overfull \hbox (2.08734pt too wide) in paragraph at lines 58--58
[]|$\OMS/cmsy/m/n/10 ^^B$| 
 []


Overfull \hbox (2.08734pt too wide) in paragraph at lines 58--58
[]|$\OMS/cmsy/m/n/10 ^^B$| 
 []


Overfull \hbox (2.08734pt too wide) in paragraph at lines 58--58
[]|$\OMS/cmsy/m/n/10 ^^B$| 
 []


Overfull \hbox (2.08734pt too wide) in paragraph at lines 58--58
[]|$\OMS/cmsy/m/n/10 ^^B$| 
 []


Overfull \hbox (2.08734pt too wide) in paragraph at lines 58--59
[]|$\OMS/cmsy/m/n/10 ^^B$| 
 []


Overfull \hbox (2.08734pt too wide) in paragraph at lines 59--59
[]|$\OMS/cmsy/m/n/10 ^^B$| 
 []


Overfull \hbox (2.08734pt too wide) in paragraph at lines 59--59
[]|$\OMS/cmsy/m/n/10 ^^B$| 
 []


Overfull \hbox (2.08734pt too wide) in paragraph at lines 59--59
[]|$\OMS/cmsy/m/n/10 ^^B$| 
 []


Overfull \hbox (2.08734pt too wide) in paragraph at lines 59--59
[]|$\OMS/cmsy/m/n/10 ^^B$| 
 []


Overfull \hbox (2.08734pt too wide) in paragraph at lines 59--59
[]|$\OMS/cmsy/m/n/10 ^^B$| 
 []


Overfull \hbox (2.08734pt too wide) in paragraph at lines 59--60
[]|$\OMS/cmsy/m/n/10 ^^B$| 
 []


Overfull \hbox (2.08734pt too wide) in paragraph at lines 60--60
[]|$\OMS/cmsy/m/n/10 ^^B$| 
 []


Overfull \hbox (2.08734pt too wide) in paragraph at lines 60--60
[]|$\OMS/cmsy/m/n/10 ^^B$| 
 []


Overfull \hbox (2.08734pt too wide) in paragraph at lines 60--60
[]|$\OMS/cmsy/m/n/10 ^^B$| 
 []


Overfull \hbox (2.08734pt too wide) in paragraph at lines 60--60
[]|$\OMS/cmsy/m/n/10 ^^B$| 
 []


Overfull \hbox (2.08734pt too wide) in paragraph at lines 60--60
[]|$\OMS/cmsy/m/n/10 ^^B$| 
 []


Overfull \hbox (2.08734pt too wide) in paragraph at lines 60--61
[]|$\OMS/cmsy/m/n/10 ^^B$| 
 []


Overfull \hbox (2.08734pt too wide) in paragraph at lines 61--61
[]|$\OMS/cmsy/m/n/10 ^^B$| 
 []


Overfull \hbox (2.08734pt too wide) in paragraph at lines 61--61
[]|$\OMS/cmsy/m/n/10 ^^B$| 
 []


Overfull \hbox (2.08734pt too wide) in paragraph at lines 61--61
[]|$\OMS/cmsy/m/n/10 ^^B$| 
 []


Overfull \hbox (2.08734pt too wide) in paragraph at lines 61--61
[]|$\OMS/cmsy/m/n/10 ^^B$| 
 []


Overfull \hbox (2.08734pt too wide) in paragraph at lines 61--61
[]|$\OMS/cmsy/m/n/10 ^^B$| 
 []


Overfull \hbox (2.08734pt too wide) in paragraph at lines 61--62
[]|$\OMS/cmsy/m/n/10 ^^B$| 
 []


Overfull \hbox (2.08734pt too wide) in paragraph at lines 62--62
[]|$\OMS/cmsy/m/n/10 ^^B$| 
 []


Overfull \hbox (2.08734pt too wide) in paragraph at lines 62--62
[]|$\OMS/cmsy/m/n/10 ^^B$| 
 []


Overfull \hbox (2.08734pt too wide) in paragraph at lines 62--62
[]|$\OMS/cmsy/m/n/10 ^^B$| 
 []


Overfull \hbox (2.08734pt too wide) in paragraph at lines 62--62
[]|$\OMS/cmsy/m/n/10 ^^B$| 
 []


Overfull \hbox (2.08734pt too wide) in paragraph at lines 62--62
[]|$\OMS/cmsy/m/n/10 ^^B$| 
 []


Overfull \hbox (2.08734pt too wide) in paragraph at lines 62--63
[]|$\OMS/cmsy/m/n/10 ^^B$| 
 []


Overfull \hbox (42.55809pt too wide) in alignment at lines 41--63
 [] [] [] [] [] [] [] [] [] 
 []


Overfull \hbox (2.08734pt too wide) in paragraph at lines 63--63
[]|$\OMS/cmsy/m/n/10 ^^B$| 
 []


Overfull \hbox (2.08734pt too wide) in paragraph at lines 63--63
[]|$\OMS/cmsy/m/n/10 ^^B$| 
 []


Overfull \hbox (2.08734pt too wide) in paragraph at lines 63--63
[]|$\OMS/cmsy/m/n/10 ^^B$| 
 []


Overfull \hbox (2.08734pt too wide) in paragraph at lines 63--63
[]|$\OMS/cmsy/m/n/10 ^^B$| 
 []


Overfull \hbox (2.08734pt too wide) in paragraph at lines 63--63
[]|$\OMS/cmsy/m/n/10 ^^B$| 
 []


Overfull \hbox (2.08734pt too wide) in paragraph at lines 63--64
[]|$\OMS/cmsy/m/n/10 ^^B$| 
 []


Overfull \hbox (2.08734pt too wide) in paragraph at lines 64--64
[]|$\OMS/cmsy/m/n/10 ^^B$| 
 []


Overfull \hbox (2.08734pt too wide) in paragraph at lines 64--64
[]|$\OMS/cmsy/m/n/10 ^^B$| 
 []


Overfull \hbox (2.08734pt too wide) in paragraph at lines 64--64
[]|$\OMS/cmsy/m/n/10 ^^B$| 
 []


Overfull \hbox (2.08734pt too wide) in paragraph at lines 64--64
[]|$\OMS/cmsy/m/n/10 ^^B$| 
 []


Overfull \hbox (2.08734pt too wide) in paragraph at lines 64--64
[]|$\OMS/cmsy/m/n/10 ^^B$| 
 []


Overfull \hbox (2.08734pt too wide) in paragraph at lines 64--65
[]|$\OMS/cmsy/m/n/10 ^^B$| 
 []


Overfull \hbox (2.08734pt too wide) in paragraph at lines 65--65
[]|$\OMS/cmsy/m/n/10 ^^B$| 
 []


Overfull \hbox (2.08734pt too wide) in paragraph at lines 65--65
[]|$\OMS/cmsy/m/n/10 ^^B$| 
 []


Overfull \hbox (2.08734pt too wide) in paragraph at lines 65--65
[]|$\OMS/cmsy/m/n/10 ^^B$| 
 []


Overfull \hbox (2.08734pt too wide) in paragraph at lines 65--65
[]|$\OMS/cmsy/m/n/10 ^^B$| 
 []


Overfull \hbox (2.08734pt too wide) in paragraph at lines 65--65
[]|$\OMS/cmsy/m/n/10 ^^B$| 
 []


Overfull \hbox (2.08734pt too wide) in paragraph at lines 65--66
[]|$\OMS/cmsy/m/n/10 ^^B$| 
 []


Overfull \hbox (2.08734pt too wide) in paragraph at lines 66--66
[]|$\OMS/cmsy/m/n/10 ^^B$| 
 []


Overfull \hbox (2.08734pt too wide) in paragraph at lines 66--66
[]|$\OMS/cmsy/m/n/10 ^^B$| 
 []


Overfull \hbox (2.08734pt too wide) in paragraph at lines 66--66
[]|$\OMS/cmsy/m/n/10 ^^B$| 
 []


Overfull \hbox (2.08734pt too wide) in paragraph at lines 66--66
[]|$\OMS/cmsy/m/n/10 ^^B$| 
 []


Overfull \hbox (2.08734pt too wide) in paragraph at lines 66--66
[]|$\OMS/cmsy/m/n/10 ^^B$| 
 []


Overfull \hbox (2.08734pt too wide) in paragraph at lines 66--67
[]|$\OMS/cmsy/m/n/10 ^^B$| 
 []


Overfull \hbox (2.08734pt too wide) in paragraph at lines 67--67
[]|$\OMS/cmsy/m/n/10 ^^B$| 
 []


Overfull \hbox (2.08734pt too wide) in paragraph at lines 67--67
[]|$\OMS/cmsy/m/n/10 ^^B$| 
 []


Overfull \hbox (2.08734pt too wide) in paragraph at lines 67--67
[]|$\OMS/cmsy/m/n/10 ^^B$| 
 []


Overfull \hbox (2.08734pt too wide) in paragraph at lines 67--67
[]|$\OMS/cmsy/m/n/10 ^^B$| 
 []


Overfull \hbox (2.08734pt too wide) in paragraph at lines 67--67
[]|$\OMS/cmsy/m/n/10 ^^B$| 
 []


Overfull \hbox (2.08734pt too wide) in paragraph at lines 67--68
[]|$\OMS/cmsy/m/n/10 ^^B$| 
 []


Overfull \hbox (2.08734pt too wide) in paragraph at lines 68--68
[]|$\OMS/cmsy/m/n/10 ^^B$| 
 []


Overfull \hbox (2.08734pt too wide) in paragraph at lines 68--68
[]|$\OMS/cmsy/m/n/10 ^^B$| 
 []


Overfull \hbox (2.08734pt too wide) in paragraph at lines 68--68
[]|$\OMS/cmsy/m/n/10 ^^B$| 
 []


Overfull \hbox (2.08734pt too wide) in paragraph at lines 68--68
[]|$\OMS/cmsy/m/n/10 ^^B$| 
 []


Overfull \hbox (2.08734pt too wide) in paragraph at lines 68--68
[]|$\OMS/cmsy/m/n/10 ^^B$| 
 []


Overfull \hbox (2.08734pt too wide) in paragraph at lines 68--69
[]|$\OMS/cmsy/m/n/10 ^^B$| 
 []


Overfull \hbox (2.08734pt too wide) in paragraph at lines 69--69
[]|$\OMS/cmsy/m/n/10 ^^B$| 
 []


Overfull \hbox (2.08734pt too wide) in paragraph at lines 69--69
[]|$\OMS/cmsy/m/n/10 ^^B$| 
 []


Overfull \hbox (2.08734pt too wide) in paragraph at lines 69--69
[]|$\OMS/cmsy/m/n/10 ^^B$| 
 []


Overfull \hbox (2.08734pt too wide) in paragraph at lines 69--69
[]|$\OMS/cmsy/m/n/10 ^^B$| 
 []


Overfull \hbox (2.08734pt too wide) in paragraph at lines 69--69
[]|$\OMS/cmsy/m/n/10 ^^B$| 
 []


Overfull \hbox (2.08734pt too wide) in paragraph at lines 69--70
[]|$\OMS/cmsy/m/n/10 ^^B$| 
 []


Overfull \hbox (2.08734pt too wide) in paragraph at lines 70--70
[]|$\OMS/cmsy/m/n/10 ^^B$| 
 []


Overfull \hbox (2.08734pt too wide) in paragraph at lines 70--70
[]|$\OMS/cmsy/m/n/10 ^^B$| 
 []


Overfull \hbox (2.08734pt too wide) in paragraph at lines 70--70
[]|$\OMS/cmsy/m/n/10 ^^B$| 
 []


Overfull \hbox (2.08734pt too wide) in paragraph at lines 70--70
[]|$\OMS/cmsy/m/n/10 ^^B$| 
 []


Overfull \hbox (2.08734pt too wide) in paragraph at lines 70--70
[]|$\OMS/cmsy/m/n/10 ^^B$| 
 []


Overfull \hbox (2.08734pt too wide) in paragraph at lines 70--71
[]|$\OMS/cmsy/m/n/10 ^^B$| 
 []


Overfull \hbox (2.08734pt too wide) in paragraph at lines 71--71
[]|$\OMS/cmsy/m/n/10 ^^B$| 
 []


Overfull \hbox (2.08734pt too wide) in paragraph at lines 71--71
[]|$\OMS/cmsy/m/n/10 ^^B$| 
 []


Overfull \hbox (2.08734pt too wide) in paragraph at lines 71--71
[]|$\OMS/cmsy/m/n/10 ^^B$| 
 []


Overfull \hbox (2.08734pt too wide) in paragraph at lines 71--71
[]|$\OMS/cmsy/m/n/10 ^^B$| 
 []


Overfull \hbox (2.08734pt too wide) in paragraph at lines 71--71
[]|$\OMS/cmsy/m/n/10 ^^B$| 
 []


Overfull \hbox (2.08734pt too wide) in paragraph at lines 71--72
[]|$\OMS/cmsy/m/n/10 ^^B$| 
 []


Overfull \hbox (2.08734pt too wide) in paragraph at lines 72--72
[]|$\OMS/cmsy/m/n/10 ^^B$| 
 []


Overfull \hbox (2.08734pt too wide) in paragraph at lines 72--72
[]|$\OMS/cmsy/m/n/10 ^^B$| 
 []


Overfull \hbox (2.08734pt too wide) in paragraph at lines 72--72
[]|$\OMS/cmsy/m/n/10 ^^B$| 
 []


Overfull \hbox (2.08734pt too wide) in paragraph at lines 72--72
[]|$\OMS/cmsy/m/n/10 ^^B$| 
 []


Overfull \hbox (2.08734pt too wide) in paragraph at lines 72--72
[]|$\OMS/cmsy/m/n/10 ^^B$| 
 []


Overfull \hbox (2.08734pt too wide) in paragraph at lines 72--73
[]|$\OMS/cmsy/m/n/10 ^^B$| 
 []


Overfull \hbox (2.08734pt too wide) in paragraph at lines 73--73
[]|$\OMS/cmsy/m/n/10 ^^B$| 
 []


Overfull \hbox (2.08734pt too wide) in paragraph at lines 73--73
[]|$\OMS/cmsy/m/n/10 ^^B$| 
 []


Overfull \hbox (2.08734pt too wide) in paragraph at lines 73--73
[]|$\OMS/cmsy/m/n/10 ^^B$| 
 []


Overfull \hbox (2.08734pt too wide) in paragraph at lines 73--73
[]|$\OMS/cmsy/m/n/10 ^^B$| 
 []


Overfull \hbox (2.08734pt too wide) in paragraph at lines 73--73
[]|$\OMS/cmsy/m/n/10 ^^B$| 
 []


Overfull \hbox (2.08734pt too wide) in paragraph at lines 73--74
[]|$\OMS/cmsy/m/n/10 ^^B$| 
 []


Overfull \hbox (2.08734pt too wide) in paragraph at lines 74--74
[]|$\OMS/cmsy/m/n/10 ^^B$| 
 []


Overfull \hbox (2.08734pt too wide) in paragraph at lines 74--74
[]|$\OMS/cmsy/m/n/10 ^^B$| 
 []


Overfull \hbox (2.08734pt too wide) in paragraph at lines 74--74
[]|$\OMS/cmsy/m/n/10 ^^B$| 
 []


Overfull \hbox (2.08734pt too wide) in paragraph at lines 74--74
[]|$\OMS/cmsy/m/n/10 ^^B$| 
 []


Overfull \hbox (2.08734pt too wide) in paragraph at lines 74--74
[]|$\OMS/cmsy/m/n/10 ^^B$| 
 []


Overfull \hbox (2.08734pt too wide) in paragraph at lines 74--75
[]|$\OMS/cmsy/m/n/10 ^^B$| 
 []


Overfull \hbox (2.08734pt too wide) in paragraph at lines 75--75
[]|$\OMS/cmsy/m/n/10 ^^B$| 
 []


Overfull \hbox (2.08734pt too wide) in paragraph at lines 75--75
[]|$\OMS/cmsy/m/n/10 ^^B$| 
 []


Overfull \hbox (2.08734pt too wide) in paragraph at lines 75--75
[]|$\OMS/cmsy/m/n/10 ^^B$| 
 []


Overfull \hbox (2.08734pt too wide) in paragraph at lines 75--75
[]|$\OMS/cmsy/m/n/10 ^^B$| 
 []


Overfull \hbox (2.08734pt too wide) in paragraph at lines 75--75
[]|$\OMS/cmsy/m/n/10 ^^B$| 
 []


Overfull \hbox (2.08734pt too wide) in paragraph at lines 75--76
[]|$\OMS/cmsy/m/n/10 ^^B$| 
 []


Overfull \hbox (2.08734pt too wide) in paragraph at lines 76--76
[]|$\OMS/cmsy/m/n/10 ^^B$| 
 []


Overfull \hbox (2.08734pt too wide) in paragraph at lines 76--76
[]|$\OMS/cmsy/m/n/10 ^^B$| 
 []


Overfull \hbox (2.08734pt too wide) in paragraph at lines 76--76
[]|$\OMS/cmsy/m/n/10 ^^B$| 
 []


Overfull \hbox (2.08734pt too wide) in paragraph at lines 76--76
[]|$\OMS/cmsy/m/n/10 ^^B$| 
 []


Overfull \hbox (2.08734pt too wide) in paragraph at lines 76--76
[]|$\OMS/cmsy/m/n/10 ^^B$| 
 []


Overfull \hbox (2.08734pt too wide) in paragraph at lines 76--77
[]|$\OMS/cmsy/m/n/10 ^^B$| 
 []


Overfull \hbox (2.08734pt too wide) in paragraph at lines 77--77
[]|$\OMS/cmsy/m/n/10 ^^B$| 
 []


Overfull \hbox (2.08734pt too wide) in paragraph at lines 77--77
[]|$\OMS/cmsy/m/n/10 ^^B$| 
 []


Overfull \hbox (2.08734pt too wide) in paragraph at lines 77--77
[]|$\OMS/cmsy/m/n/10 ^^B$| 
 []


Overfull \hbox (2.08734pt too wide) in paragraph at lines 77--77
[]|$\OMS/cmsy/m/n/10 ^^B$| 
 []


Overfull \hbox (2.08734pt too wide) in paragraph at lines 77--77
[]|$\OMS/cmsy/m/n/10 ^^B$| 
 []


Overfull \hbox (2.08734pt too wide) in paragraph at lines 77--78
[]|$\OMS/cmsy/m/n/10 ^^B$| 
 []


Overfull \hbox (2.08734pt too wide) in paragraph at lines 78--78
[]|$\OMS/cmsy/m/n/10 ^^B$| 
 []


Overfull \hbox (2.08734pt too wide) in paragraph at lines 78--78
[]|$\OMS/cmsy/m/n/10 ^^B$| 
 []


Overfull \hbox (2.08734pt too wide) in paragraph at lines 78--78
[]|$\OMS/cmsy/m/n/10 ^^B$| 
 []


Overfull \hbox (2.08734pt too wide) in paragraph at lines 78--78
[]|$\OMS/cmsy/m/n/10 ^^B$| 
 []


Overfull \hbox (2.08734pt too wide) in paragraph at lines 78--78
[]|$\OMS/cmsy/m/n/10 ^^B$| 
 []


Overfull \hbox (2.08734pt too wide) in paragraph at lines 78--79
[]|$\OMS/cmsy/m/n/10 ^^B$| 
 []


Overfull \hbox (2.08734pt too wide) in paragraph at lines 79--79
[]|$\OMS/cmsy/m/n/10 ^^B$| 
 []


Overfull \hbox (2.08734pt too wide) in paragraph at lines 79--79
[]|$\OMS/cmsy/m/n/10 ^^B$| 
 []


Overfull \hbox (2.08734pt too wide) in paragraph at lines 79--79
[]|$\OMS/cmsy/m/n/10 ^^B$| 
 []


Overfull \hbox (2.08734pt too wide) in paragraph at lines 79--79
[]|$\OMS/cmsy/m/n/10 ^^B$| 
 []


Overfull \hbox (2.08734pt too wide) in paragraph at lines 79--79
[]|$\OMS/cmsy/m/n/10 ^^B$| 
 []


Overfull \hbox (2.08734pt too wide) in paragraph at lines 79--80
[]|$\OMS/cmsy/m/n/10 ^^B$| 
 []


Overfull \hbox (2.08734pt too wide) in paragraph at lines 80--80
[]|$\OMS/cmsy/m/n/10 ^^B$| 
 []


Overfull \hbox (2.08734pt too wide) in paragraph at lines 80--80
[]|$\OMS/cmsy/m/n/10 ^^B$| 
 []


Overfull \hbox (2.08734pt too wide) in paragraph at lines 80--80
[]|$\OMS/cmsy/m/n/10 ^^B$| 
 []


Overfull \hbox (2.08734pt too wide) in paragraph at lines 80--80
[]|$\OMS/cmsy/m/n/10 ^^B$| 
 []


Overfull \hbox (2.08734pt too wide) in paragraph at lines 80--80
[]|$\OMS/cmsy/m/n/10 ^^B$| 
 []


Overfull \hbox (2.08734pt too wide) in paragraph at lines 80--81
[]|$\OMS/cmsy/m/n/10 ^^B$| 
 []


Overfull \hbox (2.08734pt too wide) in paragraph at lines 81--81
[]|$\OMS/cmsy/m/n/10 ^^B$| 
 []


Overfull \hbox (2.08734pt too wide) in paragraph at lines 81--81
[]|$\OMS/cmsy/m/n/10 ^^B$| 
 []


Overfull \hbox (2.08734pt too wide) in paragraph at lines 81--81
[]|$\OMS/cmsy/m/n/10 ^^B$| 
 []


Overfull \hbox (2.08734pt too wide) in paragraph at lines 81--81
[]|$\OMS/cmsy/m/n/10 ^^B$| 
 []


Overfull \hbox (2.08734pt too wide) in paragraph at lines 81--81
[]|$\OMS/cmsy/m/n/10 ^^B$| 
 []


Overfull \hbox (2.08734pt too wide) in paragraph at lines 81--82
[]|$\OMS/cmsy/m/n/10 ^^B$| 
 []


Overfull \hbox (2.08734pt too wide) in paragraph at lines 82--82
[]|$\OMS/cmsy/m/n/10 ^^B$| 
 []


Overfull \hbox (2.08734pt too wide) in paragraph at lines 82--82
[]|$\OMS/cmsy/m/n/10 ^^B$| 
 []


Overfull \hbox (2.08734pt too wide) in paragraph at lines 82--82
[]|$\OMS/cmsy/m/n/10 ^^B$| 
 []


Overfull \hbox (2.08734pt too wide) in paragraph at lines 82--82
[]|$\OMS/cmsy/m/n/10 ^^B$| 
 []


Overfull \hbox (2.08734pt too wide) in paragraph at lines 82--82
[]|$\OMS/cmsy/m/n/10 ^^B$| 
 []


Overfull \hbox (2.08734pt too wide) in paragraph at lines 82--83
[]|$\OMS/cmsy/m/n/10 ^^B$| 
 []


Overfull \hbox (42.55809pt too wide) in alignment at lines 63--83
 [] [] [] [] [] [] [] [] [] 
 []


Overfull \hbox (2.08734pt too wide) in paragraph at lines 83--83
[]|$\OMS/cmsy/m/n/10 ^^B$| 
 []


Overfull \hbox (2.08734pt too wide) in paragraph at lines 83--83
[]|$\OMS/cmsy/m/n/10 ^^B$| 
 []


Overfull \hbox (2.08734pt too wide) in paragraph at lines 83--83
[]|$\OMS/cmsy/m/n/10 ^^B$| 
 []


Overfull \hbox (2.08734pt too wide) in paragraph at lines 83--83
[]|$\OMS/cmsy/m/n/10 ^^B$| 
 []


Overfull \hbox (2.08734pt too wide) in paragraph at lines 83--83
[]|$\OMS/cmsy/m/n/10 ^^B$| 
 []


Overfull \hbox (2.08734pt too wide) in paragraph at lines 83--85
[]|$\OMS/cmsy/m/n/10 ^^B$| 
 []


Overfull \hbox (2.08734pt too wide) in paragraph at lines 86--86
[]|$\OMS/cmsy/m/n/10 ^^B$| 
 []


Overfull \hbox (2.08734pt too wide) in paragraph at lines 86--86
[]|$\OMS/cmsy/m/n/10 ^^B$| 
 []


Overfull \hbox (2.08734pt too wide) in paragraph at lines 86--86
[]|$\OMS/cmsy/m/n/10 ^^B$| 
 []


Overfull \hbox (2.08734pt too wide) in paragraph at lines 86--86
[]|$\OMS/cmsy/m/n/10 ^^B$| 
 []


Overfull \hbox (2.08734pt too wide) in paragraph at lines 86--86
[]|$\OMS/cmsy/m/n/10 ^^B$| 
 []


Overfull \hbox (2.08734pt too wide) in paragraph at lines 86--87
[]|$\OMS/cmsy/m/n/10 ^^B$| 
 []


Overfull \hbox (2.08734pt too wide) in paragraph at lines 87--87
[]|$\OMS/cmsy/m/n/10 ^^B$| 
 []


Overfull \hbox (2.08734pt too wide) in paragraph at lines 87--87
[]|$\OMS/cmsy/m/n/10 ^^B$| 
 []


Overfull \hbox (2.08734pt too wide) in paragraph at lines 87--87
[]|$\OMS/cmsy/m/n/10 ^^B$| 
 []


Overfull \hbox (2.08734pt too wide) in paragraph at lines 87--87
[]|$\OMS/cmsy/m/n/10 ^^B$| 
 []


Overfull \hbox (2.08734pt too wide) in paragraph at lines 87--87
[]|$\OMS/cmsy/m/n/10 ^^B$| 
 []


Overfull \hbox (2.08734pt too wide) in paragraph at lines 87--88
[]|$\OMS/cmsy/m/n/10 ^^B$| 
 []


Overfull \hbox (2.08734pt too wide) in paragraph at lines 88--88
[]|$\OMS/cmsy/m/n/10 ^^B$| 
 []


Overfull \hbox (2.08734pt too wide) in paragraph at lines 88--88
[]|$\OMS/cmsy/m/n/10 ^^B$| 
 []


Overfull \hbox (2.08734pt too wide) in paragraph at lines 88--88
[]|$\OMS/cmsy/m/n/10 ^^B$| 
 []


Overfull \hbox (2.08734pt too wide) in paragraph at lines 88--88
[]|$\OMS/cmsy/m/n/10 ^^B$| 
 []


Overfull \hbox (2.08734pt too wide) in paragraph at lines 88--88
[]|$\OMS/cmsy/m/n/10 ^^B$| 
 []


Overfull \hbox (2.08734pt too wide) in paragraph at lines 88--89
[]|$\OMS/cmsy/m/n/10 ^^B$| 
 []


Overfull \hbox (2.08734pt too wide) in paragraph at lines 89--89
[]|$\OMS/cmsy/m/n/10 ^^B$| 
 []


Overfull \hbox (2.08734pt too wide) in paragraph at lines 89--89
[]|$\OMS/cmsy/m/n/10 ^^B$| 
 []


Overfull \hbox (2.08734pt too wide) in paragraph at lines 89--89
[]|$\OMS/cmsy/m/n/10 ^^B$| 
 []


Overfull \hbox (2.08734pt too wide) in paragraph at lines 89--89
[]|$\OMS/cmsy/m/n/10 ^^B$| 
 []


Overfull \hbox (2.08734pt too wide) in paragraph at lines 89--89
[]|$\OMS/cmsy/m/n/10 ^^B$| 
 []


Overfull \hbox (2.08734pt too wide) in paragraph at lines 89--90
[]|$\OMS/cmsy/m/n/10 ^^B$| 
 []


Overfull \hbox (2.08734pt too wide) in paragraph at lines 90--90
[]|$\OMS/cmsy/m/n/10 ^^B$| 
 []


Overfull \hbox (2.08734pt too wide) in paragraph at lines 90--90
[]|$\OMS/cmsy/m/n/10 ^^B$| 
 []


Overfull \hbox (2.08734pt too wide) in paragraph at lines 90--90
[]|$\OMS/cmsy/m/n/10 ^^B$| 
 []


Overfull \hbox (2.08734pt too wide) in paragraph at lines 90--90
[]|$\OMS/cmsy/m/n/10 ^^B$| 
 []


Overfull \hbox (2.08734pt too wide) in paragraph at lines 90--90
[]|$\OMS/cmsy/m/n/10 ^^B$| 
 []


Overfull \hbox (2.08734pt too wide) in paragraph at lines 90--91
[]|$\OMS/cmsy/m/n/10 ^^B$| 
 []


Overfull \hbox (2.08734pt too wide) in paragraph at lines 91--91
[]|$\OMS/cmsy/m/n/10 ^^B$| 
 []


Overfull \hbox (2.08734pt too wide) in paragraph at lines 91--91
[]|$\OMS/cmsy/m/n/10 ^^B$| 
 []


Overfull \hbox (2.08734pt too wide) in paragraph at lines 91--91
[]|$\OMS/cmsy/m/n/10 ^^B$| 
 []


Overfull \hbox (2.08734pt too wide) in paragraph at lines 91--91
[]|$\OMS/cmsy/m/n/10 ^^B$| 
 []


Overfull \hbox (2.08734pt too wide) in paragraph at lines 91--91
[]|$\OMS/cmsy/m/n/10 ^^B$| 
 []


Overfull \hbox (2.08734pt too wide) in paragraph at lines 91--92
[]|$\OMS/cmsy/m/n/10 ^^B$| 
 []


Overfull \hbox (2.08734pt too wide) in paragraph at lines 92--92
[]|$\OMS/cmsy/m/n/10 ^^B$| 
 []


Overfull \hbox (2.08734pt too wide) in paragraph at lines 92--92
[]|$\OMS/cmsy/m/n/10 ^^B$| 
 []


Overfull \hbox (2.08734pt too wide) in paragraph at lines 92--92
[]|$\OMS/cmsy/m/n/10 ^^B$| 
 []


Overfull \hbox (2.08734pt too wide) in paragraph at lines 92--92
[]|$\OMS/cmsy/m/n/10 ^^B$| 
 []


Overfull \hbox (2.08734pt too wide) in paragraph at lines 92--92
[]|$\OMS/cmsy/m/n/10 ^^B$| 
 []


Overfull \hbox (2.08734pt too wide) in paragraph at lines 92--93
[]|$\OMS/cmsy/m/n/10 ^^B$| 
 []


Overfull \hbox (2.08734pt too wide) in paragraph at lines 93--93
[]|$\OMS/cmsy/m/n/10 ^^B$| 
 []


Overfull \hbox (2.08734pt too wide) in paragraph at lines 93--93
[]|$\OMS/cmsy/m/n/10 ^^B$| 
 []


Overfull \hbox (2.08734pt too wide) in paragraph at lines 93--93
[]|$\OMS/cmsy/m/n/10 ^^B$| 
 []


Overfull \hbox (2.08734pt too wide) in paragraph at lines 93--93
[]|$\OMS/cmsy/m/n/10 ^^B$| 
 []


Overfull \hbox (2.08734pt too wide) in paragraph at lines 93--93
[]|$\OMS/cmsy/m/n/10 ^^B$| 
 []


Overfull \hbox (2.08734pt too wide) in paragraph at lines 93--94
[]|$\OMS/cmsy/m/n/10 ^^B$| 
 []


Overfull \hbox (2.08734pt too wide) in paragraph at lines 94--94
[]|$\OMS/cmsy/m/n/10 ^^B$| 
 []


Overfull \hbox (2.08734pt too wide) in paragraph at lines 94--94
[]|$\OMS/cmsy/m/n/10 ^^B$| 
 []


Overfull \hbox (2.08734pt too wide) in paragraph at lines 94--94
[]|$\OMS/cmsy/m/n/10 ^^B$| 
 []


Overfull \hbox (2.08734pt too wide) in paragraph at lines 94--94
[]|$\OMS/cmsy/m/n/10 ^^B$| 
 []


Overfull \hbox (2.08734pt too wide) in paragraph at lines 94--94
[]|$\OMS/cmsy/m/n/10 ^^B$| 
 []


Overfull \hbox (2.08734pt too wide) in paragraph at lines 94--95
[]|$\OMS/cmsy/m/n/10 ^^B$| 
 []


Overfull \hbox (2.08734pt too wide) in paragraph at lines 95--95
[]|$\OMS/cmsy/m/n/10 ^^B$| 
 []


Overfull \hbox (2.08734pt too wide) in paragraph at lines 95--95
[]|$\OMS/cmsy/m/n/10 ^^B$| 
 []


Overfull \hbox (2.08734pt too wide) in paragraph at lines 95--95
[]|$\OMS/cmsy/m/n/10 ^^B$| 
 []


Overfull \hbox (2.08734pt too wide) in paragraph at lines 95--95
[]|$\OMS/cmsy/m/n/10 ^^B$| 
 []


Overfull \hbox (2.08734pt too wide) in paragraph at lines 95--95
[]|$\OMS/cmsy/m/n/10 ^^B$| 
 []


Overfull \hbox (2.08734pt too wide) in paragraph at lines 95--96
[]|$\OMS/cmsy/m/n/10 ^^B$| 
 []


Overfull \hbox (2.08734pt too wide) in paragraph at lines 96--96
[]|$\OMS/cmsy/m/n/10 ^^B$| 
 []


Overfull \hbox (2.08734pt too wide) in paragraph at lines 96--96
[]|$\OMS/cmsy/m/n/10 ^^B$| 
 []


Overfull \hbox (2.08734pt too wide) in paragraph at lines 96--96
[]|$\OMS/cmsy/m/n/10 ^^B$| 
 []


Overfull \hbox (2.08734pt too wide) in paragraph at lines 96--96
[]|$\OMS/cmsy/m/n/10 ^^B$| 
 []


Overfull \hbox (2.08734pt too wide) in paragraph at lines 96--96
[]|$\OMS/cmsy/m/n/10 ^^B$| 
 []


Overfull \hbox (2.08734pt too wide) in paragraph at lines 96--98
[]|$\OMS/cmsy/m/n/10 ^^B$| 
 []


Overfull \hbox (2.08734pt too wide) in paragraph at lines 98--98
[]|$\OMS/cmsy/m/n/10 ^^B$| 
 []


Overfull \hbox (2.08734pt too wide) in paragraph at lines 98--98
[]|$\OMS/cmsy/m/n/10 ^^B$| 
 []


Overfull \hbox (2.08734pt too wide) in paragraph at lines 98--98
[]|$\OMS/cmsy/m/n/10 ^^B$| 
 []


Overfull \hbox (2.08734pt too wide) in paragraph at lines 99--99
[]|$\OMS/cmsy/m/n/10 ^^B$| 
 []


Overfull \hbox (2.08734pt too wide) in paragraph at lines 99--99
[]|$\OMS/cmsy/m/n/10 ^^B$| 
 []


Overfull \hbox (2.08734pt too wide) in paragraph at lines 99--99
[]|$\OMS/cmsy/m/n/10 ^^B$| 
 []


Overfull \hbox (2.08734pt too wide) in paragraph at lines 100--100
[]|$\OMS/cmsy/m/n/10 ^^B$| 
 []


Overfull \hbox (2.08734pt too wide) in paragraph at lines 100--100
[]|$\OMS/cmsy/m/n/10 ^^B$| 
 []


Overfull \hbox (2.08734pt too wide) in paragraph at lines 100--100
[]|$\OMS/cmsy/m/n/10 ^^B$| 
 []


Overfull \hbox (2.08734pt too wide) in paragraph at lines 101--101
[]|$\OMS/cmsy/m/n/10 ^^B$| 
 []


Overfull \hbox (2.08734pt too wide) in paragraph at lines 101--101
[]|$\OMS/cmsy/m/n/10 ^^B$| 
 []


Overfull \hbox (2.08734pt too wide) in paragraph at lines 101--101
[]|$\OMS/cmsy/m/n/10 ^^B$| 
 []


Overfull \hbox (2.08734pt too wide) in paragraph at lines 102--102
[]|$\OMS/cmsy/m/n/10 ^^B$| 
 []


Overfull \hbox (2.08734pt too wide) in paragraph at lines 102--102
[]|$\OMS/cmsy/m/n/10 ^^B$| 
 []


Overfull \hbox (2.08734pt too wide) in paragraph at lines 102--102
[]|$\OMS/cmsy/m/n/10 ^^B$| 
 []


Overfull \hbox (2.08734pt too wide) in paragraph at lines 103--103
[]|$\OMS/cmsy/m/n/10 ^^B$| 
 []


Overfull \hbox (2.08734pt too wide) in paragraph at lines 103--103
[]|$\OMS/cmsy/m/n/10 ^^B$| 
 []


Overfull \hbox (2.08734pt too wide) in paragraph at lines 103--103
[]|$\OMS/cmsy/m/n/10 ^^B$| 
 []


Overfull \hbox (42.55809pt too wide) in alignment at lines 83--107
 [] [] [] [] [] [] [] [] [] 
 []

[6]) [7] (./mapping_run_2.tex
Overfull \hbox (0.55956pt too wide) in paragraph at lines 14--14
[]|\OT1/cmr/m/n/10 L| 
 []


Overfull \hbox (1.80956pt too wide) in paragraph at lines 14--14
[]|\OT1/cmr/m/n/10 N| 
 []


Overfull \hbox (1.94844pt too wide) in paragraph at lines 14--14
[]|\OT1/cmr/m/n/10 D| 
 []


Overfull \hbox (1.94844pt too wide) in paragraph at lines 14--14
[]|\OT1/cmr/m/n/10 D| 
 []


Overfull \hbox (1.80956pt too wide) in paragraph at lines 14--14
[]|\OT1/cmr/m/n/10 U| 
 []


Overfull \hbox (1.80956pt too wide) in paragraph at lines 14--15
[]|\OT1/cmr/m/n/10 N| 
 []


Overfull \hbox (2.08734pt too wide) in paragraph at lines 17--17
[]|$\OMS/cmsy/m/n/10 ^^B$| 
 []


Overfull \hbox (2.08734pt too wide) in paragraph at lines 17--17
[]|$\OMS/cmsy/m/n/10 ^^B$| 
 []


Overfull \hbox (2.08734pt too wide) in paragraph at lines 17--17
[]|$\OMS/cmsy/m/n/10 ^^B$| 
 []


Overfull \hbox (2.08734pt too wide) in paragraph at lines 17--18
[]|$\OMS/cmsy/m/n/10 ^^B$| 
 []


Overfull \hbox (2.08734pt too wide) in paragraph at lines 20--21
[]|$\OMS/cmsy/m/n/10 ^^B$| 
 []


Overfull \hbox (2.08734pt too wide) in paragraph at lines 21--22
[]|$\OMS/cmsy/m/n/10 ^^B$| 
 []


Overfull \hbox (2.08734pt too wide) in paragraph at lines 22--23
[]|$\OMS/cmsy/m/n/10 ^^B$| 
 []


Overfull \hbox (2.08734pt too wide) in paragraph at lines 23--24
[]|$\OMS/cmsy/m/n/10 ^^B$| 
 []


Overfull \hbox (2.08734pt too wide) in paragraph at lines 24--25
[]|$\OMS/cmsy/m/n/10 ^^B$| 
 []


Overfull \hbox (2.08734pt too wide) in paragraph at lines 25--25
[]|$\OMS/cmsy/m/n/10 ^^B$| 
 []


Overfull \hbox (2.08734pt too wide) in paragraph at lines 25--25
[]|$\OMS/cmsy/m/n/10 ^^B$| 
 []


Overfull \hbox (2.08734pt too wide) in paragraph at lines 25--26
[]|$\OMS/cmsy/m/n/10 ^^B$| 
 []


Overfull \hbox (2.08734pt too wide) in paragraph at lines 26--27
[]|$\OMS/cmsy/m/n/10 ^^B$| 
 []


Overfull \hbox (2.08734pt too wide) in paragraph at lines 27--27
[]|$\OMS/cmsy/m/n/10 ^^B$| 
 []


Overfull \hbox (2.08734pt too wide) in paragraph at lines 27--27
[]|$\OMS/cmsy/m/n/10 ^^B$| 
 []


Overfull \hbox (2.08734pt too wide) in paragraph at lines 27--28
[]|$\OMS/cmsy/m/n/10 ^^B$| 
 []


Overfull \hbox (2.08734pt too wide) in paragraph at lines 30--31
[]|$\OMS/cmsy/m/n/10 ^^B$| 
 []


Overfull \hbox (2.08734pt too wide) in paragraph at lines 35--35
[]|$\OMS/cmsy/m/n/10 ^^B$| 
 []


Overfull \hbox (2.08734pt too wide) in paragraph at lines 35--35
[]|$\OMS/cmsy/m/n/10 ^^B$| 
 []


Overfull \hbox (2.08734pt too wide) in paragraph at lines 36--36
[]|$\OMS/cmsy/m/n/10 ^^B$| 
 []


Overfull \hbox (42.55809pt too wide) in alignment at lines 11--44
 [] [] [] [] [] [] [] [] [] 
 []


Underfull \vbox (badness 10000) detected at line 44
 []

)) [8]
\openout2 = `SA-ThreatElicitation.aux'.

 (./SA-ThreatElicitation.tex (./SA-assumptions.tex [9


]) (./SA-Threats.tex (./SAThreat-T02.tex [10]) (./SAThreat-T04.tex) (./SAThreat
-T05.tex [11])
(./SAThreat-T06.tex [12]) (./SAThreat-T11.tex [13]) (./SAThreat-T14.tex)
(./SAThreat-T15.tex [14]) (./SAThreat-T16.tex [15]) (./SAThreat-T17.tex
Overfull \hbox (4.29929pt too wide) in paragraph at lines 6--8
 \OT1/cmr/bx/n/10 Sum-mary:[] \OT1/cmr/m/n/10 The sys-tem did not ask the cus-t
omer's per-mis-sion to share part of his (pseudonymized)
 []

) (./SAThreat-T18.tex [16]) (./SAThreat-T19.tex [17]) (./SAThreat-T20.tex)))
[18]
\openout2 = `SA-prioritization.aux'.

 (./SA-prioritization.tex
LaTeX Font Info:    Try loading font information for OMS+cmr on input line 17.

(/usr/share/texmf-texlive/tex/latex/base/omscmr.fd
File: omscmr.fd 1999/05/25 v2.5h Standard LaTeX font definitions
)
LaTeX Font Info:    Font shape `OMS/cmr/m/n' in size <10> not available
(Font)              Font shape `OMS/cmsy/m/n' tried instead on input line 17.
) [19


] (./SAProject3.aux
(./SA-Understanding.aux) (./SA-PrivacyAnalysis.aux) (./SA-ThreatElicitation.aux
) (./SA-prioritization.aux)) ) 
Here is how much of TeX's memory you used:
 8204 strings out of 495061
 121456 string characters out of 1182621
 336421 words of memory out of 3000000
 11001 multiletter control sequences out of 15000+50000
 8540 words of font info for 30 fonts, out of 3000000 for 9000
 28 hyphenation exceptions out of 8191
 42i,10n,82p,414b,420s stack positions out of 5000i,500n,10000p,200000b,50000s
</usr/share/texmf-texlive/fonts/type1/public/amsf
onts/cm/cmbx10.pfb></usr/share/texmf-texlive/fonts/type1/public/amsfonts/cm/cmb
x12.pfb></usr/share/texmf-texlive/fonts/type1/public/amsfonts/cm/cmr10.pfb></us
r/share/texmf-texlive/fonts/type1/public/amsfonts/cm/cmr12.pfb></usr/share/texm
f-texlive/fonts/type1/public/amsfonts/cm/cmr17.pfb></usr/share/texmf-texlive/fo
nts/type1/public/amsfonts/cm/cmsy10.pfb></usr/share/texmf-texlive/fonts/type1/p
ublic/amsfonts/cm/cmti10.pfb>
Output written on SAProject3.pdf (19 pages, 190634 bytes).
PDF statistics:
 440 PDF objects out of 1000 (max. 8388607)
 168 named destinations out of 1000 (max. 500000)
 195 words of extra memory for PDF output out of 10000 (max. 10000000)

