This is pdfTeX, Version 3.1415926-1.40.10 (TeX Live 2009/Debian) (format=pdflatex 2011.11.28)  25 APR 2012 02:31
entering extended mode
 %&-line parsing enabled.
**SAProject2.tex
(./SAProject2.tex
LaTeX2e <2009/09/24>
Babel <v3.8l> and hyphenation patterns for english, usenglishmax, dumylang, noh
yphenation, loaded.
(/usr/share/texmf-texlive/tex/latex/base/article.cls
Document Class: article 2007/10/19 v1.4h Standard LaTeX document class
(/usr/share/texmf-texlive/tex/latex/base/size10.clo
File: size10.clo 2007/10/19 v1.4h Standard LaTeX file (size option)
)
\c@part=\count79
\c@section=\count80
\c@subsection=\count81
\c@subsubsection=\count82
\c@paragraph=\count83
\c@subparagraph=\count84
\c@figure=\count85
\c@table=\count86
\abovecaptionskip=\skip41
\belowcaptionskip=\skip42
\bibindent=\dimen102
)
(/usr/share/texmf-texlive/tex/generic/babel/babel.sty
Package: babel 2008/07/06 v3.8l The Babel package

(/usr/share/texmf-texlive/tex/generic/babel/english.ldf
Language: english 2005/03/30 v3.3o English support from the babel system

(/usr/share/texmf-texlive/tex/generic/babel/babel.def
File: babel.def 2008/07/06 v3.8l Babel common definitions
\babel@savecnt=\count87
\U@D=\dimen103
)
\l@british = a dialect from \language\l@english 
\l@UKenglish = a dialect from \language\l@english 
\l@canadian = a dialect from \language\l@american 
\l@australian = a dialect from \language\l@british 
\l@newzealand = a dialect from \language\l@british 
))
(/usr/share/texmf-texlive/tex/latex/graphics/graphicx.sty
Package: graphicx 1999/02/16 v1.0f Enhanced LaTeX Graphics (DPC,SPQR)

(/usr/share/texmf-texlive/tex/latex/graphics/keyval.sty
Package: keyval 1999/03/16 v1.13 key=value parser (DPC)
\KV@toks@=\toks14
)
(/usr/share/texmf-texlive/tex/latex/graphics/graphics.sty
Package: graphics 2009/02/05 v1.0o Standard LaTeX Graphics (DPC,SPQR)

(/usr/share/texmf-texlive/tex/latex/graphics/trig.sty
Package: trig 1999/03/16 v1.09 sin cos tan (DPC)
)
(/etc/texmf/tex/latex/config/graphics.cfg
File: graphics.cfg 2009/08/28 v1.8 graphics configuration of TeX Live
)
Package graphics Info: Driver file: pdftex.def on input line 91.

(/usr/share/texmf-texlive/tex/latex/pdftex-def/pdftex.def
File: pdftex.def 2010/03/12 v0.04p Graphics/color for pdfTeX
\Gread@gobject=\count88
))
\Gin@req@height=\dimen104
\Gin@req@width=\dimen105
)
(/usr/share/texmf-texlive/tex/latex/hyperref/hyperref.sty
Package: hyperref 2009/10/09 v6.79a Hypertext links for LaTeX

(/usr/share/texmf-texlive/tex/generic/oberdiek/ifpdf.sty
Package: ifpdf 2009/04/10 v2.0 Provides the ifpdf switch (HO)
Package ifpdf Info: pdfTeX in pdf mode detected.
)
(/usr/share/texmf-texlive/tex/generic/oberdiek/ifvtex.sty
Package: ifvtex 2008/11/04 v1.4 Switches for detecting VTeX and its modes (HO)
Package ifvtex Info: VTeX not detected.
)
(/usr/share/texmf-texlive/tex/generic/ifxetex/ifxetex.sty
Package: ifxetex 2009/01/23 v0.5 Provides ifxetex conditional
)
(/usr/share/texmf-texlive/tex/latex/oberdiek/hycolor.sty
Package: hycolor 2009/10/02 v1.5 Code for color options of hyperref/bookmark (H
O)

(/usr/share/texmf-texlive/tex/latex/oberdiek/xcolor-patch.sty
Package: xcolor-patch 2009/10/02 xcolor patch
))
\@linkdim=\dimen106
\Hy@linkcounter=\count89
\Hy@pagecounter=\count90

(/usr/share/texmf-texlive/tex/latex/hyperref/pd1enc.def
File: pd1enc.def 2009/10/09 v6.79a Hyperref: PDFDocEncoding definition (HO)
)
(/usr/share/texmf-texlive/tex/generic/oberdiek/etexcmds.sty
Package: etexcmds 2007/12/12 v1.2 Prefix for e-TeX command names (HO)

(/usr/share/texmf-texlive/tex/generic/oberdiek/infwarerr.sty
Package: infwarerr 2007/09/09 v1.2 Providing info/warning/message (HO)
)
Package etexcmds Info: Could not find \expanded.
(etexcmds)             That can mean that you are not using pdfTeX 1.50 or
(etexcmds)             that some package has redefined \expanded.
(etexcmds)             In the latter case, load this package earlier.
)
(/usr/share/texmf-texlive/tex/latex/latexconfig/hyperref.cfg
File: hyperref.cfg 2002/06/06 v1.2 hyperref configuration of TeXLive
)
(/usr/share/texmf-texlive/tex/latex/oberdiek/kvoptions.sty
Package: kvoptions 2009/08/13 v3.4 Keyval support for LaTeX options (HO)

(/usr/share/texmf-texlive/tex/generic/oberdiek/kvsetkeys.sty
Package: kvsetkeys 2009/07/30 v1.5 Key value parser with default handler suppor
t (HO)
))
Package hyperref Info: Hyper figures OFF on input line 2975.
Package hyperref Info: Link nesting OFF on input line 2980.
Package hyperref Info: Hyper index ON on input line 2983.
Package hyperref Info: Plain pages OFF on input line 2990.
Package hyperref Info: Backreferencing OFF on input line 2995.

Implicit mode ON; LaTeX internals redefined
Package hyperref Info: Bookmarks ON on input line 3191.
(/usr/share/texmf-texlive/tex/latex/ltxmisc/url.sty
\Urlmuskip=\muskip10
Package: url 2006/04/12  ver 3.3  Verb mode for urls, etc.
)
LaTeX Info: Redefining \url on input line 3428.

(/usr/share/texmf-texlive/tex/generic/oberdiek/bitset.sty
Package: bitset 2007/09/28 v1.0 Data type bit set (HO)

(/usr/share/texmf-texlive/tex/generic/oberdiek/intcalc.sty
Package: intcalc 2007/09/27 v1.1 Expandable integer calculations (HO)
)
(/usr/share/texmf-texlive/tex/generic/oberdiek/bigintcalc.sty
Package: bigintcalc 2007/11/11 v1.1 Expandable big integer calculations (HO)

(/usr/share/texmf-texlive/tex/generic/oberdiek/pdftexcmds.sty
Package: pdftexcmds 2009/09/23 v0.6 LuaTeX support for pdfTeX utility functions
 (HO)

(/usr/share/texmf-texlive/tex/generic/oberdiek/ifluatex.sty
Package: ifluatex 2009/04/17 v1.2 Provides the ifluatex switch (HO)
Package ifluatex Info: LuaTeX not detected.
)
(/usr/share/texmf-texlive/tex/generic/oberdiek/ltxcmds.sty
Package: ltxcmds 2009/08/05 v1.0 Some LaTeX kernel commands for general use (HO
)
)
Package pdftexcmds Info: LuaTeX not detected.
Package pdftexcmds Info: \pdf@primitive is available.
Package pdftexcmds Info: \pdf@ifprimitive is available.
)))
\Fld@menulength=\count91
\Field@Width=\dimen107
\Fld@charsize=\dimen108
\Field@toks=\toks15
Package hyperref Info: Hyper figures OFF on input line 4377.
Package hyperref Info: Link nesting OFF on input line 4382.
Package hyperref Info: Hyper index ON on input line 4385.
Package hyperref Info: backreferencing OFF on input line 4392.
Package hyperref Info: Link coloring OFF on input line 4397.
Package hyperref Info: Link coloring with OCG OFF on input line 4402.
Package hyperref Info: PDF/A mode OFF on input line 4407.

(/usr/share/texmf-texlive/tex/generic/oberdiek/atbegshi.sty
Package: atbegshi 2008/07/31 v1.9 At begin shipout hook (HO)
)
\Hy@abspage=\count92
\c@Item=\count93
\c@Hfootnote=\count94
)
*hyperref using default driver hpdftex*
(/usr/share/texmf-texlive/tex/latex/hyperref/hpdftex.def
File: hpdftex.def 2009/10/09 v6.79a Hyperref driver for pdfTeX
\Fld@listcount=\count95
)
(/usr/share/texmf-texlive/tex/latex/ltxmisc/parskip.sty
Package: parskip 2001/04/09 non-zero parskip adjustments
)
(/usr/share/texmf-texlive/tex/latex/tools/verbatim.sty
Package: verbatim 2003/08/22 v1.5q LaTeX2e package for verbatim enhancements
\every@verbatim=\toks16
\verbatim@line=\toks17
\verbatim@in@stream=\read1
)
(/usr/share/texmf-texlive/tex/latex/listings/listings.sty
\lst@mode=\count96
\lst@gtempboxa=\box26
\lst@token=\toks18
\lst@length=\count97
\lst@currlwidth=\dimen109
\lst@column=\count98
\lst@pos=\count99
\lst@lostspace=\dimen110
\lst@width=\dimen111
\lst@newlines=\count100
\lst@lineno=\count101
\lst@maxwidth=\dimen112

(/usr/share/texmf-texlive/tex/latex/listings/lstmisc.sty
File: lstmisc.sty 2007/02/22 1.4 (Carsten Heinz)
\c@lstnumber=\count102
\lst@skipnumbers=\count103
\lst@framebox=\box27
)
(/usr/share/texmf-texlive/tex/latex/listings/listings.cfg
File: listings.cfg 2007/02/22 1.4 listings configuration
))
Package: listings 2007/02/22 1.4 (Carsten Heinz)

(/usr/share/texmf-texlive/tex/latex/ctable/ctable.sty
Package: ctable 2009/09/17 v1.15 ctable package

(/usr/share/texmf-texlive/tex/latex/graphics/color.sty
Package: color 2005/11/14 v1.0j Standard LaTeX Color (DPC)

(/etc/texmf/tex/latex/config/color.cfg
File: color.cfg 2007/01/18 v1.5 color configuration of teTeX/TeXLive
)
Package color Info: Driver file: pdftex.def on input line 130.
)
(/usr/share/texmf-texlive/tex/latex/xkeyval/xkeyval.sty
Package: xkeyval 2008/08/13 v2.6a package option processing (HA)

(/usr/share/texmf-texlive/tex/generic/xkeyval/xkeyval.tex
\XKV@toks=\toks19
\XKV@tempa@toks=\toks20
\XKV@depth=\count104
File: xkeyval.tex 2008/08/13 v2.6a key=value parser (HA)
))
(/usr/share/texmf-texlive/tex/latex/tools/array.sty
Package: array 2008/09/09 v2.4c Tabular extension package (FMi)
\col@sep=\dimen113
\extrarowheight=\dimen114
\NC@list=\toks21
\extratabsurround=\skip43
\backup@length=\skip44
)
(/usr/share/texmf-texlive/tex/latex/tools/tabularx.sty
Package: tabularx 1999/01/07 v2.07 `tabularx' package (DPC)
\TX@col@width=\dimen115
\TX@old@table=\dimen116
\TX@old@col=\dimen117
\TX@target=\dimen118
\TX@delta=\dimen119
\TX@cols=\count105
\TX@ftn=\toks22
)
(/usr/share/texmf-texlive/tex/latex/booktabs/booktabs.sty
Package: booktabs 2005/04/14 v1.61803 publication quality tables
\heavyrulewidth=\dimen120
\lightrulewidth=\dimen121
\cmidrulewidth=\dimen122
\belowrulesep=\dimen123
\belowbottomsep=\dimen124
\aboverulesep=\dimen125
\abovetopsep=\dimen126
\cmidrulesep=\dimen127
\cmidrulekern=\dimen128
\defaultaddspace=\dimen129
\@cmidla=\count106
\@cmidlb=\count107
\@aboverulesep=\dimen130
\@belowrulesep=\dimen131
\@thisruleclass=\count108
\@lastruleclass=\count109
\@thisrulewidth=\dimen132
)
(/usr/share/texmf-texlive/tex/latex/rotating/rotating.sty
Package: rotating 2009/03/28 v2.16a rotated objects in LaTeX

(/usr/share/texmf-texlive/tex/latex/base/ifthen.sty
Package: ifthen 2001/05/26 v1.1c Standard LaTeX ifthen package (DPC)
)
\c@r@tfl@t=\count110
\rotFPtop=\skip45
\rotFPbot=\skip46
\rot@float@box=\box28
\rot@mess@toks=\toks23
)
\@ctblframesep=\dimen133
\@ctblframerule=\dimen134
\@ctblwidth=\dimen135
\@ctblcaptionskip=\dimen136
\@ctblmaxwidth=\dimen137
\@ctblmincapwidth=\dimen138
\@ctblw=\dimen139
\@ctblfloatwidth=\dimen140
\@ctbloldsep=\dimen141
\@ctbloldrule=\dimen142
\ctbl@t=\box29
)
(/usr/share/texmf-texlive/tex/latex/float/float.sty
Package: float 2001/11/08 v1.3d Float enhancements (AL)
\c@float@type=\count111
\float@exts=\toks24
\float@box=\box30
\@float@everytoks=\toks25
\@floatcapt=\box31
)
(/usr/share/texmf-texlive/tex/latex/listings/lstlang1.sty
File: lstlang1.sty 2004/09/05 1.3 listings language file
)
(/usr/share/texmf-texlive/tex/latex/listings/lstlang2.sty
File: lstlang2.sty 2004/09/05 1.3 listings language file
)
(/usr/share/texmf-texlive/tex/latex/listings/lstlang3.sty
File: lstlang3.sty 2004/09/05 1.3 listings language file
) (./SAProject2.aux
(./SA-Preface.aux) (./SA-ADD.aux) (./SA-FinalArchitecture.aux)
(./SA-Scenarios.aux) (./SA-Appendix.aux))
\openout1 = `SAProject2.aux'.

LaTeX Font Info:    Checking defaults for OML/cmm/m/it on input line 69.
LaTeX Font Info:    ... okay on input line 69.
LaTeX Font Info:    Checking defaults for T1/cmr/m/n on input line 69.
LaTeX Font Info:    ... okay on input line 69.
LaTeX Font Info:    Checking defaults for OT1/cmr/m/n on input line 69.
LaTeX Font Info:    ... okay on input line 69.
LaTeX Font Info:    Checking defaults for OMS/cmsy/m/n on input line 69.
LaTeX Font Info:    ... okay on input line 69.
LaTeX Font Info:    Checking defaults for OMX/cmex/m/n on input line 69.
LaTeX Font Info:    ... okay on input line 69.
LaTeX Font Info:    Checking defaults for U/cmr/m/n on input line 69.
LaTeX Font Info:    ... okay on input line 69.
LaTeX Font Info:    Checking defaults for PD1/pdf/m/n on input line 69.
LaTeX Font Info:    ... okay on input line 69.

(/usr/share/texmf-texlive/tex/context/base/supp-pdf.mkii
[Loading MPS to PDF converter (version 2006.09.02).]
\scratchcounter=\count112
\scratchdimen=\dimen143
\scratchbox=\box32
\nofMPsegments=\count113
\nofMParguments=\count114
\everyMPshowfont=\toks26
\MPscratchCnt=\count115
\MPscratchDim=\dimen144
\MPnumerator=\count116
\everyMPtoPDFconversion=\toks27
)
Package hyperref Info: Link coloring OFF on input line 69.
 (/usr/share/texmf-texlive/tex/latex/hyperref/nameref.sty
Package: nameref 2007/05/29 v2.31 Cross-referencing by name of section

(/usr/share/texmf-texlive/tex/latex/oberdiek/refcount.sty
Package: refcount 2008/08/11 v3.1 Data extraction from references (HO)
)
\c@section@level=\count117
)
LaTeX Info: Redefining \ref on input line 69.
LaTeX Info: Redefining \pageref on input line 69.
 (./SAProject2.out)
(./SAProject2.out)
\@outlinefile=\write3
\openout3 = `SAProject2.out'.

\AtBeginShipoutBox=\box33
\c@lstlisting=\count118
LaTeX Font Info:    External font `cmex10' loaded for size
(Font)              <12> on input line 70.
LaTeX Font Info:    External font `cmex10' loaded for size
(Font)              <8> on input line 70.
LaTeX Font Info:    External font `cmex10' loaded for size
(Font)              <6> on input line 70.
 [1

{/var/lib/texmf/fonts/map/pdftex/updmap/pdftex.map}]
(./SAProject2.toc
LaTeX Font Info:    External font `cmex10' loaded for size
(Font)              <7> on input line 4.
LaTeX Font Info:    External font `cmex10' loaded for size
(Font)              <5> on input line 4.
 [2

])
\tf@toc=\write4
\openout4 = `SAProject2.toc'.

 [3] (./SAProject2.lof
Overfull \hbox (6.11174pt too wide) in paragraph at lines 27--27
 [][] [][]\OT1/cmr/m/n/10 The se-quence di-a-gram for re-con-fig-ur-ing the tra
ns-mis-sion fre-quency. 
 []

[4

])
\tf@lof=\write5
\openout5 = `SAProject2.lof'.

 [5]
\openout2 = `SA-Preface.aux'.

 (./SA-Preface.tex) [6


]
\openout2 = `SA-ADD.aux'.

 (./SA-ADD.tex (./L0Remes.tex
LaTeX Font Info:    Try loading font information for OMS+cmr on input line 12.

(/usr/share/texmf-texlive/tex/latex/base/omscmr.fd
File: omscmr.fd 1999/05/25 v2.5h Standard LaTeX font definitions
)
LaTeX Font Info:    Font shape `OMS/cmr/m/n' in size <10> not available
(Font)              Font shape `OMS/cmsy/m/n' tried instead on input line 12.
 [7


] [8] [9]
<../design/ADD/L0ReMeS-Report-Iteration1.jpg, id=594, 953.5625pt x 471.7625pt>
File: ../design/ADD/L0ReMeS-Report-Iteration1.jpg Graphic file (type jpg)

<use ../design/ADD/L0ReMeS-Report-Iteration1.jpg> [10pdfTeX warning (ext4): des
tination with the same identifier (name{figure.1}) has been already used, dupli
cate ignored

\AtBegShi@Output ...ipout \box \AtBeginShipoutBox 
                                                  \fi \fi 
l.137 
       <../design/ADD/L0ReMeS-Report-Iteration1.jpg>] [11])
(./L1IncomingGateway.tex [12]
<../design/ADD/L2IncomingGateway.jpg, id=611, 903.375pt x 772.8875pt>
File: ../design/ADD/L2IncomingGateway.jpg Graphic file (type jpg)

<use ../design/ADD/L2IncomingGateway.jpg> [13])
(./L1SchedulerMeasurementTrame.tex [14pdfTeX warning (ext4): destination with t
he same identifier (name{figure.2}) has been already used, duplicate ignored

\AtBegShi@Output ...ipout \box \AtBeginShipoutBox 
                                                  \fi \fi 
l.5 \paragraph
              {Architectural drivers} <../design/ADD/L2IncomingGateway.jpg>]
[15]
<../design/ADD/L2IncomingMeasurementScheduler.jpg, id=630, 893.3375pt x 531.987
5pt>
File: ../design/ADD/L2IncomingMeasurementScheduler.jpg Graphic file (type jpg)
 <use ../design/ADD/L2IncomingMeasurementScheduler.jpg>)
(./L1SchedulerAlarmTrame.tex [16pdfTeX warning (ext4): destination with the sam
e identifier (name{figure.3}) has been already used, duplicate ignored

\AtBegShi@Output ...ipout \box \AtBeginShipoutBox 
                                                  \fi \fi 
l.10 \begin{itemize}
                     <../design/ADD/L2IncomingMeasurementScheduler.jpg>]
<../design/ADD/L2IncomingAlarmScheduler.jpg, id=636, 1043.9pt x 752.8125pt>
File: ../design/ADD/L2IncomingAlarmScheduler.jpg Graphic file (type jpg)

<use ../design/ADD/L2IncomingAlarmScheduler.jpg> [17]) (./L1DataStorage.tex
[18pdfTeX warning (ext4): destination with the same identifier (name{figure.4})
 has been already used, duplicate ignored

\AtBegShi@Output ...ipout \box \AtBeginShipoutBox 
                                                  \fi \fi 
l.10 	\item \textbf
                   {AV1: } Measurement database failure\\ <../design/ADD/L2Inco
mingAlarmScheduler.jpg>] [19]
<../design/ADD/L2DataStorage.jpg, id=656, 933.4875pt x 652.4375pt>
File: ../design/ADD/L2DataStorage.jpg Graphic file (type jpg)

<use ../design/ADD/L2DataStorage.jpg>
Overfull \hbox (3.00063pt too wide) in paragraph at lines 55--59
\OT1/cmr/m/n/10 For this de-com-po-si-tion, UC8(Send Mea-sure-ment) has been co
m-pletely ad-dressed.
 []

[20pdfTeX warning (ext4): destination with the same identifier (name{figure.5})
 has been already used, duplicate ignored

\AtBegShi@Output ...ipout \box \AtBeginShipoutBox 
                                                  \fi \fi 
l.59 
      <../design/ADD/L2DataStorage.jpg>]) (./L1Watchdog.tex [21]
<../design/ADD/L2Watchdog.jpg, id=670, 692.5875pt x 491.8375pt>
File: ../design/ADD/L2Watchdog.jpg Graphic file (type jpg)

<use ../design/ADD/L2Watchdog.jpg>) (./L2TrameHandler.tex [22pdfTeX warning (ex
t4): destination with the same identifier (name{figure.6}) has been already use
d, duplicate ignored

\AtBegShi@Output ...ipout \box \AtBeginShipoutBox 
                                                  \fi \fi 
l.11 	\item \textbf
                   {AV2: Missing measurements}\\ <../design/ADD/L2Watchdog.jpg>
] <../design/ADD/L3TrameHandler.jpg, id=676, 511.9125pt x 341.275pt>
File: ../design/ADD/L3TrameHandler.jpg Graphic file (type jpg)

<use ../design/ADD/L3TrameHandler.jpg> [23]) (./L2ReplicatedBuffer.tex [24pdfTe
X warning (ext4): destination with the same identifier (name{figure.7}) has bee
n already used, duplicate ignored

\AtBegShi@Output ...ipout \box \AtBeginShipoutBox 
                                                  \fi \fi 
l.22 \end{itemize}
                   <../design/ADD/L3TrameHandler.jpg>]
<../design/ADD/L3Buffer.jpg, id=692, 622.325pt x 401.5pt>
File: ../design/ADD/L3Buffer.jpg Graphic file (type jpg)

<use ../design/ADD/L3Buffer.jpg>) (./L2DBRequestHandler.tex [25pdfTeX warning (
ext4): destination with the same identifier (name{figure.8}) has been already u
sed, duplicate ignored

\AtBegShi@Output ...ipout \box \AtBeginShipoutBox 
                                                  \fi \fi 
l.20 	\end{itemize}
                    <../design/ADD/L3Buffer.jpg>]
<../design/ADD/L3DBRequestHandler.jpg, id=701, 923.45pt x 602.25pt>
File: ../design/ADD/L3DBRequestHandler.jpg Graphic file (type jpg)

<use ../design/ADD/L3DBRequestHandler.jpg> [26pdfTeX warning (ext4): destinatio
n with the same identifier (name{figure.9}) has been already used, duplicate ig
nored

\AtBegShi@Output ...ipout \box \AtBeginShipoutBox 
                                                  \fi \fi 
l.36 
      <../design/ADD/L3DBRequestHandler.jpg>]) (./L1OtherFunctionality1.tex
[27]
<../design/ADD/L0ReMeS-Report-Iteration2.jpg, id=714, 1575.8875pt x 662.475pt>
File: ../design/ADD/L0ReMeS-Report-Iteration2.jpg Graphic file (type jpg)

<use ../design/ADD/L0ReMeS-Report-Iteration2.jpg> [28]
Overfull \vbox (56.28828pt too high) has occurred while \output is active []


[29pdfTeX warning (ext4): destination with the same identifier (name{figure.10}
) has been already used, duplicate ignored

\AtBegShi@Output ...ipout \box \AtBeginShipoutBox 
                                                  \fi \fi 
l.65 
      <../design/ADD/L0ReMeS-Report-Iteration2.jpg>])
(./L1SchedulerOutgoingTrames.tex [30]
<../design/ADD/L2OutgoingTramesScheduler.jpg, id=732, 933.4875pt x 772.8875pt>
File: ../design/ADD/L2OutgoingTramesScheduler.jpg Graphic file (type jpg)

<use ../design/ADD/L2OutgoingTramesScheduler.jpg> [31pdfTeX warning (ext4): des
tination with the same identifier (name{figure.11}) has been already used, dupl
icate ignored

\AtBegShi@Output ...ipout \box \AtBeginShipoutBox 
                                                  \fi \fi 
l.52 
      <../design/ADD/L2OutgoingTramesScheduler.jpg>]) (./L1UserNotification.tex

Overfull \hbox (2.62903pt too wide) in paragraph at lines 22--24
\OT1/cmr/m/n/10 Different schedul-ing poli-cies can be used. Cur-rently the FIF
O schedul-
 []

<../design/ADD/L2UserNotification.jpg, id=739, 913.4125pt x 883.3pt>
File: ../design/ADD/L2UserNotification.jpg Graphic file (type jpg)

<use ../design/ADD/L2UserNotification.jpg> [32]) (./L1OutgoingGateway.tex
[33pdfTeX warning (ext4): destination with the same identifier (name{figure.12}
) has been already used, duplicate ignored

\AtBegShi@Output ...ipout \box \AtBeginShipoutBox 
                                                  \fi \fi 
l.18 		\item R
              esource arbitration\\ <../design/ADD/L2UserNotification.jpg>]
Overfull \hbox (2.62903pt too wide) in paragraph at lines 18--20
\OT1/cmr/m/n/10 Different schedul-ing poli-cies can be used. Cur-rently the FIF
O schedul-
 []

<../design/ADD/L2OutgoingGateway.jpg, id=754, 933.4875pt x 652.4375pt>
File: ../design/ADD/L2OutgoingGateway.jpg Graphic file (type jpg)

<use ../design/ADD/L2OutgoingGateway.jpg>) (./L1InvoiceManager.tex [34pdfTeX wa
rning (ext4): destination with the same identifier (name{figure.13}) has been a
lready used, duplicate ignored

\AtBegShi@Output ...ipout \box \AtBeginShipoutBox 
                                                  \fi \fi 
l.2 \subsubsection
                  {Invoice manager} <../design/ADD/L2OutgoingGateway.jpg>]
Underfull \hbox (badness 10000) in paragraph at lines 22--23

 []


Underfull \hbox (badness 10000) in paragraph at lines 23--24

 []

<../design/ADD/L2InvoiceManager.jpg, id=762, 1084.05pt x 511.9125pt>
File: ../design/ADD/L2InvoiceManager.jpg Graphic file (type jpg)

<use ../design/ADD/L2InvoiceManager.jpg> [35]) (./L0RemesIteration3.tex
[36pdfTeX warning (ext4): destination with the same identifier (name{figure.14}
) has been already used, duplicate ignored

\AtBegShi@Output ...ipout \box \AtBeginShipoutBox 
                                                  \fi \fi 
l.13 	\item \textbf
                   {UC12: } Set alarm recipients <../design/ADD/L2InvoiceManage
r.jpg>] [37]) (./L1UserInterface.tex [38]
<../design/ADD/L2UserInterface.jpg, id=791, 1003.75pt x 913.4125pt>
File: ../design/ADD/L2UserInterface.jpg Graphic file (type jpg)

<use ../design/ADD/L2UserInterface.jpg>) (./L1SchedulerConsumption.tex [39pdfTe
X warning (ext4): destination with the same identifier (name{figure.15}) has be
en already used, duplicate ignored

\AtBegShi@Output ...ipout \box \AtBeginShipoutBox 
                                                  \fi \fi 
l.1 \subsubsection
                  {Scheduler for consumption prediction requests} <../design/AD
D/L2UserInterface.jpg>]
<../design/ADD/L2SchedulerPrediction.jpg, id=797, 1033.8625pt x 803.0pt>
File: ../design/ADD/L2SchedulerPrediction.jpg Graphic file (type jpg)

<use ../design/ADD/L2SchedulerPrediction.jpg> [40])
(./L1ComputationPrediction.tex
<../design/ADD/L2ComputationPrediction.jpg, id=806, 612.2875pt x 291.0875pt>
File: ../design/ADD/L2ComputationPrediction.jpg Graphic file (type jpg)

<use ../design/ADD/L2ComputationPrediction.jpg> [41pdfTeX warning (ext4): desti
nation with the same identifier (name{figure.16}) has been already used, duplic
ate ignored

\AtBegShi@Output ...ipout \box \AtBeginShipoutBox 
                                                  \fi \fi 
l.10 
      <../design/ADD/L2SchedulerPrediction.jpg>]) (./ADDAssumptions.tex
[42pdfTeX warning (ext4): destination with the same identifier (name{figure.17}
) has been already used, duplicate ignored

\AtBegShi@Output ...ipout \box \AtBeginShipoutBox 
                                                  \fi \fi 
l.22 I
      n most, if not all of the significant software projects today, logging...
 <../design/ADD/L2ComputationPrediction.jpg>]) (./ADDRemarks.tex [43]))
[44]
\openout2 = `SA-FinalArchitecture.aux'.

 (./SA-FinalArchitecture.tex
<../design/ADD/../SA-ContextDiagram.jpg, id=828, 1074.0125pt x 692.5875pt>
File: ../design/ADD/../SA-ContextDiagram.jpg Graphic file (type jpg)

<use ../design/ADD/../SA-ContextDiagram.jpg>
<../design/ADD/L0ReMeS-Report-Iteration3.jpg, id=830, 1575.8875pt x 742.775pt>
File: ../design/ADD/L0ReMeS-Report-Iteration3.jpg Graphic file (type jpg)

<use ../design/ADD/L0ReMeS-Report-Iteration3.jpg> [45


pdfTeX warning (ext4): destination with the same identifier (name{figure.18}) h
as been already used, duplicate ignored

\AtBegShi@Output ...ipout \box \AtBeginShipoutBox 
                                                  \fi \fi 
l.19 ...he final architectural diagram for ReMeS.}
                                                   <../design/ADD/../SA-Context
Diagram.jpg>] [46]
Overfull \vbox (135.08728pt too high) has occurred while \output is active []


[47pdfTeX warning (ext4): destination with the same identifier (name{figure.19}
) has been already used, duplicate ignored

\AtBegShi@Output ...ipout \box \AtBeginShipoutBox 
                                                  \fi \fi 
l.20 
      <../design/ADD/L0ReMeS-Report-Iteration3.jpg>] [48] [49]
<../design/ADD/L2OutgoingGatewayBetter.jpg, id=860, 1359.0775pt x 592.2125pt>
File: ../design/ADD/L2OutgoingGatewayBetter.jpg Graphic file (type jpg)

<use ../design/ADD/L2OutgoingGatewayBetter.jpg>
<../design/ADD/../SA-DeploymentDiagram.jpg, id=861, 1515.6625pt x 1104.125pt>
File: ../design/ADD/../SA-DeploymentDiagram.jpg Graphic file (type jpg)

<use ../design/ADD/../SA-DeploymentDiagram.jpg> [50pdfTeX warning (ext4): desti
nation with the same identifier (name{figure.20}) has been already used, duplic
ate ignored

\AtBegShi@Output ...ipout \box \AtBeginShipoutBox 
                                                  \fi \fi 
l.89 
      <../design/ADD/L2OutgoingGatewayBetter.jpg>] [51pdfTeX warning (ext4): de
stination with the same identifier (name{figure.21}) has been already used, dup
licate ignored

\AtBegShi@Output ...ipout \box \AtBeginShipoutBox 
                                                  \fi \fi 
l.102 
       <../design/ADD/../SA-DeploymentDiagram.jpg>] [52]) [53]
\openout2 = `SA-Scenarios.aux'.


(./SA-Scenarios.tex
<../design/ADD/../SD-UserProfileCreation.jpg, id=878, 1013.7875pt x 531.9875pt>
File: ../design/ADD/../SD-UserProfileCreation.jpg Graphic file (type jpg)
<use ../design/ADD/../SD-UserProfileCreation.jpg> [54


pdfTeX warning (ext4): destination with the same identifier (name{figure.22}) h
as been already used, duplicate ignored

\AtBegShi@Output ...ipout \box \AtBeginShipoutBox 
                                                  \fi \fi 
l.21 \subsection
                {User profile association with remote monitoring module} <../de
sign/ADD/../SD-UserProfileCreation.jpg>]
<../design/ADD/../SD-ProfileAssociation.jpg, id=883, 923.45pt x 381.425pt>
File: ../design/ADD/../SD-ProfileAssociation.jpg Graphic file (type jpg)

<use ../design/ADD/../SD-ProfileAssociation.jpg>
<../design/ADD/../SD-UpdateMeterManual.jpg, id=884, 983.675pt x 381.425pt>
File: ../design/ADD/../SD-UpdateMeterManual.jpg Graphic file (type jpg)

<use ../design/ADD/../SD-UpdateMeterManual.jpg>
<../design/ADD/../SD-SendInitialMeasurement.jpg, id=885, 1302.8675pt x 752.8125
pt>
File: ../design/ADD/../SD-SendInitialMeasurement.jpg Graphic file (type jpg)
 <use ../design/ADD/../SD-SendInitialMeasurement.jpg> [55pdfTeX warning (ext4):
 destination with the same identifier (name{figure.23}) has been already used, 
duplicate ignored

\AtBegShi@Output ...ipout \box \AtBeginShipoutBox 
                                                  \fi \fi 
l.30 ...sending the initial measurement to ReMeS.}
                                                   <../design/ADD/../SD-Profile
Association.jpg>] [56pdfTeX warning (ext4): destination with the same identifie
r (name{figure.24}) has been already used, duplicate ignored

\AtBegShi@Output ...ipout \box \AtBeginShipoutBox 
                                                  \fi \fi 
l.36 
     pdfTeX warning (ext4): destination with the same identifier (name{figure.2
5}) has been already used, duplicate ignored

\AtBegShi@Output ...ipout \box \AtBeginShipoutBox 
                                                  \fi \fi 
l.36 
      <../design/ADD/../SD-UpdateMeterManual.jpg> <../design/ADD/../SD-SendInit
ialMeasurement.jpg>]
<../design/ADD/../SD-TransmissionFreqReconfiguration.jpg, id=895, 1084.05pt x 5
72.1375pt>
File: ../design/ADD/../SD-TransmissionFreqReconfiguration.jpg Graphic file (typ
e jpg)
 <use ../design/ADD/../SD-TransmissionFreqReconfiguration.jpg>
[57pdfTeX warning (ext4): destination with the same identifier (name{figure.26}
) has been already used, duplicate ignored

\AtBegShi@Output ...ipout \box \AtBeginShipoutBox 
                                                  \fi \fi 
l.51 \subsection
                {Alarm notification recipient configuration} <../design/ADD/../
SD-TransmissionFreqReconfiguration.jpg>]
<../design/ADD/../SD-AlarmNotifyRecipient.jpg, id=900, 1164.35pt x 572.1375pt>
File: ../design/ADD/../SD-AlarmNotifyRecipient.jpg Graphic file (type jpg)

<use ../design/ADD/../SD-AlarmNotifyRecipient.jpg>
<../design/ADD/../SD-RemoteControl.jpg, id=901, 1656.1875pt x 712.6625pt>
File: ../design/ADD/../SD-RemoteControl.jpg Graphic file (type jpg)

<use ../design/ADD/../SD-RemoteControl.jpg> [58pdfTeX warning (ext4): destinati
on with the same identifier (name{figure.27}) has been already used, duplicate 
ignored

\AtBegShi@Output ...ipout \box \AtBeginShipoutBox 
                                                  \fi \fi 
l.58 T
      he first part of the scenario Remote control is the installation and a...
 <../design/ADD/../SD-AlarmNotifyRecipient.jpg>] [59]
Overfull \vbox (115.86603pt too high) has occurred while \output is active []


[60pdfTeX warning (ext4): destination with the same identifier (name{figure.28}
) has been already used, duplicate ignored

\AtBegShi@Output ...ipout \box \AtBeginShipoutBox 
                                                  \fi \fi 
l.58 T
      he first part of the scenario Remote control is the installation and a...
 <../design/ADD/../SD-RemoteControl.jpg>]
<../design/ADD/../SD-MeasurementDataTransmission.jpg, id=914, 1302.8675pt x 662
.475pt>
File: ../design/ADD/../SD-MeasurementDataTransmission.jpg Graphic file (type jp
g)
 <use ../design/ADD/../SD-MeasurementDataTransmission.jpg>
<../design/ADD/../SD-DataAnalysis.jpg, id=915, 1114.1625pt x 441.65pt>
File: ../design/ADD/../SD-DataAnalysis.jpg Graphic file (type jpg)

<use ../design/ADD/../SD-DataAnalysis.jpg> [61pdfTeX warning (ext4): destinatio
n with the same identifier (name{figure.29}) has been already used, duplicate i
gnored

\AtBegShi@Output ...ipout \box \AtBeginShipoutBox 
                                                  \fi \fi 
l.71 W
      hen the Data storage component receives a new measurement to store, it...
 <../design/ADD/../SD-MeasurementDataTransmission.jpg>]
<../design/ADD/../SD-UtilityProdPlanning.jpg, id=921, 1425.325pt x 692.5875pt>
File: ../design/ADD/../SD-UtilityProdPlanning.jpg Graphic file (type jpg)

<use ../design/ADD/../SD-UtilityProdPlanning.jpg> [62pdfTeX warning (ext4): des
tination with the same identifier (name{figure.30}) has been already used, dupl
icate ignored

\AtBegShi@Output ...ipout \box \AtBeginShipoutBox 
                                                  \fi \fi 
l.75 U
      tility production plannings can be requested through the Application c...
 <../design/ADD/../SD-DataAnalysis.jpg>]
Overfull \hbox (6.80502pt too wide) in paragraph at lines 80--81
\OT1/cmr/m/n/10 This sce-nario in-di-cates the reg-u-lar in-for-ma-tion ex-chan
ge be-tween UIS and ReMeS.
 []

<../design/ADD/../SD-AlarmTransmission.jpg, id=926, 1395.2125pt x 863.225pt>
File: ../design/ADD/../SD-AlarmTransmission.jpg Graphic file (type jpg)

<use ../design/ADD/../SD-AlarmTransmission.jpg> [63pdfTeX warning (ext4): desti
nation with the same identifier (name{figure.31}) has been already used, duplic
ate ignored

\AtBegShi@Output ...ipout \box \AtBeginShipoutBox 
                                                  \fi \fi 
l.83 W
      hen an alarm trame arrives at the Incoming gateway component. This tra...
 <../design/ADD/../SD-UtilityProdPlanning.jpg>]
<../design/ADD/../SD-AlarmTransmissionReMeS.jpg, id=931, 1716.4125pt x 712.6625
pt>
File: ../design/ADD/../SD-AlarmTransmissionReMeS.jpg Graphic file (type jpg)
 <use ../design/ADD/../SD-AlarmTransmissionReMeS.jpg> [64pdfTeX warning (ext4):
 destination with the same identifier (name{figure.32}) has been already used, 
duplicate ignored

\AtBegShi@Output ...ipout \box \AtBeginShipoutBox 
                                                  \fi \fi 
l.89 T
      his scenario is also completely covered by the ReMeS system. When the ...
 <../design/ADD/../SD-AlarmTransmission.jpg>]
<../design/ADD/../SD-DeactivateModule.jpg, id=936, 1174.3875pt x 572.1375pt>
File: ../design/ADD/../SD-DeactivateModule.jpg Graphic file (type jpg)

<use ../design/ADD/../SD-DeactivateModule.jpg> [65pdfTeX warning (ext4): destin
ation with the same identifier (name{figure.33}) has been already used, duplica
te ignored

\AtBegShi@Output ...ipout \box \AtBeginShipoutBox 
                                                  \fi \fi 
l.94 T
      his scenario is again very similar to the Alarm notification recipient...
 <../design/ADD/../SD-AlarmTransmissionReMeS.jpg>]
<../design/ADD/../SD-BillCreation.jpg, id=941, 1746.525pt x 732.7375pt>
File: ../design/ADD/../SD-BillCreation.jpg Graphic file (type jpg)

<use ../design/ADD/../SD-BillCreation.jpg> [66pdfTeX warning (ext4): destinatio
n with the same identifier (name{figure.34}) has been already used, duplicate i
gnored

\AtBegShi@Output ...ipout \box \AtBeginShipoutBox 
                                                  \fi \fi 
l.98 C
      reating a bill is fully implemented in our ReMeS system. The only part...
 <../design/ADD/../SD-DeactivateModule.jpg>] [67]
Overfull \vbox (64.69568pt too high) has occurred while \output is active []


[68pdfTeX warning (ext4): destination with the same identifier (name{figure.35}
) has been already used, duplicate ignored

\AtBegShi@Output ...ipout \box \AtBeginShipoutBox 
                                                  \fi \fi 
l.98 C
      reating a bill is fully implemented in our ReMeS system. The only part...
 <../design/ADD/../SD-BillCreation.jpg>]
<../design/ADD/../SD-BillPaymentReceived.jpg, id=955, 1184.425pt x 572.1375pt>
File: ../design/ADD/../SD-BillPaymentReceived.jpg Graphic file (type jpg)

<use ../design/ADD/../SD-BillPaymentReceived.jpg>) [69pdfTeX warning (ext4): de
stination with the same identifier (name{figure.36}) has been already used, dup
licate ignored

\AtBegShi@Output ...ipout \box \AtBeginShipoutBox 
                                                  \fi \fi 
l.81 \include{SA-Scenarios}
                            <../design/ADD/../SD-BillPaymentReceived.jpg>]
\openout2 = `SA-Appendix.aux'.


(./SA-Appendix.tex (./SA-ElementCatalog.tex [70


] [71] [72] [73] [74] [75]
[76] [77] [78]) (./SA-InterfaceDescription.tex
(./SAI-IAcknowledgementHandler.tex) (./SAI-IAnomalyDetector.tex [79])
(./SAI-IAuthenticator.tex) (./SAI-IBillSender.tex [80]) (./SAI-IBroker.tex)
(./SAI-IBuffer.tex [81]) (./SAI-ICompute.tex [82]) (./SAI-IDataBase.tex
[83]) (./SAI-IExecuter.tex) (./SAI-IHeartBeat.tex) (./SAI-IHeartBeatTable.tex
[84]) (./SAI-IInvoiceGenerator.tex [85]) (./SAI-IMeasProc.tex)
(./SAI-IPredictionScheduler.tex) (./SAI-IPublishable.tex [86])
(./SAI-IReqCache.tex) (./SAI-IScheduler.tex [87]) (./SAI-ISender.tex)
(./SAI-ISubscribable.tex [88]) (./SAI-ITrameSender.tex) (./SAI-IUIS.tex
[89]) (./SAI-IUserInteraction.tex [90] [91]) (./SAI-IUserNotifier.tex)))
[92] (./SAProject2.aux (./SA-Preface.aux) (./SA-ADD.aux)
(./SA-FinalArchitecture.aux) (./SA-Scenarios.aux) (./SA-Appendix.aux)) ) 
Here is how much of TeX's memory you used:
 7343 strings out of 495061
 111164 string characters out of 1182620
 202627 words of memory out of 3000000
 9769 multiletter control sequences out of 15000+50000
 8194 words of font info for 29 fonts, out of 3000000 for 9000
 28 hyphenation exceptions out of 8191
 38i,10n,72p,646b,410s stack positions out of 5000i,500n,10000p,200000b,50000s
</usr/s
hare/texmf-texlive/fonts/type1/public/amsfonts/cm/cmbx10.pfb></usr/share/texmf-
texlive/fonts/type1/public/amsfonts/cm/cmbx12.pfb></usr/share/texmf-texlive/fon
ts/type1/public/amsfonts/cm/cmr10.pfb></usr/share/texmf-texlive/fonts/type1/pub
lic/amsfonts/cm/cmr12.pfb></usr/share/texmf-texlive/fonts/type1/public/amsfonts
/cm/cmr17.pfb></usr/share/texmf-texlive/fonts/type1/public/amsfonts/cm/cmsy10.p
fb>
Output written on SAProject2.pdf (92 pages, 2300358 bytes).
PDF statistics:
 1314 PDF objects out of 1440 (max. 8388607)
 433 named destinations out of 1000 (max. 500000)
 909 words of extra memory for PDF output out of 10000 (max. 10000000)

