\BOOKMARK [1][-]{section.1}{Preface}{}
\BOOKMARK [1][-]{section.2}{Attribute Driven Design \(ADD\)}{}
\BOOKMARK [2][-]{subsection.2.1}{Iteration 1: Level 0}{section.2}
\BOOKMARK [3][-]{subsubsection.2.1.1}{ReMeS}{subsection.2.1}
\BOOKMARK [2][-]{subsection.2.2}{Iteration 1: Level 1}{section.2}
\BOOKMARK [3][-]{subsubsection.2.2.1}{Incoming gateway}{subsection.2.2}
\BOOKMARK [3][-]{subsubsection.2.2.2}{Scheduler for incoming measurement trames}{subsection.2.2}
\BOOKMARK [3][-]{subsubsection.2.2.3}{Scheduler for incoming alarm trames}{subsection.2.2}
\BOOKMARK [3][-]{subsubsection.2.2.4}{Data Storage}{subsection.2.2}
\BOOKMARK [3][-]{subsubsection.2.2.5}{Watchdog}{subsection.2.2}
\BOOKMARK [2][-]{subsection.2.3}{Iteration 1: Level 2}{section.2}
\BOOKMARK [3][-]{subsubsection.2.3.1}{Trame Handler}{subsection.2.3}
\BOOKMARK [3][-]{subsubsection.2.3.2}{Buffer}{subsection.2.3}
\BOOKMARK [3][-]{subsubsection.2.3.3}{DB Request Handler}{subsection.2.3}
\BOOKMARK [2][-]{subsection.2.4}{Iteration 2: Level 1}{section.2}
\BOOKMARK [3][-]{subsubsection.2.4.1}{Other functionality}{subsection.2.4}
\BOOKMARK [3][-]{subsubsection.2.4.2}{Scheduler for outgoing trames}{subsection.2.4}
\BOOKMARK [3][-]{subsubsection.2.4.3}{User notification}{subsection.2.4}
\BOOKMARK [3][-]{subsubsection.2.4.4}{Outgoing gateway}{subsection.2.4}
\BOOKMARK [3][-]{subsubsection.2.4.5}{Invoice manager}{subsection.2.4}
\BOOKMARK [2][-]{subsection.2.5}{Iteration 3: Level 1}{section.2}
\BOOKMARK [3][-]{subsubsection.2.5.1}{ReMeS}{subsection.2.5}
\BOOKMARK [3][-]{subsubsection.2.5.2}{User Interaction}{subsection.2.5}
\BOOKMARK [3][-]{subsubsection.2.5.3}{Scheduler for consumption prediction requests}{subsection.2.5}
\BOOKMARK [3][-]{subsubsection.2.5.4}{Computation of consumption prediction}{subsection.2.5}
\BOOKMARK [2][-]{subsection.2.6}{Assumptions}{section.2}
\BOOKMARK [2][-]{subsection.2.7}{Remarks}{section.2}
\BOOKMARK [1][-]{section.3}{Final Architecture Design}{}
\BOOKMARK [2][-]{subsection.3.1}{Context diagram}{section.3}
\BOOKMARK [2][-]{subsection.3.2}{Overall component diagram}{section.3}
\BOOKMARK [3][-]{subsubsection.3.2.1}{Core functionality}{subsection.3.2}
\BOOKMARK [2][-]{subsection.3.3}{Decomposition component diagrams}{section.3}
\BOOKMARK [2][-]{subsection.3.4}{Deployment diagram}{section.3}
\BOOKMARK [3][-]{subsubsection.3.4.1}{Device Nodes}{subsection.3.4}
\BOOKMARK [3][-]{subsubsection.3.4.2}{Communication protocols}{subsection.3.4}
\BOOKMARK [1][-]{section.4}{Scenarios}{}
\BOOKMARK [2][-]{subsection.4.1}{Notes}{section.4}
\BOOKMARK [2][-]{subsection.4.2}{User profile creation}{section.4}
\BOOKMARK [2][-]{subsection.4.3}{User profile association with remote monitoring module}{section.4}
\BOOKMARK [2][-]{subsection.4.4}{Installation and initialization}{section.4}
\BOOKMARK [2][-]{subsection.4.5}{Transmission frequency reconfiguration}{section.4}
\BOOKMARK [2][-]{subsection.4.6}{Troubleshooting}{section.4}
\BOOKMARK [2][-]{subsection.4.7}{Alarm notification recipient configuration}{section.4}
\BOOKMARK [2][-]{subsection.4.8}{Remote control}{section.4}
\BOOKMARK [2][-]{subsection.4.9}{Normal measurement data transmission}{section.4}
\BOOKMARK [2][-]{subsection.4.10}{Individual data analysis}{section.4}
\BOOKMARK [2][-]{subsection.4.11}{Utility production planning analysis}{section.4}
\BOOKMARK [2][-]{subsection.4.12}{Information exchange towards the UIS}{section.4}
\BOOKMARK [2][-]{subsection.4.13}{Alarm data transmission: remote monitoring module}{section.4}
\BOOKMARK [2][-]{subsection.4.14}{Alarm data transmission: ReMeS}{section.4}
\BOOKMARK [2][-]{subsection.4.15}{Remote control module de-activation}{section.4}
\BOOKMARK [2][-]{subsection.4.16}{New bill creation}{section.4}
\BOOKMARK [2][-]{subsection.4.17}{Bill payment is received}{section.4}
\BOOKMARK [1][-]{section.5}{Appendix}{}
\BOOKMARK [2][-]{subsection.5.1}{Element Catalog}{section.5}
\BOOKMARK [3][-]{subsubsection.5.1.1}{Incoming gateway}{subsection.5.1}
\BOOKMARK [3][-]{subsubsection.5.1.2}{Scheduler for incoming alarm trames}{subsection.5.1}
\BOOKMARK [3][-]{subsubsection.5.1.3}{Scheduler for outgoing trames}{subsection.5.1}
\BOOKMARK [3][-]{subsubsection.5.1.4}{Outgoing gateway}{subsection.5.1}
\BOOKMARK [3][-]{subsubsection.5.1.5}{User notification}{subsection.5.1}
\BOOKMARK [3][-]{subsubsection.5.1.6}{Scheduler for incoming measurement trames}{subsection.5.1}
\BOOKMARK [3][-]{subsubsection.5.1.7}{Watchdog}{subsection.5.1}
\BOOKMARK [3][-]{subsubsection.5.1.8}{Invoice manager}{subsection.5.1}
\BOOKMARK [3][-]{subsubsection.5.1.9}{Computation of consumption prediction}{subsection.5.1}
\BOOKMARK [3][-]{subsubsection.5.1.10}{Scheduler for consumption prediction requests}{subsection.5.1}
\BOOKMARK [3][-]{subsubsection.5.1.11}{User interaction}{subsection.5.1}
\BOOKMARK [3][-]{subsubsection.5.1.12}{Data storage}{subsection.5.1}
\BOOKMARK [2][-]{subsection.5.2}{Interface descriptions}{section.5}
\BOOKMARK [3][-]{subsubsection.5.2.1}{IAcknowledgementHandler}{subsection.5.2}
\BOOKMARK [3][-]{subsubsection.5.2.2}{IAnomalyDetector}{subsection.5.2}
\BOOKMARK [3][-]{subsubsection.5.2.3}{IAuthenticator}{subsection.5.2}
\BOOKMARK [3][-]{subsubsection.5.2.4}{IBillSender}{subsection.5.2}
\BOOKMARK [3][-]{subsubsection.5.2.5}{IBroker}{subsection.5.2}
\BOOKMARK [3][-]{subsubsection.5.2.6}{IBuffer}{subsection.5.2}
\BOOKMARK [3][-]{subsubsection.5.2.7}{ICompute}{subsection.5.2}
\BOOKMARK [3][-]{subsubsection.5.2.8}{IDataBase}{subsection.5.2}
\BOOKMARK [3][-]{subsubsection.5.2.9}{IExecuter}{subsection.5.2}
\BOOKMARK [3][-]{subsubsection.5.2.10}{IHeartBeat}{subsection.5.2}
\BOOKMARK [3][-]{subsubsection.5.2.11}{IHeartBeatTable}{subsection.5.2}
\BOOKMARK [3][-]{subsubsection.5.2.12}{IInvoiceGenerator}{subsection.5.2}
\BOOKMARK [3][-]{subsubsection.5.2.13}{IMeasProc}{subsection.5.2}
\BOOKMARK [3][-]{subsubsection.5.2.14}{IPredictionScheduler}{subsection.5.2}
\BOOKMARK [3][-]{subsubsection.5.2.15}{IPublishable}{subsection.5.2}
\BOOKMARK [3][-]{subsubsection.5.2.16}{IReqCache}{subsection.5.2}
\BOOKMARK [3][-]{subsubsection.5.2.17}{IScheduler}{subsection.5.2}
\BOOKMARK [3][-]{subsubsection.5.2.18}{ISender}{subsection.5.2}
\BOOKMARK [3][-]{subsubsection.5.2.19}{ISubscribable}{subsection.5.2}
\BOOKMARK [3][-]{subsubsection.5.2.20}{ITrameSender}{subsection.5.2}
\BOOKMARK [3][-]{subsubsection.5.2.21}{IUIS}{subsection.5.2}
\BOOKMARK [3][-]{subsubsection.5.2.22}{IUserInteraction}{subsection.5.2}
\BOOKMARK [3][-]{subsubsection.5.2.23}{IUserNotifier}{subsection.5.2}
